Log file open, 07/03/22 20:03:49
LogWindows: Failed to load 'aqProf.dll' (GetLastError=126)
LogWindows: File 'aqProf.dll' does not exist
LogWindows: Failed to load 'VtuneApi.dll' (GetLastError=126)
LogWindows: File 'VtuneApi.dll' does not exist
LogWindows: Failed to load 'VtuneApi32e.dll' (GetLastError=126)
LogWindows: File 'VtuneApi32e.dll' does not exist
LogConsoleResponse: Display: Failed to find resolution value strings in scalability ini. Falling back to default.
LogConsoleResponse: Display: Failed to find resolution value strings in scalability ini. Falling back to default.
LogInit: Display: Running engine for game: gamejam
LogPlatformFile: Not using cached read wrapper
LogTaskGraph: Started task graph with 5 named threads and 23 total threads with 3 sets of task threads.
LogStats: Stats thread started at 0.340761
LogICUInternationalization: ICU TimeZone Detection - Raw Offset: +2:00, Platform Override: ''
LogInit: Display: Loading text-based GConfig....
LogPluginManager: Mounting plugin MegascansPlugin
LogPluginManager: Mounting plugin MeshPainting
LogPluginManager: Mounting plugin XGEController
LogPluginManager: Mounting plugin Paper2D
LogPluginManager: Mounting plugin AISupport
LogPluginManager: Mounting plugin EnvironmentQueryEditor
LogPluginManager: Mounting plugin LiveLink
LogPluginManager: Mounting plugin GameplayCameras
LogPluginManager: Mounting plugin CameraShakePreviewer
LogPluginManager: Mounting plugin OodleData
LogPluginManager: Mounting plugin OodleNetwork
LogPluginManager: Mounting plugin DatasmithContent
LogPluginManager: Mounting plugin VariantManagerContent
LogPluginManager: Mounting plugin AssetManagerEditor
LogPluginManager: Mounting plugin CurveEditorTools
LogPluginManager: Mounting plugin CryptoKeys
LogPluginManager: Mounting plugin DataValidation
LogPluginManager: Mounting plugin EditorScriptingUtilities
LogPluginManager: Mounting plugin FacialAnimation
LogPluginManager: Mounting plugin GameplayTagsEditor
LogPluginManager: Mounting plugin GeometryMode
LogPluginManager: Mounting plugin MacGraphicsSwitching
LogPluginManager: Mounting plugin MaterialAnalyzer
LogPluginManager: Mounting plugin PluginBrowser
LogPluginManager: Mounting plugin SpeedTreeImporter
LogPluginManager: Mounting plugin MobileLauncherProfileWizard
LogPluginManager: Mounting plugin AlembicImporter
LogPluginManager: Mounting plugin AutomationUtils
LogPluginManager: Mounting plugin BackChannel
LogPluginManager: Mounting plugin ChaosCloth
LogPluginManager: Mounting plugin ChaosClothEditor
LogPluginManager: Mounting plugin ChaosEditor
LogPluginManager: Mounting plugin ChaosSolverPlugin
LogPluginManager: Mounting plugin ChaosNiagara
LogPluginManager: Mounting plugin CharacterAI
LogPluginManager: Mounting plugin Niagara
LogPluginManager: Mounting plugin GeometryCache
LogPluginManager: Mounting plugin GeometryCollectionPlugin
LogPluginManager: Mounting plugin GeometryProcessing
LogPluginManager: Mounting plugin LuminPlatformFeatures
LogPluginManager: Mounting plugin MotoSynth
LogPluginManager: Mounting plugin OpenImageDenoise
LogPluginManager: Mounting plugin MagicLeap
LogPluginManager: Mounting plugin PythonScriptPlugin
LogPluginManager: Mounting plugin PlatformCrypto
LogPluginManager: Mounting plugin PlanarCut
LogPluginManager: Mounting plugin ProxyLODPlugin
LogPluginManager: Mounting plugin MagicLeapLightEstimation
LogPluginManager: Mounting plugin MagicLeapMedia
LogPluginManager: Mounting plugin MagicLeapPassableWorld
LogPluginManager: Mounting plugin MLSDK
LogPluginManager: Mounting plugin SkeletalReduction
LogPluginManager: Mounting plugin AvfMedia
LogPluginManager: Mounting plugin AndroidMedia
LogPluginManager: Mounting plugin ImgMedia
LogPluginManager: Mounting plugin MediaPlayerEditor
LogPluginManager: Mounting plugin MediaCompositing
LogPluginManager: Mounting plugin WmfMedia
LogPluginManager: Mounting plugin WebMMedia
LogPluginManager: Mounting plugin TcpMessaging
LogPluginManager: Mounting plugin UdpMessaging
LogPluginManager: Mounting plugin ActorSequence
LogPluginManager: Mounting plugin LevelSequenceEditor
LogPluginManager: Mounting plugin MatineeToLevelSequence
LogPluginManager: Mounting plugin TemplateSequence
LogPluginManager: Mounting plugin OnlineSubsystem
LogPluginManager: Mounting plugin OnlineSubsystemNull
LogPluginManager: Mounting plugin OnlineSubsystemUtils
LogPluginManager: Mounting plugin LauncherChunkInstaller
LogPluginManager: Mounting plugin ActorLayerUtilities
LogPluginManager: Mounting plugin AndroidMoviePlayer
LogPluginManager: Mounting plugin AndroidDeviceProfileSelector
LogPluginManager: Mounting plugin AndroidPermission
LogPluginManager: Mounting plugin AppleImageUtils
LogPluginManager: Mounting plugin AppleMoviePlayer
LogPluginManager: Mounting plugin ArchVisCharacter
LogPluginManager: Mounting plugin AssetTags
LogPluginManager: Mounting plugin AudioCapture
LogPluginManager: Mounting plugin AudioSynesthesia
LogPluginManager: Mounting plugin CableComponent
LogPluginManager: Mounting plugin ChunkDownloader
LogPluginManager: Mounting plugin CustomMeshComponent
LogPluginManager: Mounting plugin ExampleDeviceProfileSelector
LogPluginManager: Mounting plugin EditableMesh
LogPluginManager: Mounting plugin GoogleCloudMessaging
LogPluginManager: Mounting plugin GooglePAD
LogPluginManager: Mounting plugin IOSDeviceProfileSelector
LogPluginManager: Mounting plugin LinuxDeviceProfileSelector
LogPluginManager: Mounting plugin LocationServicesBPLibrary
LogPluginManager: Mounting plugin MobilePatchingUtils
LogPluginManager: Mounting plugin OpenXR
LogPluginManager: Mounting plugin OpenXREyeTracker
LogPluginManager: Mounting plugin OpenXRHandTracking
LogPluginManager: Mounting plugin PhysXVehicles
LogPluginManager: Mounting plugin PostSplashScreen
LogPluginManager: Mounting plugin ProceduralMeshComponent
LogPluginManager: Mounting plugin PropertyAccessEditor
LogPluginManager: Mounting plugin RuntimePhysXCooking
LogPluginManager: Mounting plugin SignificanceManager
LogPluginManager: Mounting plugin SoundFields
LogPluginManager: Mounting plugin Synthesis
LogPluginManager: Mounting plugin WebMMoviePlayer
LogPluginManager: Mounting plugin WindowsMoviePlayer
LogPluginManager: Mounting plugin ScreenshotTools
LogPluginManager: Mounting plugin Takes
LogPluginManager: Mounting plugin LightPropagationVolume
LogPluginManager: Mounting plugin AnimationSharing
LogPluginManager: Mounting plugin CodeLiteSourceCodeAccess
LogPluginManager: Mounting plugin CLionSourceCodeAccess
LogPluginManager: Mounting plugin KDevelopSourceCodeAccess
LogPluginManager: Mounting plugin NullSourceCodeAccess
LogPluginManager: Mounting plugin GitSourceControl
LogPluginManager: Mounting plugin PerforceSourceControl
LogPluginManager: Mounting plugin PixWinPlugin
LogPluginManager: Mounting plugin PlasticSourceControl
LogPluginManager: Mounting plugin PluginUtils
LogPluginManager: Mounting plugin PropertyAccessNode
LogPluginManager: Mounting plugin SubversionSourceControl
LogPluginManager: Mounting plugin RiderSourceCodeAccess
LogPluginManager: Mounting plugin TextureFormatOodle
LogPluginManager: Mounting plugin UObjectPlugin
LogPluginManager: Mounting plugin VisualStudioSourceCodeAccess
LogPluginManager: Mounting plugin XCodeSourceCodeAccess
LogPluginManager: Mounting plugin VisualStudioCodeSourceCodeAccess
LogPluginManager: Mounting plugin ContentBrowserClassDataSource
LogPluginManager: Mounting plugin ContentBrowserFileDataSource
LogPluginManager: Mounting plugin ContentBrowserAssetDataSource
LogPluginManager: Mounting plugin OnlineSubsystemGooglePlay
LogPluginManager: Mounting plugin OnlineSubsystemIOS
LogPluginManager: Mounting plugin DatabaseSupport
LogPluginManager: Mounting plugin SQLiteSupport
LogPluginManager: Mounting plugin SQLiteCore
LogPluginManager: Mounting plugin OculusVR
LogPluginManager: Mounting plugin SteamVR
LogInit: Using libcurl 7.55.1-DEV
LogInit:  - built for x86_64-pc-win32
LogInit:  - supports SSL with OpenSSL/1.1.1
LogInit:  - supports HTTP deflate (compression) using libz 1.2.8
LogInit:  - other features:
LogInit:      CURL_VERSION_SSL
LogInit:      CURL_VERSION_LIBZ
LogInit:      CURL_VERSION_IPV6
LogInit:      CURL_VERSION_ASYNCHDNS
LogInit:      CURL_VERSION_LARGEFILE
LogInit:      CURL_VERSION_IDN
LogInit:  CurlRequestOptions (configurable via config and command line):
LogInit:  - bVerifyPeer = true  - Libcurl will verify peer certificate
LogInit:  - bUseHttpProxy = false  - Libcurl will NOT use HTTP proxy
LogInit:  - bDontReuseConnections = false  - Libcurl will reuse connections
LogInit:  - MaxHostConnections = 16  - Libcurl will limit the number of connections to a host
LogInit:  - LocalHostAddr = Default
LogInit:  - BufferSize = 65536
LogOnline: OSS: Creating online subsystem instance for: NULL
LogInit: WinSock: version 1.1 (2.2), MaxSocks=32767, MaxUdp=65467
LogOnline: OSS: TryLoadSubsystemAndSetDefault: Loaded subsystem for module [NULL]
PixWinPlugin: PIX capture plugin failed to initialize! Check that the process is launched from PIX.
LogOculusPluginWrapper: OculusPlugin initialized successfully
LogHMD: Failed initializing OVRPlugin 1.59.0
LogInit: Build: ++UE4+Release-4.27-CL-18319896
LogInit: Engine Version: 4.27.2-18319896+++UE4+Release-4.27
LogInit: Compatible Engine Version: 4.27.0-17155196+++UE4+Release-4.27
LogInit: Net CL: 17155196
LogInit: OS: Windows 10 (Release 2009) (), CPU: AMD Ryzen 5 2500U with Radeon Vega Mobile Gfx  , GPU: AMD Radeon(TM) Vega 8 Graphics
LogInit: Compiled (64-bit): Nov 30 2021 07:12:08
LogInit: Compiled with Visual C++: 19.24.28315.00
LogInit: Build Configuration: Development
LogInit: Branch Name: ++UE4+Release-4.27
LogInit: Command Line: 
LogInit: Base Directory: C:/Program Files/Epic Games/UE_4.27/Engine/Binaries/Win64/
LogInit: Allocator: TBB
LogInit: Installed Engine Build: 1
LogDevObjectVersion: Number of dev versions registered: 29
LogDevObjectVersion:   Dev-Blueprints (B0D832E4-1F89-4F0D-ACCF-7EB736FD4AA2): 10
LogDevObjectVersion:   Dev-Build (E1C64328-A22C-4D53-A36C-8E866417BD8C): 0
LogDevObjectVersion:   Dev-Core (375EC13C-06E4-48FB-B500-84F0262A717E): 4
LogDevObjectVersion:   Dev-Editor (E4B068ED-F494-42E9-A231-DA0B2E46BB41): 40
LogDevObjectVersion:   Dev-Framework (CFFC743F-43B0-4480-9391-14DF171D2073): 37
LogDevObjectVersion:   Dev-Mobile (B02B49B5-BB20-44E9-A304-32B752E40360): 3
LogDevObjectVersion:   Dev-Networking (A4E4105C-59A1-49B5-A7C5-40C4547EDFEE): 0
LogDevObjectVersion:   Dev-Online (39C831C9-5AE6-47DC-9A44-9C173E1C8E7C): 0
LogDevObjectVersion:   Dev-Physics (78F01B33-EBEA-4F98-B9B4-84EACCB95AA2): 14
LogDevObjectVersion:   Dev-Platform (6631380F-2D4D-43E0-8009-CF276956A95A): 0
LogDevObjectVersion:   Dev-Rendering (12F88B9F-8875-4AFC-A67C-D90C383ABD29): 45
LogDevObjectVersion:   Dev-Sequencer (7B5AE74C-D270-4C10-A958-57980B212A5A): 13
LogDevObjectVersion:   Dev-VR (D7296918-1DD6-4BDD-9DE2-64A83CC13884): 3
LogDevObjectVersion:   Dev-LoadTimes (C2A15278-BFE7-4AFE-6C17-90FF531DF755): 1
LogDevObjectVersion:   Private-Geometry (6EACA3D4-40EC-4CC1-B786-8BED09428FC5): 3
LogDevObjectVersion:   Dev-AnimPhys (29E575DD-E0A3-4627-9D10-D276232CDCEA): 17
LogDevObjectVersion:   Dev-Anim (AF43A65D-7FD3-4947-9873-3E8ED9C1BB05): 15
LogDevObjectVersion:   Dev-ReflectionCapture (6B266CEC-1EC7-4B8F-A30B-E4D90942FC07): 1
LogDevObjectVersion:   Dev-Automation (0DF73D61-A23F-47EA-B727-89E90C41499A): 1
LogDevObjectVersion:   FortniteMain (601D1886-AC64-4F84-AA16-D3DE0DEAC7D6): 47
LogDevObjectVersion:   FortniteRelease (E7086368-6B23-4C58-8439-1B7016265E91): 1
LogDevObjectVersion:   Dev-Enterprise (9DFFBCD6-494F-0158-E221-12823C92A888): 10
LogDevObjectVersion:   Dev-Niagara (F2AED0AC-9AFE-416F-8664-AA7FFA26D6FC): 1
LogDevObjectVersion:   Dev-Destruction (174F1F0B-B4C6-45A5-B13F-2EE8D0FB917D): 10
LogDevObjectVersion:   Dev-Physics-Ext (35F94A83-E258-406C-A318-09F59610247C): 41
LogDevObjectVersion:   Dev-PhysicsMaterial-Chaos (B68FC16E-8B1B-42E2-B453-215C058844FE): 1
LogDevObjectVersion:   Dev-CineCamera (B2E18506-4273-CFC2-A54E-F4BB758BBA07): 1
LogDevObjectVersion:   Dev-VirtualProduction (64F58936-FD1B-42BA-BA96-7289D5D0FA4E): 1
LogDevObjectVersion:   Dev-MediaFramework (6F0ED827-A609-4895-9C91-998D90180EA4): 2
LogInit: Presizing for max 25165824 objects, including 0 objects not considered by GC, pre-allocating 0 bytes for permanent pool.
LogConfig: Applying CVar settings from Section [/Script/Engine.StreamingSettings] File [C:/Users/Window's-10/Documents/GitHub/gamejam/gamejam 4.27/Saved/Config/Windows/Engine.ini]
LogConfig: Setting CVar [[s.MinBulkDataSizeForAsyncLoading:131072]]
LogConfig: Setting CVar [[s.AsyncLoadingThreadEnabled:0]]
LogConfig: Setting CVar [[s.EventDrivenLoaderEnabled:1]]
LogConfig: Setting CVar [[s.WarnIfTimeLimitExceeded:0]]
LogConfig: Setting CVar [[s.TimeLimitExceededMultiplier:1.5]]
LogConfig: Setting CVar [[s.TimeLimitExceededMinTime:0.005]]
LogConfig: Setting CVar [[s.UseBackgroundLevelStreaming:1]]
LogConfig: Setting CVar [[s.PriorityAsyncLoadingExtraTime:15.0]]
LogConfig: Setting CVar [[s.LevelStreamingActorsUpdateTimeLimit:5.0]]
LogConfig: Setting CVar [[s.PriorityLevelStreamingActorsUpdateExtraTime:5.0]]
LogConfig: Setting CVar [[s.LevelStreamingComponentsRegistrationGranularity:10]]
LogConfig: Setting CVar [[s.UnregisterComponentsTimeLimit:1.0]]
LogConfig: Setting CVar [[s.LevelStreamingComponentsUnregistrationGranularity:5]]
LogConfig: Setting CVar [[s.FlushStreamingOnExit:1]]
LogInit: Object subsystem initialized
LogConfig: Setting CVar [[con.DebugEarlyDefault:1]]
LogConfig: Setting CVar [[r.setres:1280x720]]
[2022.07.03-18.03.50:002][  0]LogConfig: Setting CVar [[r.VSync:0]]
[2022.07.03-18.03.50:002][  0]LogConfig: Setting CVar [[r.RHICmdBypass:0]]
[2022.07.03-18.03.50:002][  0]LogConfig: Applying CVar settings from Section [/Script/Engine.RendererSettings] File [C:/Users/Window's-10/Documents/GitHub/gamejam/gamejam 4.27/Saved/Config/Windows/Engine.ini]
[2022.07.03-18.03.50:003][  0]LogConfig: Setting CVar [[r.GPUCrashDebugging:0]]
[2022.07.03-18.03.50:003][  0]LogConfig: Applying CVar settings from Section [/Script/Engine.RendererOverrideSettings] File [C:/Users/Window's-10/Documents/GitHub/gamejam/gamejam 4.27/Saved/Config/Windows/Engine.ini]
[2022.07.03-18.03.50:003][  0]LogConfig: Applying CVar settings from Section [/Script/Engine.StreamingSettings] File [C:/Users/Window's-10/Documents/GitHub/gamejam/gamejam 4.27/Saved/Config/Windows/Engine.ini]
[2022.07.03-18.03.50:003][  0]LogConfig: Setting CVar [[s.MinBulkDataSizeForAsyncLoading:131072]]
[2022.07.03-18.03.50:003][  0]LogConfig: Setting CVar [[s.AsyncLoadingThreadEnabled:0]]
[2022.07.03-18.03.50:003][  0]LogConfig: Setting CVar [[s.EventDrivenLoaderEnabled:1]]
[2022.07.03-18.03.50:003][  0]LogConfig: Setting CVar [[s.WarnIfTimeLimitExceeded:0]]
[2022.07.03-18.03.50:003][  0]LogConfig: Setting CVar [[s.TimeLimitExceededMultiplier:1.5]]
[2022.07.03-18.03.50:003][  0]LogConfig: Setting CVar [[s.TimeLimitExceededMinTime:0.005]]
[2022.07.03-18.03.50:003][  0]LogConfig: Setting CVar [[s.UseBackgroundLevelStreaming:1]]
[2022.07.03-18.03.50:003][  0]LogConfig: Setting CVar [[s.PriorityAsyncLoadingExtraTime:15.0]]
[2022.07.03-18.03.50:003][  0]LogConfig: Setting CVar [[s.LevelStreamingActorsUpdateTimeLimit:5.0]]
[2022.07.03-18.03.50:003][  0]LogConfig: Setting CVar [[s.PriorityLevelStreamingActorsUpdateExtraTime:5.0]]
[2022.07.03-18.03.50:003][  0]LogConfig: Setting CVar [[s.LevelStreamingComponentsRegistrationGranularity:10]]
[2022.07.03-18.03.50:003][  0]LogConfig: Setting CVar [[s.UnregisterComponentsTimeLimit:1.0]]
[2022.07.03-18.03.50:003][  0]LogConfig: Setting CVar [[s.LevelStreamingComponentsUnregistrationGranularity:5]]
[2022.07.03-18.03.50:003][  0]LogConfig: Setting CVar [[s.FlushStreamingOnExit:1]]
[2022.07.03-18.03.50:003][  0]LogConfig: Applying CVar settings from Section [/Script/Engine.GarbageCollectionSettings] File [C:/Users/Window's-10/Documents/GitHub/gamejam/gamejam 4.27/Saved/Config/Windows/Engine.ini]
[2022.07.03-18.03.50:003][  0]LogConfig: Setting CVar [[gc.MaxObjectsNotConsideredByGC:1]]
[2022.07.03-18.03.50:003][  0]LogConfig: Setting CVar [[gc.SizeOfPermanentObjectPool:0]]
[2022.07.03-18.03.50:003][  0]LogConfig: Setting CVar [[gc.FlushStreamingOnGC:0]]
[2022.07.03-18.03.50:003][  0]LogConfig: Setting CVar [[gc.NumRetriesBeforeForcingGC:10]]
[2022.07.03-18.03.50:003][  0]LogConfig: Setting CVar [[gc.AllowParallelGC:1]]
[2022.07.03-18.03.50:003][  0]LogConfig: Setting CVar [[gc.TimeBetweenPurgingPendingKillObjects:61.1]]
[2022.07.03-18.03.50:003][  0]LogConfig: Setting CVar [[gc.MaxObjectsInEditor:25165824]]
[2022.07.03-18.03.50:003][  0]LogConfig: Setting CVar [[gc.IncrementalBeginDestroyEnabled:1]]
[2022.07.03-18.03.50:003][  0]LogConfig: Setting CVar [[gc.CreateGCClusters:1]]
[2022.07.03-18.03.50:003][  0]LogConfig: Setting CVar [[gc.MinGCClusterSize:5]]
[2022.07.03-18.03.50:003][  0]LogConfig: Setting CVar [[gc.ActorClusteringEnabled:0]]
[2022.07.03-18.03.50:003][  0]LogConfig: Setting CVar [[gc.BlueprintClusteringEnabled:0]]
[2022.07.03-18.03.50:003][  0]LogConfig: Setting CVar [[gc.UseDisregardForGCOnDedicatedServers:0]]
[2022.07.03-18.03.50:003][  0]LogConfig: Setting CVar [[gc.MultithreadedDestructionEnabled:1]]
[2022.07.03-18.03.50:003][  0]LogConfig: Applying CVar settings from Section [/Script/Engine.NetworkSettings] File [C:/Users/Window's-10/Documents/GitHub/gamejam/gamejam 4.27/Saved/Config/Windows/Engine.ini]
[2022.07.03-18.03.50:003][  0]LogConfig: Applying CVar settings from Section [/Script/UnrealEd.CookerSettings] File [C:/Users/Window's-10/Documents/GitHub/gamejam/gamejam 4.27/Saved/Config/Windows/Engine.ini]
[2022.07.03-18.03.50:010][  0]LogConfig: Applying CVar settings from Section [ViewDistanceQuality@3] File [C:/Users/Window's-10/Documents/GitHub/gamejam/gamejam 4.27/Saved/Config/Windows/Scalability.ini]
[2022.07.03-18.03.50:010][  0]LogConfig: Setting CVar [[r.SkeletalMeshLODBias:0]]
[2022.07.03-18.03.50:010][  0]LogConfig: Setting CVar [[r.ViewDistanceScale:1.0]]
[2022.07.03-18.03.50:010][  0]LogConfig: Applying CVar settings from Section [AntiAliasingQuality@3] File [C:/Users/Window's-10/Documents/GitHub/gamejam/gamejam 4.27/Saved/Config/Windows/Scalability.ini]
[2022.07.03-18.03.50:010][  0]LogConfig: Setting CVar [[r.PostProcessAAQuality:4]]
[2022.07.03-18.03.50:010][  0]LogConfig: Applying CVar settings from Section [ShadowQuality@3] File [C:/Users/Window's-10/Documents/GitHub/gamejam/gamejam 4.27/Saved/Config/Windows/Scalability.ini]
[2022.07.03-18.03.50:010][  0]LogConfig: Setting CVar [[r.LightFunctionQuality:1]]
[2022.07.03-18.03.50:010][  0]LogConfig: Setting CVar [[r.ShadowQuality:5]]
[2022.07.03-18.03.50:010][  0]LogConfig: Setting CVar [[r.Shadow.CSM.MaxCascades:10]]
[2022.07.03-18.03.50:010][  0]LogConfig: Setting CVar [[r.Shadow.MaxResolution:2048]]
[2022.07.03-18.03.50:010][  0]LogConfig: Setting CVar [[r.Shadow.MaxCSMResolution:2048]]
[2022.07.03-18.03.50:010][  0]LogConfig: Setting CVar [[r.Shadow.RadiusThreshold:0.01]]
[2022.07.03-18.03.50:010][  0]LogConfig: Setting CVar [[r.Shadow.DistanceScale:1.0]]
[2022.07.03-18.03.50:010][  0]LogConfig: Setting CVar [[r.Shadow.CSM.TransitionScale:1.0]]
[2022.07.03-18.03.50:010][  0]LogConfig: Setting CVar [[r.Shadow.PreShadowResolutionFactor:1.0]]
[2022.07.03-18.03.50:010][  0]LogConfig: Setting CVar [[r.DistanceFieldShadowing:1]]
[2022.07.03-18.03.50:010][  0]LogConfig: Setting CVar [[r.DistanceFieldAO:1]]
[2022.07.03-18.03.50:010][  0]LogConfig: Setting CVar [[r.AOQuality:2]]
[2022.07.03-18.03.50:010][  0]LogConfig: Setting CVar [[r.VolumetricFog:1]]
[2022.07.03-18.03.50:010][  0]LogConfig: Setting CVar [[r.VolumetricFog.GridPixelSize:8]]
[2022.07.03-18.03.50:010][  0]LogConfig: Setting CVar [[r.VolumetricFog.GridSizeZ:128]]
[2022.07.03-18.03.50:010][  0]LogConfig: Setting CVar [[r.VolumetricFog.HistoryMissSupersampleCount:4]]
[2022.07.03-18.03.50:010][  0]LogConfig: Setting CVar [[r.LightMaxDrawDistanceScale:1]]
[2022.07.03-18.03.50:011][  0]LogConfig: Setting CVar [[r.CapsuleShadows:1]]
[2022.07.03-18.03.50:011][  0]LogConfig: Applying CVar settings from Section [PostProcessQuality@3] File [C:/Users/Window's-10/Documents/GitHub/gamejam/gamejam 4.27/Saved/Config/Windows/Scalability.ini]
[2022.07.03-18.03.50:011][  0]LogConfig: Setting CVar [[r.MotionBlurQuality:4]]
[2022.07.03-18.03.50:011][  0]LogConfig: Setting CVar [[r.AmbientOcclusionMipLevelFactor:0.4]]
[2022.07.03-18.03.50:011][  0]LogConfig: Setting CVar [[r.AmbientOcclusionMaxQuality:100]]
[2022.07.03-18.03.50:011][  0]LogConfig: Setting CVar [[r.AmbientOcclusionLevels:-1]]
[2022.07.03-18.03.50:011][  0]LogConfig: Setting CVar [[r.AmbientOcclusionRadiusScale:1.0]]
[2022.07.03-18.03.50:011][  0]LogConfig: Setting CVar [[r.DepthOfFieldQuality:2]]
[2022.07.03-18.03.50:011][  0]LogConfig: Setting CVar [[r.RenderTargetPoolMin:400]]
[2022.07.03-18.03.50:011][  0]LogConfig: Setting CVar [[r.LensFlareQuality:2]]
[2022.07.03-18.03.50:011][  0]LogConfig: Setting CVar [[r.SceneColorFringeQuality:1]]
[2022.07.03-18.03.50:011][  0]LogConfig: Setting CVar [[r.EyeAdaptationQuality:2]]
[2022.07.03-18.03.50:011][  0]LogConfig: Setting CVar [[r.BloomQuality:5]]
[2022.07.03-18.03.50:011][  0]LogConfig: Setting CVar [[r.FastBlurThreshold:100]]
[2022.07.03-18.03.50:011][  0]LogConfig: Setting CVar [[r.Upscale.Quality:3]]
[2022.07.03-18.03.50:011][  0]LogConfig: Setting CVar [[r.Tonemapper.GrainQuantization:1]]
[2022.07.03-18.03.50:011][  0]LogConfig: Setting CVar [[r.LightShaftQuality:1]]
[2022.07.03-18.03.50:011][  0]LogConfig: Setting CVar [[r.Filter.SizeScale:1]]
[2022.07.03-18.03.50:011][  0]LogConfig: Setting CVar [[r.Tonemapper.Quality:5]]
[2022.07.03-18.03.50:011][  0]LogConfig: Setting CVar [[r.DOF.Gather.AccumulatorQuality:1        ; higher gathering accumulator quality]]
[2022.07.03-18.03.50:011][  0]LogConfig: Setting CVar [[r.DOF.Gather.PostfilterMethod:1          ; Median3x3 postfilering method]]
[2022.07.03-18.03.50:011][  0]LogConfig: Setting CVar [[r.DOF.Gather.EnableBokehSettings:0       ; no bokeh simulation when gathering]]
[2022.07.03-18.03.50:011][  0]LogConfig: Setting CVar [[r.DOF.Gather.RingCount:4                 ; medium number of samples when gathering]]
[2022.07.03-18.03.50:011][  0]LogConfig: Setting CVar [[r.DOF.Scatter.ForegroundCompositing:1    ; additive foreground scattering]]
[2022.07.03-18.03.50:011][  0]LogConfig: Setting CVar [[r.DOF.Scatter.BackgroundCompositing:2    ; additive background scattering]]
[2022.07.03-18.03.50:011][  0]LogConfig: Setting CVar [[r.DOF.Scatter.EnableBokehSettings:1      ; bokeh simulation when scattering]]
[2022.07.03-18.03.50:011][  0]LogConfig: Setting CVar [[r.DOF.Scatter.MaxSpriteRatio:0.1         ; only a maximum of 10% of scattered bokeh]]
[2022.07.03-18.03.50:011][  0]LogConfig: Setting CVar [[r.DOF.Recombine.Quality:1                ; cheap slight out of focus]]
[2022.07.03-18.03.50:011][  0]LogConfig: Setting CVar [[r.DOF.Recombine.EnableBokehSettings:0    ; no bokeh simulation on slight out of focus]]
[2022.07.03-18.03.50:011][  0]LogConfig: Setting CVar [[r.DOF.TemporalAAQuality:1                ; more stable temporal accumulation]]
[2022.07.03-18.03.50:011][  0]LogConfig: Setting CVar [[r.DOF.Kernel.MaxForegroundRadius:0.025]]
[2022.07.03-18.03.50:011][  0]LogConfig: Setting CVar [[r.DOF.Kernel.MaxBackgroundRadius:0.025]]
[2022.07.03-18.03.50:011][  0]LogConfig: Applying CVar settings from Section [TextureQuality@3] File [C:/Users/Window's-10/Documents/GitHub/gamejam/gamejam 4.27/Saved/Config/Windows/Scalability.ini]
[2022.07.03-18.03.50:011][  0]LogConfig: Setting CVar [[r.Streaming.MipBias:0]]
[2022.07.03-18.03.50:011][  0]LogConfig: Setting CVar [[r.Streaming.AmortizeCPUToGPUCopy:0]]
[2022.07.03-18.03.50:011][  0]LogConfig: Setting CVar [[r.Streaming.MaxNumTexturesToStreamPerFrame:0]]
[2022.07.03-18.03.50:011][  0]LogConfig: Setting CVar [[r.Streaming.Boost:1]]
[2022.07.03-18.03.50:011][  0]LogConfig: Setting CVar [[r.MaxAnisotropy:8]]
[2022.07.03-18.03.50:011][  0]LogConfig: Setting CVar [[r.VT.MaxAnisotropy:8]]
[2022.07.03-18.03.50:011][  0]LogConfig: Setting CVar [[r.Streaming.LimitPoolSizeToVRAM:0]]
[2022.07.03-18.03.50:011][  0]LogConfig: Setting CVar [[r.Streaming.PoolSize:1000]]
[2022.07.03-18.03.50:011][  0]LogConfig: Setting CVar [[r.Streaming.MaxEffectiveScreenSize:0]]
[2022.07.03-18.03.50:011][  0]LogConfig: Applying CVar settings from Section [EffectsQuality@3] File [C:/Users/Window's-10/Documents/GitHub/gamejam/gamejam 4.27/Saved/Config/Windows/Scalability.ini]
[2022.07.03-18.03.50:011][  0]LogConfig: Setting CVar [[r.TranslucencyLightingVolumeDim:64]]
[2022.07.03-18.03.50:011][  0]LogConfig: Setting CVar [[r.RefractionQuality:2]]
[2022.07.03-18.03.50:011][  0]LogConfig: Setting CVar [[r.SSR.Quality:3]]
[2022.07.03-18.03.50:011][  0]LogConfig: Setting CVar [[r.SSR.HalfResSceneColor:0]]
[2022.07.03-18.03.50:011][  0]LogConfig: Setting CVar [[r.SceneColorFormat:4]]
[2022.07.03-18.03.50:011][  0]LogConfig: Setting CVar [[r.DetailMode:2]]
[2022.07.03-18.03.50:011][  0]LogConfig: Setting CVar [[r.TranslucencyVolumeBlur:1]]
[2022.07.03-18.03.50:011][  0]LogConfig: Setting CVar [[r.MaterialQualityLevel:1 ; High quality]]
[2022.07.03-18.03.50:011][  0]LogConfig: Setting CVar [[r.AnisotropicMaterials:1]]
[2022.07.03-18.03.50:011][  0]LogConfig: Setting CVar [[r.SSS.Scale:1]]
[2022.07.03-18.03.50:011][  0]LogConfig: Setting CVar [[r.SSS.SampleSet:2]]
[2022.07.03-18.03.50:011][  0]LogConfig: Setting CVar [[r.SSS.Quality:1]]
[2022.07.03-18.03.50:011][  0]LogConfig: Setting CVar [[r.SSS.HalfRes:0]]
[2022.07.03-18.03.50:011][  0]LogConfig: Setting CVar [[r.SSGI.Quality:3]]
[2022.07.03-18.03.50:011][  0]LogConfig: Setting CVar [[r.EmitterSpawnRateScale:1.0]]
[2022.07.03-18.03.50:011][  0]LogConfig: Setting CVar [[r.ParticleLightQuality:2]]
[2022.07.03-18.03.50:011][  0]LogConfig: Setting CVar [[r.SkyAtmosphere.AerialPerspectiveLUT.FastApplyOnOpaque:1 ; Always have FastSkyLUT 1 in this case to avoid wrong sky]]
[2022.07.03-18.03.50:011][  0]LogConfig: Setting CVar [[r.SkyAtmosphere.AerialPerspectiveLUT.SampleCountMaxPerSlice:4]]
[2022.07.03-18.03.50:011][  0]LogConfig: Setting CVar [[r.SkyAtmosphere.AerialPerspectiveLUT.DepthResolution:16.0]]
[2022.07.03-18.03.50:011][  0]LogConfig: Setting CVar [[r.SkyAtmosphere.FastSkyLUT:1]]
[2022.07.03-18.03.50:011][  0]LogConfig: Setting CVar [[r.SkyAtmosphere.FastSkyLUT.SampleCountMin:4.0]]
[2022.07.03-18.03.50:013][  0]LogConfig: Setting CVar [[r.SkyAtmosphere.FastSkyLUT.SampleCountMax:128.0]]
[2022.07.03-18.03.50:013][  0]LogConfig: Setting CVar [[r.SkyAtmosphere.SampleCountMin:4.0]]
[2022.07.03-18.03.50:013][  0]LogConfig: Setting CVar [[r.SkyAtmosphere.SampleCountMax:128.0]]
[2022.07.03-18.03.50:013][  0]LogConfig: Setting CVar [[r.SkyAtmosphere.TransmittanceLUT.UseSmallFormat:0]]
[2022.07.03-18.03.50:013][  0]LogConfig: Setting CVar [[r.SkyAtmosphere.TransmittanceLUT.SampleCount:10.0]]
[2022.07.03-18.03.50:013][  0]LogConfig: Setting CVar [[r.SkyAtmosphere.MultiScatteringLUT.SampleCount:15.0]]
[2022.07.03-18.03.50:013][  0]LogConfig: Setting CVar [[r.SkyLight.RealTimeReflectionCapture:1]]
[2022.07.03-18.03.50:013][  0]LogConfig: Applying CVar settings from Section [FoliageQuality@3] File [C:/Users/Window's-10/Documents/GitHub/gamejam/gamejam 4.27/Saved/Config/Windows/Scalability.ini]
[2022.07.03-18.03.50:013][  0]LogConfig: Setting CVar [[foliage.DensityScale:1.0]]
[2022.07.03-18.03.50:013][  0]LogConfig: Setting CVar [[grass.DensityScale:1.0]]
[2022.07.03-18.03.50:013][  0]LogConfig: Applying CVar settings from Section [ShadingQuality@3] File [C:/Users/Window's-10/Documents/GitHub/gamejam/gamejam 4.27/Saved/Config/Windows/Scalability.ini]
[2022.07.03-18.03.50:013][  0]LogConfig: Setting CVar [[r.HairStrands.SkyLighting.IntegrationType:2]]
[2022.07.03-18.03.50:013][  0]LogConfig: Setting CVar [[r.HairStrands.SkyAO.SampleCount:4]]
[2022.07.03-18.03.50:013][  0]LogConfig: Setting CVar [[r.HairStrands.Visibility.MSAA.SamplePerPixel:4]]
[2022.07.03-18.03.50:013][  0]LogInit: Selected Device Profile: [Windows]
[2022.07.03-18.03.50:013][  0]LogInit: Applying CVar settings loaded from the selected device profile: [Windows]
[2022.07.03-18.03.50:013][  0]LogHAL: Display: Platform has ~ 8 GB [8224260096 / 8589934592 / 8], which maps to Default [LargestMinGB=32, LargerMinGB=12, DefaultMinGB=8, SmallerMinGB=6, SmallestMinGB=0)
[2022.07.03-18.03.50:013][  0]LogInit: Going up to parent DeviceProfile []
[2022.07.03-18.03.50:013][  0]LogConfig: Applying CVar settings from Section [ViewDistanceQuality@3] File [C:/Users/Window's-10/Documents/GitHub/gamejam/gamejam 4.27/Saved/Config/Windows/Scalability.ini]
[2022.07.03-18.03.50:013][  0]LogConfig: Setting CVar [[r.SkeletalMeshLODBias:0]]
[2022.07.03-18.03.50:013][  0]LogConfig: Setting CVar [[r.ViewDistanceScale:1.0]]
[2022.07.03-18.03.50:013][  0]LogConfig: Applying CVar settings from Section [AntiAliasingQuality@3] File [C:/Users/Window's-10/Documents/GitHub/gamejam/gamejam 4.27/Saved/Config/Windows/Scalability.ini]
[2022.07.03-18.03.50:013][  0]LogConfig: Setting CVar [[r.PostProcessAAQuality:4]]
[2022.07.03-18.03.50:013][  0]LogConfig: Applying CVar settings from Section [ShadowQuality@3] File [C:/Users/Window's-10/Documents/GitHub/gamejam/gamejam 4.27/Saved/Config/Windows/Scalability.ini]
[2022.07.03-18.03.50:013][  0]LogConfig: Setting CVar [[r.LightFunctionQuality:1]]
[2022.07.03-18.03.50:013][  0]LogConfig: Setting CVar [[r.ShadowQuality:5]]
[2022.07.03-18.03.50:013][  0]LogConfig: Setting CVar [[r.Shadow.CSM.MaxCascades:10]]
[2022.07.03-18.03.50:013][  0]LogConfig: Setting CVar [[r.Shadow.MaxResolution:2048]]
[2022.07.03-18.03.50:013][  0]LogConfig: Setting CVar [[r.Shadow.MaxCSMResolution:2048]]
[2022.07.03-18.03.50:013][  0]LogConfig: Setting CVar [[r.Shadow.RadiusThreshold:0.01]]
[2022.07.03-18.03.50:013][  0]LogConfig: Setting CVar [[r.Shadow.DistanceScale:1.0]]
[2022.07.03-18.03.50:013][  0]LogConfig: Setting CVar [[r.Shadow.CSM.TransitionScale:1.0]]
[2022.07.03-18.03.50:013][  0]LogConfig: Setting CVar [[r.Shadow.PreShadowResolutionFactor:1.0]]
[2022.07.03-18.03.50:013][  0]LogConfig: Setting CVar [[r.DistanceFieldShadowing:1]]
[2022.07.03-18.03.50:013][  0]LogConfig: Setting CVar [[r.DistanceFieldAO:1]]
[2022.07.03-18.03.50:013][  0]LogConfig: Setting CVar [[r.AOQuality:2]]
[2022.07.03-18.03.50:013][  0]LogConfig: Setting CVar [[r.VolumetricFog:1]]
[2022.07.03-18.03.50:013][  0]LogConfig: Setting CVar [[r.VolumetricFog.GridPixelSize:8]]
[2022.07.03-18.03.50:013][  0]LogConfig: Setting CVar [[r.VolumetricFog.GridSizeZ:128]]
[2022.07.03-18.03.50:013][  0]LogConfig: Setting CVar [[r.VolumetricFog.HistoryMissSupersampleCount:4]]
[2022.07.03-18.03.50:013][  0]LogConfig: Setting CVar [[r.LightMaxDrawDistanceScale:1]]
[2022.07.03-18.03.50:013][  0]LogConfig: Setting CVar [[r.CapsuleShadows:1]]
[2022.07.03-18.03.50:013][  0]LogConfig: Applying CVar settings from Section [PostProcessQuality@3] File [C:/Users/Window's-10/Documents/GitHub/gamejam/gamejam 4.27/Saved/Config/Windows/Scalability.ini]
[2022.07.03-18.03.50:013][  0]LogConfig: Setting CVar [[r.MotionBlurQuality:4]]
[2022.07.03-18.03.50:013][  0]LogConfig: Setting CVar [[r.AmbientOcclusionMipLevelFactor:0.4]]
[2022.07.03-18.03.50:013][  0]LogConfig: Setting CVar [[r.AmbientOcclusionMaxQuality:100]]
[2022.07.03-18.03.50:013][  0]LogConfig: Setting CVar [[r.AmbientOcclusionLevels:-1]]
[2022.07.03-18.03.50:013][  0]LogConfig: Setting CVar [[r.AmbientOcclusionRadiusScale:1.0]]
[2022.07.03-18.03.50:013][  0]LogConfig: Setting CVar [[r.DepthOfFieldQuality:2]]
[2022.07.03-18.03.50:013][  0]LogConfig: Setting CVar [[r.RenderTargetPoolMin:400]]
[2022.07.03-18.03.50:013][  0]LogConfig: Setting CVar [[r.LensFlareQuality:2]]
[2022.07.03-18.03.50:013][  0]LogConfig: Setting CVar [[r.SceneColorFringeQuality:1]]
[2022.07.03-18.03.50:013][  0]LogConfig: Setting CVar [[r.EyeAdaptationQuality:2]]
[2022.07.03-18.03.50:013][  0]LogConfig: Setting CVar [[r.BloomQuality:5]]
[2022.07.03-18.03.50:013][  0]LogConfig: Setting CVar [[r.FastBlurThreshold:100]]
[2022.07.03-18.03.50:013][  0]LogConfig: Setting CVar [[r.Upscale.Quality:3]]
[2022.07.03-18.03.50:013][  0]LogConfig: Setting CVar [[r.Tonemapper.GrainQuantization:1]]
[2022.07.03-18.03.50:013][  0]LogConfig: Setting CVar [[r.LightShaftQuality:1]]
[2022.07.03-18.03.50:013][  0]LogConfig: Setting CVar [[r.Filter.SizeScale:1]]
[2022.07.03-18.03.50:013][  0]LogConfig: Setting CVar [[r.Tonemapper.Quality:5]]
[2022.07.03-18.03.50:013][  0]LogConfig: Setting CVar [[r.DOF.Gather.AccumulatorQuality:1        ; higher gathering accumulator quality]]
[2022.07.03-18.03.50:013][  0]LogConfig: Setting CVar [[r.DOF.Gather.PostfilterMethod:1          ; Median3x3 postfilering method]]
[2022.07.03-18.03.50:013][  0]LogConfig: Setting CVar [[r.DOF.Gather.EnableBokehSettings:0       ; no bokeh simulation when gathering]]
[2022.07.03-18.03.50:013][  0]LogConfig: Setting CVar [[r.DOF.Gather.RingCount:4                 ; medium number of samples when gathering]]
[2022.07.03-18.03.50:013][  0]LogConfig: Setting CVar [[r.DOF.Scatter.ForegroundCompositing:1    ; additive foreground scattering]]
[2022.07.03-18.03.50:013][  0]LogConfig: Setting CVar [[r.DOF.Scatter.BackgroundCompositing:2    ; additive background scattering]]
[2022.07.03-18.03.50:013][  0]LogConfig: Setting CVar [[r.DOF.Scatter.EnableBokehSettings:1      ; bokeh simulation when scattering]]
[2022.07.03-18.03.50:013][  0]LogConfig: Setting CVar [[r.DOF.Scatter.MaxSpriteRatio:0.1         ; only a maximum of 10% of scattered bokeh]]
[2022.07.03-18.03.50:013][  0]LogConfig: Setting CVar [[r.DOF.Recombine.Quality:1                ; cheap slight out of focus]]
[2022.07.03-18.03.50:013][  0]LogConfig: Setting CVar [[r.DOF.Recombine.EnableBokehSettings:0    ; no bokeh simulation on slight out of focus]]
[2022.07.03-18.03.50:013][  0]LogConfig: Setting CVar [[r.DOF.TemporalAAQuality:1                ; more stable temporal accumulation]]
[2022.07.03-18.03.50:013][  0]LogConfig: Setting CVar [[r.DOF.Kernel.MaxForegroundRadius:0.025]]
[2022.07.03-18.03.50:013][  0]LogConfig: Setting CVar [[r.DOF.Kernel.MaxBackgroundRadius:0.025]]
[2022.07.03-18.03.50:013][  0]LogConfig: Applying CVar settings from Section [TextureQuality@3] File [C:/Users/Window's-10/Documents/GitHub/gamejam/gamejam 4.27/Saved/Config/Windows/Scalability.ini]
[2022.07.03-18.03.50:013][  0]LogConfig: Setting CVar [[r.Streaming.MipBias:0]]
[2022.07.03-18.03.50:013][  0]LogConfig: Setting CVar [[r.Streaming.AmortizeCPUToGPUCopy:0]]
[2022.07.03-18.03.50:013][  0]LogConfig: Setting CVar [[r.Streaming.MaxNumTexturesToStreamPerFrame:0]]
[2022.07.03-18.03.50:013][  0]LogConfig: Setting CVar [[r.Streaming.Boost:1]]
[2022.07.03-18.03.50:013][  0]LogConfig: Setting CVar [[r.MaxAnisotropy:8]]
[2022.07.03-18.03.50:013][  0]LogConfig: Setting CVar [[r.VT.MaxAnisotropy:8]]
[2022.07.03-18.03.50:013][  0]LogConfig: Setting CVar [[r.Streaming.LimitPoolSizeToVRAM:0]]
[2022.07.03-18.03.50:013][  0]LogConfig: Setting CVar [[r.Streaming.PoolSize:1000]]
[2022.07.03-18.03.50:013][  0]LogConfig: Setting CVar [[r.Streaming.MaxEffectiveScreenSize:0]]
[2022.07.03-18.03.50:013][  0]LogConfig: Applying CVar settings from Section [EffectsQuality@3] File [C:/Users/Window's-10/Documents/GitHub/gamejam/gamejam 4.27/Saved/Config/Windows/Scalability.ini]
[2022.07.03-18.03.50:013][  0]LogConfig: Setting CVar [[r.TranslucencyLightingVolumeDim:64]]
[2022.07.03-18.03.50:013][  0]LogConfig: Setting CVar [[r.RefractionQuality:2]]
[2022.07.03-18.03.50:013][  0]LogConfig: Setting CVar [[r.SSR.Quality:3]]
[2022.07.03-18.03.50:013][  0]LogConfig: Setting CVar [[r.SSR.HalfResSceneColor:0]]
[2022.07.03-18.03.50:013][  0]LogConfig: Setting CVar [[r.SceneColorFormat:4]]
[2022.07.03-18.03.50:013][  0]LogConfig: Setting CVar [[r.DetailMode:2]]
[2022.07.03-18.03.50:013][  0]LogConfig: Setting CVar [[r.TranslucencyVolumeBlur:1]]
[2022.07.03-18.03.50:013][  0]LogConfig: Setting CVar [[r.MaterialQualityLevel:1 ; High quality]]
[2022.07.03-18.03.50:013][  0]LogConfig: Setting CVar [[r.AnisotropicMaterials:1]]
[2022.07.03-18.03.50:013][  0]LogConfig: Setting CVar [[r.SSS.Scale:1]]
[2022.07.03-18.03.50:013][  0]LogConfig: Setting CVar [[r.SSS.SampleSet:2]]
[2022.07.03-18.03.50:013][  0]LogConfig: Setting CVar [[r.SSS.Quality:1]]
[2022.07.03-18.03.50:013][  0]LogConfig: Setting CVar [[r.SSS.HalfRes:0]]
[2022.07.03-18.03.50:014][  0]LogConfig: Setting CVar [[r.SSGI.Quality:3]]
[2022.07.03-18.03.50:014][  0]LogConfig: Setting CVar [[r.EmitterSpawnRateScale:1.0]]
[2022.07.03-18.03.50:014][  0]LogConfig: Setting CVar [[r.ParticleLightQuality:2]]
[2022.07.03-18.03.50:014][  0]LogConfig: Setting CVar [[r.SkyAtmosphere.AerialPerspectiveLUT.FastApplyOnOpaque:1 ; Always have FastSkyLUT 1 in this case to avoid wrong sky]]
[2022.07.03-18.03.50:014][  0]LogConfig: Setting CVar [[r.SkyAtmosphere.AerialPerspectiveLUT.SampleCountMaxPerSlice:4]]
[2022.07.03-18.03.50:014][  0]LogConfig: Setting CVar [[r.SkyAtmosphere.AerialPerspectiveLUT.DepthResolution:16.0]]
[2022.07.03-18.03.50:014][  0]LogConfig: Setting CVar [[r.SkyAtmosphere.FastSkyLUT:1]]
[2022.07.03-18.03.50:014][  0]LogConfig: Setting CVar [[r.SkyAtmosphere.FastSkyLUT.SampleCountMin:4.0]]
[2022.07.03-18.03.50:014][  0]LogConfig: Setting CVar [[r.SkyAtmosphere.FastSkyLUT.SampleCountMax:128.0]]
[2022.07.03-18.03.50:014][  0]LogConfig: Setting CVar [[r.SkyAtmosphere.SampleCountMin:4.0]]
[2022.07.03-18.03.50:014][  0]LogConfig: Setting CVar [[r.SkyAtmosphere.SampleCountMax:128.0]]
[2022.07.03-18.03.50:014][  0]LogConfig: Setting CVar [[r.SkyAtmosphere.TransmittanceLUT.UseSmallFormat:0]]
[2022.07.03-18.03.50:014][  0]LogConfig: Setting CVar [[r.SkyAtmosphere.TransmittanceLUT.SampleCount:10.0]]
[2022.07.03-18.03.50:014][  0]LogConfig: Setting CVar [[r.SkyAtmosphere.MultiScatteringLUT.SampleCount:15.0]]
[2022.07.03-18.03.50:014][  0]LogConfig: Setting CVar [[r.SkyLight.RealTimeReflectionCapture:1]]
[2022.07.03-18.03.50:014][  0]LogConfig: Applying CVar settings from Section [FoliageQuality@3] File [C:/Users/Window's-10/Documents/GitHub/gamejam/gamejam 4.27/Saved/Config/Windows/Scalability.ini]
[2022.07.03-18.03.50:014][  0]LogConfig: Setting CVar [[foliage.DensityScale:1.0]]
[2022.07.03-18.03.50:014][  0]LogConfig: Setting CVar [[grass.DensityScale:1.0]]
[2022.07.03-18.03.50:014][  0]LogConfig: Applying CVar settings from Section [ShadingQuality@3] File [C:/Users/Window's-10/Documents/GitHub/gamejam/gamejam 4.27/Saved/Config/Windows/Scalability.ini]
[2022.07.03-18.03.50:014][  0]LogConfig: Setting CVar [[r.HairStrands.SkyLighting.IntegrationType:2]]
[2022.07.03-18.03.50:014][  0]LogConfig: Setting CVar [[r.HairStrands.SkyAO.SampleCount:4]]
[2022.07.03-18.03.50:014][  0]LogConfig: Setting CVar [[r.HairStrands.Visibility.MSAA.SamplePerPixel:4]]
[2022.07.03-18.03.50:014][  0]LogConfig: Applying CVar settings from Section [Startup] File [../../../Engine/Config/ConsoleVariables.ini]
[2022.07.03-18.03.50:014][  0]LogConfig: Setting CVar [[net.UseAdaptiveNetUpdateFrequency:0]]
[2022.07.03-18.03.50:014][  0]LogConfig: Setting CVar [[p.chaos.AllowCreatePhysxBodies:1]]
[2022.07.03-18.03.50:014][  0]LogConfig: Setting CVar [[fx.SkipVectorVMBackendOptimizations:1]]
[2022.07.03-18.03.50:014][  0]LogConfig: Applying CVar settings from Section [ConsoleVariables] File [C:/Users/Window's-10/Documents/GitHub/gamejam/gamejam 4.27/Saved/Config/Windows/Engine.ini]
[2022.07.03-18.03.50:014][  0]LogConfig: Applying CVar settings from Section [ConsoleVariables] File [C:/Users/Window's-10/Documents/GitHub/gamejam/gamejam 4.27/Saved/Config/Windows/Editor.ini]
[2022.07.03-18.03.50:014][  0]LogInit: Computer: AGAMYPC
[2022.07.03-18.03.50:014][  0]LogInit: User: Windows10
[2022.07.03-18.03.50:014][  0]LogInit: CPU Page size=4096, Cores=4
[2022.07.03-18.03.50:014][  0]LogInit: High frequency timer resolution =10.000000 MHz
[2022.07.03-18.03.50:014][  0]LogMemory: Memory total: Physical=7.7GB (8GB approx)
[2022.07.03-18.03.50:014][  0]LogMemory: Platform Memory Stats for Windows
[2022.07.03-18.03.50:014][  0]LogMemory: Process Physical Memory: 143.23 MB used, 143.23 MB peak
[2022.07.03-18.03.50:014][  0]LogMemory: Process Virtual Memory: 126.45 MB used, 126.45 MB peak
[2022.07.03-18.03.50:016][  0]LogMemory: Physical Memory: 4954.60 MB used,  2888.67 MB free, 7843.27 MB total
[2022.07.03-18.03.50:016][  0]LogMemory: Virtual Memory: 134210896.00 MB used,  6833.17 MB free, 134217728.00 MB total
[2022.07.03-18.03.50:022][  0]LogWindows: WindowsPlatformFeatures enabled
[2022.07.03-18.03.50:056][  0]LogInit: Physics initialised using underlying interface: PhysX
[2022.07.03-18.03.50:056][  0]LogInit: Using OS detected language (en-US).
[2022.07.03-18.03.50:056][  0]LogInit: Using OS detected locale (en-US).
[2022.07.03-18.03.50:067][  0]LogTextLocalizationManager: No specific localization for 'en-US' exists, so the 'en' localization will be used.
[2022.07.03-18.03.50:468][  0]LogInit: Setting process to per monitor DPI aware
[2022.07.03-18.03.50:492][  0]LogWindowsTextInputMethodSystem: Display: IME system deactivated.
[2022.07.03-18.03.50:521][  0]LogSlate: New Slate User Created.  User Index 0, Is Virtual User: 0
[2022.07.03-18.03.50:521][  0]LogSlate: Slate User Registered.  User Index 0, Is Virtual User: 0
[2022.07.03-18.03.50:916][  0]LogD3D11RHI: Loaded GFSDK_Aftermath_Lib.x64.dll
[2022.07.03-18.03.50:921][  0]LogHMD: Failed to initialize OpenVR with code 110
[2022.07.03-18.03.50:921][  0]LogD3D11RHI: D3D11 min allowed feature level: 11_0
[2022.07.03-18.03.50:921][  0]LogD3D11RHI: D3D11 max allowed feature level: 11_0
[2022.07.03-18.03.50:921][  0]LogD3D11RHI: D3D11 adapters:
[2022.07.03-18.03.51:055][  0]LogD3D11RHI:    0. 'AMD Radeon(TM) Vega 8 Graphics' (Feature Level 11_0)
[2022.07.03-18.03.51:055][  0]LogD3D11RHI:       241/0/3921 MB DedicatedVideo/DedicatedSystem/SharedSystem, Outputs:1, VendorId:0x1002
[2022.07.03-18.03.51:059][  0]LogD3D11RHI:    1. 'Microsoft Basic Render Driver' (Feature Level 11_0)
[2022.07.03-18.03.51:060][  0]LogD3D11RHI:       0/0/3921 MB DedicatedVideo/DedicatedSystem/SharedSystem, Outputs:0, VendorId:0x1414
[2022.07.03-18.03.51:060][  0]LogD3D11RHI: Chosen D3D11 Adapter:
[2022.07.03-18.03.51:060][  0]LogD3D11RHI:     Description : AMD Radeon(TM) Vega 8 Graphics
[2022.07.03-18.03.51:060][  0]LogD3D11RHI:     VendorId    : 1002
[2022.07.03-18.03.51:060][  0]LogD3D11RHI:     DeviceId    : 15dd
[2022.07.03-18.03.51:060][  0]LogD3D11RHI:     SubSysId    : 84ae103c
[2022.07.03-18.03.51:060][  0]LogD3D11RHI:     Revision    : 00c4
[2022.07.03-18.03.51:060][  0]LogD3D11RHI:     DedicatedVideoMemory : 252882944 bytes
[2022.07.03-18.03.51:060][  0]LogD3D11RHI:     DedicatedSystemMemory : 0 bytes
[2022.07.03-18.03.51:060][  0]LogD3D11RHI:     SharedSystemMemory : 4112130048 bytes
[2022.07.03-18.03.51:060][  0]LogD3D11RHI:     AdapterLuid : 0 88276
[2022.07.03-18.03.51:070][  0]LogD3D11RHI: Creating new Direct3DDevice
[2022.07.03-18.03.51:070][  0]LogD3D11RHI:     GPU DeviceId: 0x15dd (for the marketing name, search the web for "GPU Device Id")
[2022.07.03-18.03.51:070][  0]LogWindows: EnumDisplayDevices:
[2022.07.03-18.03.51:071][  0]LogWindows:    0. 'AMD Radeon(TM) Vega 8 Graphics' (P:1 D:1)
[2022.07.03-18.03.51:072][  0]LogWindows:    1. 'AMD Radeon(TM) Vega 8 Graphics' (P:0 D:0)
[2022.07.03-18.03.51:072][  0]LogWindows:    2. 'AMD Radeon(TM) Vega 8 Graphics' (P:0 D:0)
[2022.07.03-18.03.51:073][  0]LogWindows: DebugString: FoundDriverCount:3 
[2022.07.03-18.03.51:073][  0]LogD3D11RHI:     Adapter Name: AMD Radeon(TM) Vega 8 Graphics
[2022.07.03-18.03.51:073][  0]LogD3D11RHI:   Driver Version: Adrenalin 21.30.23.04 (internal:30.0.13023.4001, unified:30.0.13023.4001)
[2022.07.03-18.03.51:073][  0]LogD3D11RHI:      Driver Date: 12-16-2021
[2022.07.03-18.03.51:073][  0]LogRHI: Texture pool is 2622 MB (70% of 3746 MB)
[2022.07.03-18.03.51:100][  0]LogD3D11RHI: Creating D3DDevice with AMD AGS, using adapter:
[2022.07.03-18.03.51:100][  0]LogD3D11RHI:     Description : AMD Radeon(TM) Vega 8 Graphics
[2022.07.03-18.03.51:100][  0]LogD3D11RHI:     VendorId    : 1002
[2022.07.03-18.03.51:100][  0]LogD3D11RHI:     DeviceId    : 15dd
[2022.07.03-18.03.51:100][  0]LogD3D11RHI:     SubSysId    : 84ae103c
[2022.07.03-18.03.51:100][  0]LogD3D11RHI:     Revision    : 00c4
[2022.07.03-18.03.51:100][  0]LogD3D11RHI:     DedicatedVideoMemory : 252882944 bytes
[2022.07.03-18.03.51:100][  0]LogD3D11RHI:     DedicatedSystemMemory : 0 bytes
[2022.07.03-18.03.51:100][  0]LogD3D11RHI:     SharedSystemMemory : 4112130048 bytes
[2022.07.03-18.03.51:100][  0]LogD3D11RHI:     AdapterLuid : 0 88276
[2022.07.03-18.03.51:209][  0]LogD3D11RHI: Created device via AGS, feature level 11_0, supported extensions 1fffffbf.
[2022.07.03-18.03.51:209][  0]LogD3D11RHI: RHI has support for 64 bit atomics
[2022.07.03-18.03.51:209][  0]LogD3D11RHI: Async texture creation enabled
[2022.07.03-18.03.51:209][  0]LogD3D11RHI: Array index from any shader is supported
[2022.07.03-18.03.51:229][  0]LogD3D11RHI: GPU Timing Frequency: 25.000000 (Debug: 2 1)
[2022.07.03-18.03.51:839][  0]LogTargetPlatformManager: Display: Loaded TargetPlatform 'AllDesktop'
[2022.07.03-18.03.51:886][  0]LogTargetPlatformManager: Display: Loaded TargetPlatform 'Android'
[2022.07.03-18.03.51:886][  0]LogTargetPlatformManager: Display: Loaded TargetPlatform 'Android_ASTC'
[2022.07.03-18.03.51:886][  0]LogTargetPlatformManager: Display: Loaded TargetPlatform 'Android_DXT'
[2022.07.03-18.03.51:886][  0]LogTargetPlatformManager: Display: Loaded TargetPlatform 'Android_ETC2'
[2022.07.03-18.03.51:886][  0]LogTargetPlatformManager: Display: Loaded TargetPlatform 'AndroidClient'
[2022.07.03-18.03.51:886][  0]LogTargetPlatformManager: Display: Loaded TargetPlatform 'Android_ASTCClient'
[2022.07.03-18.03.51:886][  0]LogTargetPlatformManager: Display: Loaded TargetPlatform 'Android_DXTClient'
[2022.07.03-18.03.51:886][  0]LogTargetPlatformManager: Display: Loaded TargetPlatform 'Android_ETC2Client'
[2022.07.03-18.03.51:886][  0]LogTargetPlatformManager: Display: Loaded TargetPlatform 'Android_Multi'
[2022.07.03-18.03.51:886][  0]LogTargetPlatformManager: Display: Loaded TargetPlatform 'Android_MultiClient'
[2022.07.03-18.03.51:926][  0]LogTargetPlatformManager: Display: Loaded TargetPlatform 'IOSClient'
[2022.07.03-18.03.51:926][  0]LogTargetPlatformManager: Display: Loaded TargetPlatform 'IOS'
[2022.07.03-18.03.51:947][  0]LogTargetPlatformManager: Display: Loaded TargetPlatform 'Linux'
[2022.07.03-18.03.51:957][  0]LogTargetPlatformManager: Display: Loaded TargetPlatform 'LinuxNoEditor'
[2022.07.03-18.03.51:966][  0]LogTargetPlatformManager: Display: Loaded TargetPlatform 'LinuxClient'
[2022.07.03-18.03.51:976][  0]LogTargetPlatformManager: Display: Loaded TargetPlatform 'LinuxServer'
[2022.07.03-18.03.51:997][  0]LogTargetPlatformManager: Display: Loaded TargetPlatform 'LinuxAArch64NoEditor'
[2022.07.03-18.03.52:007][  0]LogTargetPlatformManager: Display: Loaded TargetPlatform 'LinuxAArch64Client'
[2022.07.03-18.03.52:017][  0]LogTargetPlatformManager: Display: Loaded TargetPlatform 'LinuxAArch64Server'
[2022.07.03-18.03.52:071][  0]LogTargetPlatformManager: Display: Loaded TargetPlatform 'Lumin'
[2022.07.03-18.03.52:071][  0]LogTargetPlatformManager: Display: Loaded TargetPlatform 'LuminClient'
[2022.07.03-18.03.52:094][  0]LogTargetPlatformManager: Display: Loaded TargetPlatform 'MacNoEditor'
[2022.07.03-18.03.52:105][  0]LogTargetPlatformManager: Display: Loaded TargetPlatform 'Mac'
[2022.07.03-18.03.52:115][  0]LogTargetPlatformManager: Display: Loaded TargetPlatform 'MacClient'
[2022.07.03-18.03.52:126][  0]LogTargetPlatformManager: Display: Loaded TargetPlatform 'MacServer'
[2022.07.03-18.03.52:148][  0]LogTargetPlatformManager: Display: Loaded TargetPlatform 'TVOSClient'
[2022.07.03-18.03.52:148][  0]LogTargetPlatformManager: Display: Loaded TargetPlatform 'TVOS'
[2022.07.03-18.03.52:168][  0]LogTargetPlatformManager: Display: Loaded TargetPlatform 'WindowsNoEditor'
[2022.07.03-18.03.52:178][  0]LogTargetPlatformManager: Display: Loaded TargetPlatform 'Windows'
[2022.07.03-18.03.52:188][  0]LogTargetPlatformManager: Display: Loaded TargetPlatform 'WindowsClient'
[2022.07.03-18.03.52:197][  0]LogTargetPlatformManager: Display: Loaded TargetPlatform 'WindowsServer'
[2022.07.03-18.03.52:197][  0]LogTargetPlatformManager: Display: Building Assets For Windows
[2022.07.03-18.03.52:215][  0]LogAudioDebug: Display: Lib vorbis DLL was dynamically loaded.
[2022.07.03-18.03.52:297][  0]LogTextureFormatOodle: Display: Oodle Texture 2.9.0 init RDO Off
[2022.07.03-18.03.52:369][  0]LogRendererCore: Ray tracing is disabled. Reason: r.RayTracing=0.
[2022.07.03-18.03.52:369][  0]LogShaderCompilers: Guid format shader working directory is -22 characters bigger than the processId version (../../../../../../Users/Window's-10/Documents/GitHub/gamejam/gamejam 4.27/Intermediate/Shaders/WorkingDirectory/10864/).
[2022.07.03-18.03.52:369][  0]LogShaderCompilers: Cleaned the shader compiler working directory 'C:/Users/Window's-10/AppData/Local/Temp/UnrealShaderWorkingDir/9DB40F3142E00C72952024BD2FC201A1/'.
[2022.07.03-18.03.52:369][  0]LogXGEController: Cannot use XGE Controller as Incredibuild is not installed on this machine.
[2022.07.03-18.03.52:370][  0]LogShaderCompilers: Cannot use XGE Shader Compiler as Incredibuild is not installed on this machine.
[2022.07.03-18.03.52:370][  0]LogShaderCompilers: Display: Using Local Shader Compiler.
[2022.07.03-18.03.53:925][  0]LogDerivedDataCache: Display: Max Cache Size: 512 MB
[2022.07.03-18.03.54:023][  0]LogDerivedDataCache: Loaded boot cache 0.10s 94MB C:/Users/Window's-10/AppData/Local/UnrealEngine/4.27/DerivedDataCache/Boot.ddc.
[2022.07.03-18.03.54:023][  0]LogDerivedDataCache: Display: Loaded Boot cache: C:/Users/Window's-10/AppData/Local/UnrealEngine/4.27/DerivedDataCache/Boot.ddc
[2022.07.03-18.03.54:024][  0]LogDerivedDataCache: FDerivedDataBackendGraph:  Pak pak cache file ../../../../../../Users/Window's-10/Documents/GitHub/gamejam/gamejam 4.27/DerivedDataCache/DDC.ddp not found, will not use a pak cache.
[2022.07.03-18.03.54:024][  0]LogDerivedDataCache: Unable to find inner node Pak for hierarchical cache Hierarchy.
[2022.07.03-18.03.54:024][  0]LogDerivedDataCache: FDerivedDataBackendGraph:  CompressedPak pak cache file ../../../../../../Users/Window's-10/Documents/GitHub/gamejam/gamejam 4.27/DerivedDataCache/Compressed.ddp not found, will not use a pak cache.
[2022.07.03-18.03.54:024][  0]LogDerivedDataCache: Unable to find inner node CompressedPak for hierarchical cache Hierarchy.
[2022.07.03-18.03.54:060][  0]LogDerivedDataCache: Display: Pak cache opened for reading ../../../Engine/DerivedDataCache/Compressed.ddp.
[2022.07.03-18.03.54:060][  0]LogDerivedDataCache: FDerivedDataBackendGraph:  EnterprisePak pak cache file ../../../Enterprise/DerivedDataCache/Compressed.ddp not found, will not use a pak cache.
[2022.07.03-18.03.54:060][  0]LogDerivedDataCache: Unable to find inner node EnterprisePak for hierarchical cache Hierarchy.
[2022.07.03-18.03.54:078][  0]LogDerivedDataCache: Speed tests for C:/Users/Window's-10/AppData/Local/UnrealEngine/Common/DerivedDataCache took 0.02 seconds
[2022.07.03-18.03.54:078][  0]LogDerivedDataCache: Display: Performance to C:/Users/Window's-10/AppData/Local/UnrealEngine/Common/DerivedDataCache: Latency=0.10ms. RandomReadSpeed=410.69MBs, RandomWriteSpeed=64.30MBs. Assigned SpeedClass 'Local'
[2022.07.03-18.03.54:079][  0]LogDerivedDataCache: Using Local data cache path C:/Users/Window's-10/AppData/Local/UnrealEngine/Common/DerivedDataCache: Writable
[2022.07.03-18.03.54:079][  0]LogDerivedDataCache: Shared data cache path not found in *engine.ini, will not use an Shared cache.
[2022.07.03-18.03.54:079][  0]LogDerivedDataCache: Unable to find inner node Shared for hierarchical cache Hierarchy.
[2022.07.03-18.03.54:174][  0]LogSlate: Using FreeType 2.10.0
[2022.07.03-18.03.54:175][  0]LogSlate: SlateFontServices - WITH_FREETYPE: 1, WITH_HARFBUZZ: 1
[2022.07.03-18.03.54:215][  0]LogAssetRegistry: FAssetRegistry took 0.0061 seconds to start up
[2022.07.03-18.03.54:818][  0]LogInit: Selected Device Profile: [Windows]
[2022.07.03-18.03.54:818][  0]LogInit: Active device profile: [0000014F6852CF00][0000014F6775AA00 49] Windows
[2022.07.03-18.03.54:818][  0]LogInit: Profiles: [0000014F6852CF00][0000014F6775AA00 49] Windows, [0000014F684FA400][0000014F67756B40 49] WindowsNoEditor, [0000014F6852DF00][0000014F6775EC80 49] WindowsServer, [0000014F684F9600][0000014F67762DC0 49] WindowsClient, [0000014F6852D000][0000014F6776AF40 49] IOS, [0000014F684FBA00][0000014F680A30C0 49] iPadAir, [0000014F6852F300][0000014F680A7240 49] iPadAir2, [0000014F68B5D300][0000014F680AF500 49] IPadPro, [0000014F68B5D400][0000014F680AB540 49] iPadAir3, [0000014F684F8B00][0000014F680E96C0 49] iPadAir4, [0000014F68B5E100][0000014F64E45840 49] iPadMini2, [0000014F684FB400][0000014F64E499C0 49] iPadMini3, [0000014F68B5EC00][0000014F64E4DB40 49] iPadMini4, [0000014F684FA700][0000014F64F18140 49] iPadMini5, [0000014F68B84E00][0000014F64F20400 49] iPhone6, [0000014F68B84F00][0000014F64F1C440 49] iPodTouch6, [0000014F6852E800][0000014F64F28700 49] iPhone7, [0000014F6852E900][0000014F64F24740 49] iPodTouch7, [0000014F68B5CC00][0000014F64F2C8C0 49] iPhone5S, [0000014F6852D300][0000014F64E50A40 49] iPhone6Plus, [0000014F6852FA00][0000014F67766B80 49] iPhone6S, [0000014F68B85300][0000014F64E54CC0 49] iPhone6SPlus, [0000014F6852CB00][0000014F64E58E00 49] iPhone7Plus, [0000014F68B85600][0000014F64E5CF40 49] iPhoneSE, [0000014F6852CA00][0000014F64E650C0 49] iPhone8, [0000014F68B85200][0000014F64E69240 49] iPhone8Plus, [0000014F68B5EB00][0000014F64E6D3C0 49] iPhoneX, [0000014F68B84C00][0000014F64E71540 49] iPhoneXS, [0000014F68B5FA00][0000014F64E756C0 49] iPhoneXSMax, [0000014F68B87800][0000014F64E79840 49] iPhoneXR, [0000014F68B5CD00][0000014F670279C0 49] iPhone11, [0000014F68B86600][0000014F6702BB40 49] iPhone11Pro, [0000014F68B5E900][0000014F6702E140 49] iPhone11ProMax, [0000014F68B84200][0000014F670322C0 49] iPhoneSE2, [0000014F68B5CB00][0000014F67036440 49] iPhone12Mini, [0000014F68B86A00][0000014F6703A5C0 49] iPhone12, [0000014F68B5EE00][0000014F6703E740 49] iPhone12Pro, [0000014F68B84A00][0000014F670428C0 49] iPhone12ProMax, [0000014F68B5F200][0000014F67046A40 49] iPadPro105, [0000014F68B87600][0000014F6704ABC0 49] iPadPro129, [0000014F68B5E000][0000014F6704ED40 49] iPadPro97, [0000014F68B86000][0000014F64E60E80 49] iPadPro2_129, [0000014F68B5E400][0000014F67052FC0 49] iPad5, [0000014F68B85400][0000014F67057100 49] iPad6, [0000014F68B5D000][0000014F671D3280 49] iPad7, [0000014F68B85700][0000014F671D7400 49] iPad8, [0000014F68B5FC00][0000014F671DB580 49] iPadPro11, [0000014F68B85800][0000014F671DF700 49] iPadPro2_11, [0000014F68B5C600][0000014F671E3880 49] iPadPro3_129, [0000014F68B84D00][0000014F671E7A00 49] iPadPro4_129, [0000014F68B5F100][0000014F671EBB80 49] AppleTV, [0000014F68B84800][0000014F671EE180 49] AppleTV4K, [0000014F68B5C500][0000014F671F2300 49] TVOS, [0000014F68B84500][0000014F671F6480 49] Mac, [0000014F68B5C700][0000014F671FA600 49] MacClient, [0000014F68B85500][0000014F671FE780 49] MacNoEditor, [0000014F68B5D500][0000014F67202900 49] MacServer, [0000014F68B86E00][0000014F67206A80 49] Linux, [0000014F68B5C400][0000014F6720AC00 49] LinuxAArch64, [0000014F68B85E00][0000014F6720ED80 49] LinuxNoEditor, [0000014F68B5DC00][0000014F67212F00 49] LinuxAArch64NoEditor, [0000014F68B86900][0000014F6705B040 49] LinuxClient, [0000014F68B5ED00][0000014F67217180 49] LinuxAArch64Client, [0000014F68B84100][0000014F6721B2C0 49] LinuxServer, [0000014F68B5DE00][0000014F67223440 49] LinuxAArch64Server, [0000014F68B84B00][0000014F672275C0 49] Android, [0000014F68B5DA00][0000014F6722B740 49] Android_Low, [0000014F68B86F00][0000014F6722F8C0 49] Android_Mid, [0000014F68B5D100][0000014F67233A40 49] Android_High, [0000014F68B87000][0000014F67237BC0 49] Android_Default, [0000014F68B5D700][0000014F6723A1C0 49] Android_Adreno4xx, [0000014F68B85900][0000014F6723E340 49] Android_Adreno5xx_Low, [0000014F68B5CA00][0000014F672424C0 49] Android_Adreno5xx, [0000014F68B87400][0000014F67246640 49] Android_Adreno6xx, [0000014F68B5CE00][0000014F6724A7C0 49] Android_Adreno6xx_Vulkan, [0000014F68B87100][0000014F68276940 49] Android_Mali_T6xx, [0000014F6852DE00][0000014F6827AAC0 49] Android_Mali_T7xx, [0000014F684F8800][0000014F6827EC40 49] Android_Mali_T8xx, [0000014F6852D200][0000014F68282DC0 49] Android_Mali_G71, [0000014F684F8E00][0000014F68286F40 49] Android_Mali_G72, [0000014F6852D100][0000014F6828B0C0 49] Android_Mali_G72_Vulkan, [0000014F684FA500][0000014F6721F200 49] Android_Mali_G76, [0000014F6852D500][0000014F6828F340 49] Android_Mali_G76_Vulkan, [0000014F684FA000][0000014F68293480 49] Android_Mali_G77, [0000014F6852FF00][0000014F682975C0 49] Android_Mali_G77_Vulkan, [0000014F684F9D00][0000014F6829F740 49] Android_Mali_G78, [0000014F6852C300][0000014F682A38C0 49] Android_Mali_G78_Vulkan, [0000014F684F8400][0000014F682A7A40 49] Android_Mali_G710, [0000014F6852F700][0000014F682ABBC0 49] Android_Mali_G710_Vulkan, [0000014F684FB100][0000014F682AE1C0 49] Android_Vulkan_SM5, [0000014F6852C800][0000014F682B2340 49] Android_PowerVR_G6xxx, [0000014F684F8A00][0000014F682B64C0 49] Android_PowerVR_GT7xxx, [0000014F6852CD00][0000014F682BA640 49] Android_PowerVR_GE8xxx, [0000014F684FBD00][0000014F682BE7C0 49] Android_PowerVR_GM9xxx, [0000014F6852C600][0000014F682C2940 49] Android_PowerVR_GM9xxx_Vulkan, [0000014F684F9200][0000014F682C6AC0 49] Android_TegraK1, [0000014F6852EB00][0000014F682CAC40 49] Android_Unknown_Vulkan, [0000014F684FB000][0000014F682CEDC0 49] Lumin, [0000014F6852E000][0000014F682D2F40 49] Lumin_Desktop, [0000014F684FAE00][0000014F682D70C0 49] HoloLens, 
[2022.07.03-18.03.55:086][  0]LogMeshReduction: Using QuadricMeshReduction for automatic static mesh reduction
[2022.07.03-18.03.55:086][  0]LogMeshReduction: Using SimplygonMeshReduction for automatic skeletal mesh reduction
[2022.07.03-18.03.55:086][  0]LogMeshReduction: Using ProxyLODMeshReduction for automatic mesh merging
[2022.07.03-18.03.55:086][  0]LogMeshReduction: No distributed automatic mesh merging module available
[2022.07.03-18.03.55:086][  0]LogMeshMerging: No distributed automatic mesh merging module available
[2022.07.03-18.03.55:116][  0]LogNetVersion: gamejam 1.0.0, NetCL: 17155196, EngineNetVer: 17, GameNetVer: 0 (Checksum: 483881507)
[2022.07.03-18.03.55:918][  0]LogTexture: Default maximum texture size for cubemaps generated from long-lat sources has been changed from 512 to unlimited. In order to preserve old behaiour for '/Engine/MapTemplates/Sky/DaylightAmbientCubemap.DaylightAmbientCubemap', its maximum texture size has been explicitly set to 512.
[2022.07.03-18.03.56:018][  0]LogHMD: PokeAHoleMaterial loaded successfully
[2022.07.03-18.03.56:029][  0]LogUObjectArray: 17178 objects as part of root set at end of initial load.
[2022.07.03-18.03.56:029][  0]LogUObjectAllocator: 4302048 out of 0 bytes used by permanent object pool.
[2022.07.03-18.03.56:029][  0]LogUObjectArray: CloseDisregardForGC: 0/0 objects in disregard for GC pool
[2022.07.03-18.03.56:640][  0]LogNiagaraDebuggerClient: Niagara Debugger Client Initialized | Session: E27CDA9B4A62AC91C5A7068600D7AE11 | Instance: B8F9B0DC4247CB6A8F8FAEA75F73C062 (AGAMYPC-10864).
[2022.07.03-18.03.56:887][  0]LogPython: Using Python 3.7.7
[2022.07.03-18.03.57:957][  0]LogTcpMessaging: Initializing TcpMessaging bridge
[2022.07.03-18.03.57:966][  0]LogUdpMessaging: Initializing bridge on interface 0.0.0.0:0 to multicast group 230.0.0.1:6666.
[2022.07.03-18.03.58:786][  0]LogOpenImageDenoise: OIDN starting up
[2022.07.03-18.03.58:880][  0]LogAndroidPermission: UAndroidPermissionCallbackProxy::GetInstance
[2022.07.03-18.03.58:930][  0]LogAudioCaptureCore: Display: No Audio Capture implementations found. Audio input will be silent.
[2022.07.03-18.03.58:930][  0]LogAudioCaptureCore: Display: No Audio Capture implementations found. Audio input will be silent.
[2022.07.03-18.03.59:207][  0]SourceControl: Source control is disabled
[2022.07.03-18.03.59:949][  0]LogUProjectInfo: Found projects:
[2022.07.03-18.03.59:972][  0]LogCollectionManager: Loaded 0 collections in 0.002753 seconds
[2022.07.03-18.04.00:023][  0]LogFileCache: Scanning file cache for directory 'C:/Users/Window's-10/Documents/GitHub/gamejam/gamejam 4.27/Saved/Collections/' took 0.00s
[2022.07.03-18.04.00:023][  0]LogFileCache: Scanning file cache for directory 'C:/Users/Window's-10/Documents/GitHub/gamejam/gamejam 4.27/Content/Developers/Windows10/Collections/' took 0.00s
[2022.07.03-18.04.00:023][  0]LogFileCache: Scanning file cache for directory 'C:/Users/Window's-10/Documents/GitHub/gamejam/gamejam 4.27/Content/Collections/' took 0.00s
[2022.07.03-18.04.00:023][  0]LogOcInput: OculusInput pre-init called
[2022.07.03-18.04.00:904][  0]LogClass: Display: Int8Property FMTSJson::version is not initialized properly. Module:MegascansPlugin File:Private/Utilities/MTSReader.h
[2022.07.03-18.04.00:904][  0]LogClass: Display: Int16Property FMTSJson::resolutionValue is not initialized properly. Module:MegascansPlugin File:Private/Utilities/MTSReader.h
[2022.07.03-18.04.00:904][  0]LogClass: Display: BoolProperty FMTSJson::isExternal is not initialized properly. Module:MegascansPlugin File:Private/Utilities/MTSReader.h
[2022.07.03-18.04.00:904][  0]LogClass: Display: Int8Property FMTSJson::meshVersion is not initialized properly. Module:MegascansPlugin File:Private/Utilities/MTSReader.h
[2022.07.03-18.04.00:904][  0]LogClass: Display: BoolProperty FMTSJson::isCustom is not initialized properly. Module:MegascansPlugin File:Private/Utilities/MTSReader.h
[2022.07.03-18.04.00:904][  0]LogClass: Display: BoolProperty FMTSJson::isModularAsset is not initialized properly. Module:MegascansPlugin File:Private/Utilities/MTSReader.h
[2022.07.03-18.04.00:904][  0]LogClass: Display: Int8Property FLodList::variation is not initialized properly. Module:MegascansPlugin File:Private/Utilities/MTSReader.h
[2022.07.03-18.04.00:904][  0]LogClass: Display: Int16Property FMeshList::resolution is not initialized properly. Module:MegascansPlugin File:Private/Utilities/MTSReader.h
[2022.07.03-18.04.00:904][  0]LogClass: Display: Int16Property FComponents::resolution is not initialized properly. Module:MegascansPlugin File:Private/Utilities/MTSReader.h
[2022.07.03-18.04.00:904][  0]LogClass: Display: BoolProperty FTextureSets::isUdim is not initialized properly. Module:MegascansPlugin File:Private/Utilities/MTSReader.h
[2022.07.03-18.04.00:904][  0]LogClass: Display: BoolProperty FMeta::value is not initialized properly. Module:MegascansPlugin File:Private/Utilities/MTSReader.h
[2022.07.03-18.04.00:904][  0]LogClass: Display: 11 Uninitialized script struct members found including 0 object properties
[2022.07.03-18.04.00:906][  0]LogEngine: Initializing Engine...
[2022.07.03-18.04.00:911][  0]LogHMD: Failed to enumerate extensions. Please check that you have a valid OpenXR runtime installed.
[2022.07.03-18.04.00:911][  0]LogHMD: Failed to initialize OpenVR with code 110
[2022.07.03-18.04.00:911][  0]LogMagicLeap: Warning: VR disabled because ZI is not enabled.  To enable, in the editor, Edit -> Project Settings -> Plugins -> Magic Leap Plugin -> Enable Zero Iteration
[2022.07.03-18.04.00:913][  0]LogStats: UGameplayTagsManager::InitializeManager -  0.000 s
[2022.07.03-18.04.01:155][  0]LogInit: Initializing FReadOnlyCVARCache
[2022.07.03-18.04.01:173][  0]LogAIModule: Creating AISystem for world Untitled
[2022.07.03-18.04.01:185][  0]LogAudio: Display: Initializing Audio Device Manager...
[2022.07.03-18.04.01:193][  0]LogAudio: Display: Loading Default Audio Settings Objects...
[2022.07.03-18.04.01:194][  0]LogAudio: Display: No default SoundConcurrencyObject specified (or failed to load).
[2022.07.03-18.04.01:195][  0]LogAudio: Display: Audio Device Manager Initialized
[2022.07.03-18.04.01:195][  0]LogAudio: Display: Creating Audio Device:                 Id: 1, Scope: Shared, Realtime: True
[2022.07.03-18.04.01:195][  0]LogAudioMixer: Display: Audio Mixer Platform Settings:
[2022.07.03-18.04.01:195][  0]LogAudioMixer: Display: 	Sample Rate:						  48000
[2022.07.03-18.04.01:195][  0]LogAudioMixer: Display: 	Callback Buffer Frame Size Requested: 1024
[2022.07.03-18.04.01:195][  0]LogAudioMixer: Display: 	Callback Buffer Frame Size To Use:	  1024
[2022.07.03-18.04.01:195][  0]LogAudioMixer: Display: 	Number of buffers to queue:			  2
[2022.07.03-18.04.01:195][  0]LogAudioMixer: Display: 	Max Channels (voices):				  32
[2022.07.03-18.04.01:196][  0]LogAudioMixer: Display: 	Number of Async Source Workers:		  0
[2022.07.03-18.04.01:196][  0]LogAudio: Display: AudioDevice MaxSources: 32
[2022.07.03-18.04.01:196][  0]LogAudio: Display: Audio Spatialization Plugin: None (built-in).
[2022.07.03-18.04.01:196][  0]LogAudio: Display: Audio Reverb Plugin: None (built-in).
[2022.07.03-18.04.01:196][  0]LogAudio: Display: Audio Occlusion Plugin: None (built-in).
[2022.07.03-18.04.01:196][  0]LogAudioMixer: Display: Initializing audio mixer.
[2022.07.03-18.04.01:228][  0]LogAudioMixer: Display: 0: FrontLeft
[2022.07.03-18.04.01:228][  0]LogAudioMixer: Display: 1: FrontRight
[2022.07.03-18.04.01:709][  0]LogAudioMixer: Display: Using Audio Device Speaker/Headphone (Realtek High Definition Audio)
[2022.07.03-18.04.01:717][  0]LogAudioMixer: Display: Initializing Sound Submixes...
[2022.07.03-18.04.01:722][  0]LogAudioMixer: Display: Creating Master Submix 'MasterSubmixDefault'
[2022.07.03-18.04.01:723][  0]LogAudioMixer: Display: Creating Master Submix 'MasterReverbSubmixDefault'
[2022.07.03-18.04.01:724][  0]LogAudioMixer: Display: Creating Master Submix 'MasterEQSubmixDefault'
[2022.07.03-18.04.01:724][  0]LogAudioMixer: FMixerPlatformXAudio2::StartAudioStream() called
[2022.07.03-18.04.01:724][  0]LogAudioMixer: Display: Output buffers initialized: Frames=1024, Channels=2, Samples=2048
[2022.07.03-18.04.01:727][  0]LogAudioMixer: Display: Starting AudioMixerPlatformInterface::RunInternal()
[2022.07.03-18.04.01:727][  0]LogAudioMixer: Display: FMixerPlatformXAudio2::SubmitBuffer() called for the first time
[2022.07.03-18.04.01:727][  0]LogInit: FAudioDevice initialized.
[2022.07.03-18.04.01:727][  0]LogAudio: Display: Audio Device (ID: 1) registered with world 'Untitled'.
[2022.07.03-18.04.01:727][  0]LogNetVersion: Set ProjectVersion to 1.0.0.0. Version Checksum will be recalculated on next use.
[2022.07.03-18.04.01:849][  0]LogDerivedDataCache: Saved boot cache 0.12s 94MB C:/Users/Window's-10/AppData/Local/UnrealEngine/4.27/DerivedDataCache/Boot.ddc.
[2022.07.03-18.04.01:850][  0]LogInit: Texture streaming: Enabled
[2022.07.03-18.04.01:877][  0]LogAnalytics: Display: [UEEditor.Rocket.Release] APIServer = https://datarouter.ol.epicgames.com/. AppVersion = 4.27.2-18319896+++UE4+Release-4.27
[2022.07.03-18.04.01:887][  0]LogEngineSessionManager: EngineSessionManager initialized
[2022.07.03-18.04.01:888][  0]LogEditorSessionSummary: Verbose: Initializing EditorSessionSummaryWriter for editor session tracking
[2022.07.03-18.04.01:900][  0]LogEditorSessionSummary: EditorSessionSummaryWriter initialized
[2022.07.03-18.04.01:962][  0]LogInit: Transaction tracking system initialized
[2022.07.03-18.04.02:011][  0]BlueprintLog: New page: Editor Load
[2022.07.03-18.04.02:144][  0]LocalizationService: Localization service is disabled
[2022.07.03-18.04.02:193][  0]TimingProfiler: Initialize
[2022.07.03-18.04.02:193][  0]TimingProfiler: OnSessionChanged
[2022.07.03-18.04.02:194][  0]LoadingProfiler: Initialize
[2022.07.03-18.04.02:194][  0]LoadingProfiler: OnSessionChanged
[2022.07.03-18.04.02:194][  0]NetworkingProfiler: Initialize
[2022.07.03-18.04.02:194][  0]NetworkingProfiler: OnSessionChanged
[2022.07.03-18.04.02:194][  0]MemoryProfiler: Initialize
[2022.07.03-18.04.02:194][  0]MemoryProfiler: OnSessionChanged
[2022.07.03-18.04.02:529][  0]LogCook: Display: CookSettings for Memory: MemoryMaxUsedVirtual 0MiB, MemoryMaxUsedPhysical 16384MiB, MemoryMinFreeVirtual 0MiB, MemoryMinFreePhysical 1024MiB
[2022.07.03-18.04.02:529][  0]LogCook: Display: Mobile HDR setting 1
[2022.07.03-18.04.02:538][  0]LogFileCache: Scanning file cache for directory 'C:/Users/Window's-10/Documents/GitHub/gamejam/gamejam 4.27/Content/' took 0.00s
[2022.07.03-18.04.02:538][  0]LogLinker: Warning: Failed to load '/Engine/BasicShapes/Cube': Can't find file.
[2022.07.03-18.04.02:539][  0]LogLinker: Warning: Failed to load '/Engine/BasicShapes/Cube': Can't find file.
[2022.07.03-18.04.02:539][  0]LogUObjectGlobals: Warning: Failed to find object 'StaticMesh /Engine/BasicShapes/Cube.Cube'
[2022.07.03-18.04.03:254][  0]LogInit: Display: Engine is initialized. Leaving FEngineLoop::Init()
[2022.07.03-18.04.03:265][  0]LogUnrealEdMisc: Loading editor; pre map load, took 15.125
[2022.07.03-18.04.03:265][  0]Cmd: MAP LOAD FILE="../../../Engine/Content/Maps/Templates/Template_Default.umap" TEMPLATE=1 SHOWPROGRESS=1 FEATURELEVEL=3
[2022.07.03-18.04.03:266][  0]LightingResults: New page: Lighting Build
[2022.07.03-18.04.03:268][  0]LogWorld: UWorld::CleanupWorld for Untitled, bSessionEnded=true, bCleanupResources=true
[2022.07.03-18.04.03:268][  0]LogSlate: InvalidateAllWidgets triggered.  All widgets were invalidated
[2022.07.03-18.04.03:269][  0]MapCheck: New page: Map Check
[2022.07.03-18.04.03:269][  0]LightingResults: New page: Lighting Build
[2022.07.03-18.04.03:277][  0]LogAudio: Display: Audio Device unregistered from world 'None'.
[2022.07.03-18.04.03:282][  0]LogUObjectHash: Compacting FUObjectHashTables data took   1.70ms
[2022.07.03-18.04.03:401][  0]LogAudio: Display: Audio Device (ID: 1) registered with world 'Untitled_1'.
[2022.07.03-18.04.03:404][  0]LogAIModule: Creating AISystem for world Untitled_1
[2022.07.03-18.04.03:413][  0]LogEditorServer: Finished looking for orphan Actors (0.000 secs)
[2022.07.03-18.04.03:426][  0]LogUObjectHash: Compacting FUObjectHashTables data took   1.88ms
[2022.07.03-18.04.03:426][  0]Cmd: MAP CHECKDEP NOCLEARLOG
[2022.07.03-18.04.03:427][  0]MapCheck: Map check complete: 0 Error(s), 0 Warning(s), took 0.431ms to complete.
[2022.07.03-18.04.03:427][  0]LogFileHelpers: Loading map 'Template_Default' took 0.162
[2022.07.03-18.04.03:431][  0]LogUnrealEdMisc: Total Editor Startup Time, took 15.291
[2022.07.03-18.04.03:614][  0]LogSlate: Updating window title bar state: overlay mode, drag disabled, window buttons hidden, title bar hidden
[2022.07.03-18.04.03:626][  0]LogSlate: Updating window title bar state: overlay mode, drag disabled, window buttons hidden, title bar hidden
[2022.07.03-18.04.03:639][  0]LogSlate: Updating window title bar state: overlay mode, drag disabled, window buttons hidden, title bar hidden
[2022.07.03-18.04.03:652][  0]LogSlate: Updating window title bar state: overlay mode, drag disabled, window buttons hidden, title bar hidden
[2022.07.03-18.04.03:692][  0]LogNativeClassHierarchy: Verbose: Native class hierarchy populated in 0.0233 seconds. Added 3833 classes and 935 folders.
[2022.07.03-18.04.03:697][  0]LogNativeClassHierarchy: Verbose: Native class hierarchy updated for 'WidgetCarousel' in 0.0006 seconds. Added 0 classes and 0 folders.
[2022.07.03-18.04.03:700][  0]LogPakFile: PakFile PrimaryIndexSize=187
[2022.07.03-18.04.03:700][  0]LogPakFile: PakFile PathHashIndexSize=101
[2022.07.03-18.04.03:700][  0]LogPakFile: PakFile FullDirectoryIndexSize=148
[2022.07.03-18.04.03:700][  0]LogShaderLibrary: Display: ShaderCodeLibraryPakFileMountedCallback: PakFile 'C:/Program Files/Epic Games/UE_4.27/FeaturePacks/FP_FirstPerson.upack' (chunk index -1, root 'root:/') mounted
[2022.07.03-18.04.03:700][  0]LogShaderLibrary: Display: ShaderCodeLibraryPakFileMountedCallback: pending pak file info (ChunkID:-1 Root:root:/ File:C:/Program Files/Epic Games/UE_4.27/FeaturePacks/FP_FirstPerson.upack)
[2022.07.03-18.04.03:700][  0]LogPakFile: OnPakFileMounted2Time == 0.000144
[2022.07.03-18.04.03:702][  0]LogPakFile: PakFile PrimaryIndexSize=189
[2022.07.03-18.04.03:702][  0]LogPakFile: PakFile PathHashIndexSize=101
[2022.07.03-18.04.03:702][  0]LogPakFile: PakFile FullDirectoryIndexSize=152
[2022.07.03-18.04.03:702][  0]LogShaderLibrary: Display: ShaderCodeLibraryPakFileMountedCallback: PakFile 'C:/Program Files/Epic Games/UE_4.27/FeaturePacks/FP_FirstPersonBP.upack' (chunk index -1, root 'root:/') mounted
[2022.07.03-18.04.03:702][  0]LogShaderLibrary: Display: ShaderCodeLibraryPakFileMountedCallback: pending pak file info (ChunkID:-1 Root:root:/ File:C:/Program Files/Epic Games/UE_4.27/FeaturePacks/FP_FirstPersonBP.upack)
[2022.07.03-18.04.03:702][  0]LogPakFile: OnPakFileMounted2Time == 0.000114
[2022.07.03-18.04.03:704][  0]LogPakFile: PakFile PrimaryIndexSize=191
[2022.07.03-18.04.03:704][  0]LogPakFile: PakFile PathHashIndexSize=101
[2022.07.03-18.04.03:705][  0]LogPakFile: PakFile FullDirectoryIndexSize=160
[2022.07.03-18.04.03:705][  0]LogShaderLibrary: Display: ShaderCodeLibraryPakFileMountedCallback: PakFile 'C:/Program Files/Epic Games/UE_4.27/FeaturePacks/MobileStarterContent.upack' (chunk index -1, root 'root:/') mounted
[2022.07.03-18.04.03:705][  0]LogShaderLibrary: Display: ShaderCodeLibraryPakFileMountedCallback: pending pak file info (ChunkID:-1 Root:root:/ File:C:/Program Files/Epic Games/UE_4.27/FeaturePacks/MobileStarterContent.upack)
[2022.07.03-18.04.03:705][  0]LogPakFile: OnPakFileMounted2Time == 0.000103
[2022.07.03-18.04.03:707][  0]LogPakFile: PakFile PrimaryIndexSize=185
[2022.07.03-18.04.03:707][  0]LogPakFile: PakFile PathHashIndexSize=101
[2022.07.03-18.04.03:707][  0]LogPakFile: PakFile FullDirectoryIndexSize=148
[2022.07.03-18.04.03:707][  0]LogShaderLibrary: Display: ShaderCodeLibraryPakFileMountedCallback: PakFile 'C:/Program Files/Epic Games/UE_4.27/FeaturePacks/StarterContent.upack' (chunk index -1, root 'root:/') mounted
[2022.07.03-18.04.03:707][  0]LogShaderLibrary: Display: ShaderCodeLibraryPakFileMountedCallback: pending pak file info (ChunkID:-1 Root:root:/ File:C:/Program Files/Epic Games/UE_4.27/FeaturePacks/StarterContent.upack)
[2022.07.03-18.04.03:707][  0]LogPakFile: OnPakFileMounted2Time == 0.000109
[2022.07.03-18.04.03:708][  0]LogPakFile: PakFile PrimaryIndexSize=190
[2022.07.03-18.04.03:708][  0]LogPakFile: PakFile PathHashIndexSize=101
[2022.07.03-18.04.03:708][  0]LogPakFile: PakFile FullDirectoryIndexSize=154
[2022.07.03-18.04.03:709][  0]LogShaderLibrary: Display: ShaderCodeLibraryPakFileMountedCallback: PakFile 'C:/Program Files/Epic Games/UE_4.27/FeaturePacks/TP_2DSideScroller.upack' (chunk index -1, root 'root:/') mounted
[2022.07.03-18.04.03:709][  0]LogShaderLibrary: Display: ShaderCodeLibraryPakFileMountedCallback: pending pak file info (ChunkID:-1 Root:root:/ File:C:/Program Files/Epic Games/UE_4.27/FeaturePacks/TP_2DSideScroller.upack)
[2022.07.03-18.04.03:709][  0]LogPakFile: OnPakFileMounted2Time == 0.000123
[2022.07.03-18.04.03:710][  0]LogPakFile: PakFile PrimaryIndexSize=192
[2022.07.03-18.04.03:710][  0]LogPakFile: PakFile PathHashIndexSize=101
[2022.07.03-18.04.03:710][  0]LogPakFile: PakFile FullDirectoryIndexSize=158
[2022.07.03-18.04.03:710][  0]LogShaderLibrary: Display: ShaderCodeLibraryPakFileMountedCallback: PakFile 'C:/Program Files/Epic Games/UE_4.27/FeaturePacks/TP_2DSideScrollerBP.upack' (chunk index -1, root 'root:/') mounted
[2022.07.03-18.04.03:710][  0]LogShaderLibrary: Display: ShaderCodeLibraryPakFileMountedCallback: pending pak file info (ChunkID:-1 Root:root:/ File:C:/Program Files/Epic Games/UE_4.27/FeaturePacks/TP_2DSideScrollerBP.upack)
[2022.07.03-18.04.03:710][  0]LogPakFile: OnPakFileMounted2Time == 0.000098
[2022.07.03-18.04.03:712][  0]LogPakFile: PakFile PrimaryIndexSize=182
[2022.07.03-18.04.03:712][  0]LogPakFile: PakFile PathHashIndexSize=101
[2022.07.03-18.04.03:712][  0]LogPakFile: PakFile FullDirectoryIndexSize=138
[2022.07.03-18.04.03:712][  0]LogShaderLibrary: Display: ShaderCodeLibraryPakFileMountedCallback: PakFile 'C:/Program Files/Epic Games/UE_4.27/FeaturePacks/TP_Flying.upack' (chunk index -1, root 'root:/') mounted
[2022.07.03-18.04.03:712][  0]LogShaderLibrary: Display: ShaderCodeLibraryPakFileMountedCallback: pending pak file info (ChunkID:-1 Root:root:/ File:C:/Program Files/Epic Games/UE_4.27/FeaturePacks/TP_Flying.upack)
[2022.07.03-18.04.03:712][  0]LogPakFile: OnPakFileMounted2Time == 0.000097
[2022.07.03-18.04.03:714][  0]LogPakFile: PakFile PrimaryIndexSize=184
[2022.07.03-18.04.03:714][  0]LogPakFile: PakFile PathHashIndexSize=101
[2022.07.03-18.04.03:714][  0]LogPakFile: PakFile FullDirectoryIndexSize=142
[2022.07.03-18.04.03:714][  0]LogShaderLibrary: Display: ShaderCodeLibraryPakFileMountedCallback: PakFile 'C:/Program Files/Epic Games/UE_4.27/FeaturePacks/TP_FlyingBP.upack' (chunk index -1, root 'root:/') mounted
[2022.07.03-18.04.03:714][  0]LogShaderLibrary: Display: ShaderCodeLibraryPakFileMountedCallback: pending pak file info (ChunkID:-1 Root:root:/ File:C:/Program Files/Epic Games/UE_4.27/FeaturePacks/TP_FlyingBP.upack)
[2022.07.03-18.04.03:714][  0]LogPakFile: OnPakFileMounted2Time == 0.000099
[2022.07.03-18.04.03:715][  0]LogPakFile: PakFile PrimaryIndexSize=188
[2022.07.03-18.04.03:716][  0]LogPakFile: PakFile PathHashIndexSize=101
[2022.07.03-18.04.03:716][  0]LogPakFile: PakFile FullDirectoryIndexSize=150
[2022.07.03-18.04.03:716][  0]LogShaderLibrary: Display: ShaderCodeLibraryPakFileMountedCallback: PakFile 'C:/Program Files/Epic Games/UE_4.27/FeaturePacks/TP_HandheldARBP.upack' (chunk index -1, root 'root:/') mounted
[2022.07.03-18.04.03:716][  0]LogShaderLibrary: Display: ShaderCodeLibraryPakFileMountedCallback: pending pak file info (ChunkID:-1 Root:root:/ File:C:/Program Files/Epic Games/UE_4.27/FeaturePacks/TP_HandheldARBP.upack)
[2022.07.03-18.04.03:716][  0]LogPakFile: OnPakFileMounted2Time == 0.000098
[2022.07.03-18.04.03:718][  0]LogPakFile: PakFile PrimaryIndexSize=182
[2022.07.03-18.04.03:718][  0]LogPakFile: PakFile PathHashIndexSize=101
[2022.07.03-18.04.03:718][  0]LogPakFile: PakFile FullDirectoryIndexSize=138
[2022.07.03-18.04.03:718][  0]LogShaderLibrary: Display: ShaderCodeLibraryPakFileMountedCallback: PakFile 'C:/Program Files/Epic Games/UE_4.27/FeaturePacks/TP_Puzzle.upack' (chunk index -1, root 'root:/') mounted
[2022.07.03-18.04.03:718][  0]LogShaderLibrary: Display: ShaderCodeLibraryPakFileMountedCallback: pending pak file info (ChunkID:-1 Root:root:/ File:C:/Program Files/Epic Games/UE_4.27/FeaturePacks/TP_Puzzle.upack)
[2022.07.03-18.04.03:718][  0]LogPakFile: OnPakFileMounted2Time == 0.000101
[2022.07.03-18.04.03:720][  0]LogPakFile: PakFile PrimaryIndexSize=184
[2022.07.03-18.04.03:720][  0]LogPakFile: PakFile PathHashIndexSize=101
[2022.07.03-18.04.03:720][  0]LogPakFile: PakFile FullDirectoryIndexSize=142
[2022.07.03-18.04.03:720][  0]LogShaderLibrary: Display: ShaderCodeLibraryPakFileMountedCallback: PakFile 'C:/Program Files/Epic Games/UE_4.27/FeaturePacks/TP_PuzzleBP.upack' (chunk index -1, root 'root:/') mounted
[2022.07.03-18.04.03:720][  0]LogShaderLibrary: Display: ShaderCodeLibraryPakFileMountedCallback: pending pak file info (ChunkID:-1 Root:root:/ File:C:/Program Files/Epic Games/UE_4.27/FeaturePacks/TP_PuzzleBP.upack)
[2022.07.03-18.04.03:720][  0]LogPakFile: OnPakFileMounted2Time == 0.000100
[2022.07.03-18.04.03:721][  0]LogPakFile: PakFile PrimaryIndexSize=183
[2022.07.03-18.04.03:721][  0]LogPakFile: PakFile PathHashIndexSize=101
[2022.07.03-18.04.03:721][  0]LogPakFile: PakFile FullDirectoryIndexSize=140
[2022.07.03-18.04.03:721][  0]LogShaderLibrary: Display: ShaderCodeLibraryPakFileMountedCallback: PakFile 'C:/Program Files/Epic Games/UE_4.27/FeaturePacks/TP_Rolling.upack' (chunk index -1, root 'root:/') mounted
[2022.07.03-18.04.03:722][  0]LogShaderLibrary: Display: ShaderCodeLibraryPakFileMountedCallback: pending pak file info (ChunkID:-1 Root:root:/ File:C:/Program Files/Epic Games/UE_4.27/FeaturePacks/TP_Rolling.upack)
[2022.07.03-18.04.03:722][  0]LogPakFile: OnPakFileMounted2Time == 0.000111
[2022.07.03-18.04.03:723][  0]LogPakFile: PakFile PrimaryIndexSize=185
[2022.07.03-18.04.03:723][  0]LogPakFile: PakFile PathHashIndexSize=101
[2022.07.03-18.04.03:723][  0]LogPakFile: PakFile FullDirectoryIndexSize=144
[2022.07.03-18.04.03:723][  0]LogShaderLibrary: Display: ShaderCodeLibraryPakFileMountedCallback: PakFile 'C:/Program Files/Epic Games/UE_4.27/FeaturePacks/TP_RollingBP.upack' (chunk index -1, root 'root:/') mounted
[2022.07.03-18.04.03:723][  0]LogShaderLibrary: Display: ShaderCodeLibraryPakFileMountedCallback: pending pak file info (ChunkID:-1 Root:root:/ File:C:/Program Files/Epic Games/UE_4.27/FeaturePacks/TP_RollingBP.upack)
[2022.07.03-18.04.03:723][  0]LogPakFile: OnPakFileMounted2Time == 0.000107
[2022.07.03-18.04.03:725][  0]LogPakFile: PakFile PrimaryIndexSize=188
[2022.07.03-18.04.03:725][  0]LogPakFile: PakFile PathHashIndexSize=101
[2022.07.03-18.04.03:725][  0]LogPakFile: PakFile FullDirectoryIndexSize=150
[2022.07.03-18.04.03:726][  0]LogShaderLibrary: Display: ShaderCodeLibraryPakFileMountedCallback: PakFile 'C:/Program Files/Epic Games/UE_4.27/FeaturePacks/TP_SideScroller.upack' (chunk index -1, root 'root:/') mounted
[2022.07.03-18.04.03:726][  0]LogShaderLibrary: Display: ShaderCodeLibraryPakFileMountedCallback: pending pak file info (ChunkID:-1 Root:root:/ File:C:/Program Files/Epic Games/UE_4.27/FeaturePacks/TP_SideScroller.upack)
[2022.07.03-18.04.03:726][  0]LogPakFile: OnPakFileMounted2Time == 0.000150
[2022.07.03-18.04.03:728][  0]LogPakFile: PakFile PrimaryIndexSize=190
[2022.07.03-18.04.03:728][  0]LogPakFile: PakFile PathHashIndexSize=101
[2022.07.03-18.04.03:728][  0]LogPakFile: PakFile FullDirectoryIndexSize=154
[2022.07.03-18.04.03:728][  0]LogShaderLibrary: Display: ShaderCodeLibraryPakFileMountedCallback: PakFile 'C:/Program Files/Epic Games/UE_4.27/FeaturePacks/TP_SideScrollerBP.upack' (chunk index -1, root 'root:/') mounted
[2022.07.03-18.04.03:728][  0]LogShaderLibrary: Display: ShaderCodeLibraryPakFileMountedCallback: pending pak file info (ChunkID:-1 Root:root:/ File:C:/Program Files/Epic Games/UE_4.27/FeaturePacks/TP_SideScrollerBP.upack)
[2022.07.03-18.04.03:728][  0]LogPakFile: OnPakFileMounted2Time == 0.000143
[2022.07.03-18.04.03:730][  0]LogPakFile: PakFile PrimaryIndexSize=187
[2022.07.03-18.04.03:730][  0]LogPakFile: PakFile PathHashIndexSize=101
[2022.07.03-18.04.03:730][  0]LogPakFile: PakFile FullDirectoryIndexSize=148
[2022.07.03-18.04.03:730][  0]LogShaderLibrary: Display: ShaderCodeLibraryPakFileMountedCallback: PakFile 'C:/Program Files/Epic Games/UE_4.27/FeaturePacks/TP_ThirdPerson.upack' (chunk index -1, root 'root:/') mounted
[2022.07.03-18.04.03:731][  0]LogShaderLibrary: Display: ShaderCodeLibraryPakFileMountedCallback: pending pak file info (ChunkID:-1 Root:root:/ File:C:/Program Files/Epic Games/UE_4.27/FeaturePacks/TP_ThirdPerson.upack)
[2022.07.03-18.04.03:731][  0]LogPakFile: OnPakFileMounted2Time == 0.000142
[2022.07.03-18.04.03:732][  0]LogPakFile: PakFile PrimaryIndexSize=189
[2022.07.03-18.04.03:732][  0]LogPakFile: PakFile PathHashIndexSize=101
[2022.07.03-18.04.03:732][  0]LogPakFile: PakFile FullDirectoryIndexSize=152
[2022.07.03-18.04.03:732][  0]LogShaderLibrary: Display: ShaderCodeLibraryPakFileMountedCallback: PakFile 'C:/Program Files/Epic Games/UE_4.27/FeaturePacks/TP_ThirdPersonBP.upack' (chunk index -1, root 'root:/') mounted
[2022.07.03-18.04.03:733][  0]LogShaderLibrary: Display: ShaderCodeLibraryPakFileMountedCallback: pending pak file info (ChunkID:-1 Root:root:/ File:C:/Program Files/Epic Games/UE_4.27/FeaturePacks/TP_ThirdPersonBP.upack)
[2022.07.03-18.04.03:733][  0]LogPakFile: OnPakFileMounted2Time == 0.000103
[2022.07.03-18.04.03:734][  0]LogPakFile: PakFile PrimaryIndexSize=183
[2022.07.03-18.04.03:734][  0]LogPakFile: PakFile PathHashIndexSize=101
[2022.07.03-18.04.03:734][  0]LogPakFile: PakFile FullDirectoryIndexSize=140
[2022.07.03-18.04.03:734][  0]LogShaderLibrary: Display: ShaderCodeLibraryPakFileMountedCallback: PakFile 'C:/Program Files/Epic Games/UE_4.27/FeaturePacks/TP_TopDown.upack' (chunk index -1, root 'root:/') mounted
[2022.07.03-18.04.03:734][  0]LogShaderLibrary: Display: ShaderCodeLibraryPakFileMountedCallback: pending pak file info (ChunkID:-1 Root:root:/ File:C:/Program Files/Epic Games/UE_4.27/FeaturePacks/TP_TopDown.upack)
[2022.07.03-18.04.03:734][  0]LogPakFile: OnPakFileMounted2Time == 0.000118
[2022.07.03-18.04.03:736][  0]LogPakFile: PakFile PrimaryIndexSize=185
[2022.07.03-18.04.03:736][  0]LogPakFile: PakFile PathHashIndexSize=101
[2022.07.03-18.04.03:736][  0]LogPakFile: PakFile FullDirectoryIndexSize=144
[2022.07.03-18.04.03:736][  0]LogShaderLibrary: Display: ShaderCodeLibraryPakFileMountedCallback: PakFile 'C:/Program Files/Epic Games/UE_4.27/FeaturePacks/TP_TopDownBP.upack' (chunk index -1, root 'root:/') mounted
[2022.07.03-18.04.03:736][  0]LogShaderLibrary: Display: ShaderCodeLibraryPakFileMountedCallback: pending pak file info (ChunkID:-1 Root:root:/ File:C:/Program Files/Epic Games/UE_4.27/FeaturePacks/TP_TopDownBP.upack)
[2022.07.03-18.04.03:736][  0]LogPakFile: OnPakFileMounted2Time == 0.000107
[2022.07.03-18.04.03:738][  0]LogPakFile: PakFile PrimaryIndexSize=185
[2022.07.03-18.04.03:738][  0]LogPakFile: PakFile PathHashIndexSize=101
[2022.07.03-18.04.03:738][  0]LogPakFile: PakFile FullDirectoryIndexSize=144
[2022.07.03-18.04.03:738][  0]LogShaderLibrary: Display: ShaderCodeLibraryPakFileMountedCallback: PakFile 'C:/Program Files/Epic Games/UE_4.27/FeaturePacks/TP_TwinStick.upack' (chunk index -1, root 'root:/') mounted
[2022.07.03-18.04.03:738][  0]LogShaderLibrary: Display: ShaderCodeLibraryPakFileMountedCallback: pending pak file info (ChunkID:-1 Root:root:/ File:C:/Program Files/Epic Games/UE_4.27/FeaturePacks/TP_TwinStick.upack)
[2022.07.03-18.04.03:738][  0]LogPakFile: OnPakFileMounted2Time == 0.000102
[2022.07.03-18.04.03:740][  0]LogPakFile: PakFile PrimaryIndexSize=187
[2022.07.03-18.04.03:740][  0]LogPakFile: PakFile PathHashIndexSize=101
[2022.07.03-18.04.03:740][  0]LogPakFile: PakFile FullDirectoryIndexSize=148
[2022.07.03-18.04.03:740][  0]LogShaderLibrary: Display: ShaderCodeLibraryPakFileMountedCallback: PakFile 'C:/Program Files/Epic Games/UE_4.27/FeaturePacks/TP_TwinStickBP.upack' (chunk index -1, root 'root:/') mounted
[2022.07.03-18.04.03:740][  0]LogShaderLibrary: Display: ShaderCodeLibraryPakFileMountedCallback: pending pak file info (ChunkID:-1 Root:root:/ File:C:/Program Files/Epic Games/UE_4.27/FeaturePacks/TP_TwinStickBP.upack)
[2022.07.03-18.04.03:740][  0]LogPakFile: OnPakFileMounted2Time == 0.000099
[2022.07.03-18.04.03:741][  0]LogPakFile: PakFile PrimaryIndexSize=183
[2022.07.03-18.04.03:741][  0]LogPakFile: PakFile PathHashIndexSize=101
[2022.07.03-18.04.03:741][  0]LogPakFile: PakFile FullDirectoryIndexSize=140
[2022.07.03-18.04.03:742][  0]LogShaderLibrary: Display: ShaderCodeLibraryPakFileMountedCallback: PakFile 'C:/Program Files/Epic Games/UE_4.27/FeaturePacks/TP_Vehicle.upack' (chunk index -1, root 'root:/') mounted
[2022.07.03-18.04.03:742][  0]LogShaderLibrary: Display: ShaderCodeLibraryPakFileMountedCallback: pending pak file info (ChunkID:-1 Root:root:/ File:C:/Program Files/Epic Games/UE_4.27/FeaturePacks/TP_Vehicle.upack)
[2022.07.03-18.04.03:742][  0]LogPakFile: OnPakFileMounted2Time == 0.000110
[2022.07.03-18.04.03:743][  0]LogPakFile: PakFile PrimaryIndexSize=186
[2022.07.03-18.04.03:743][  0]LogPakFile: PakFile PathHashIndexSize=101
[2022.07.03-18.04.03:743][  0]LogPakFile: PakFile FullDirectoryIndexSize=146
[2022.07.03-18.04.03:743][  0]LogShaderLibrary: Display: ShaderCodeLibraryPakFileMountedCallback: PakFile 'C:/Program Files/Epic Games/UE_4.27/FeaturePacks/TP_VehicleAdv.upack' (chunk index -1, root 'root:/') mounted
[2022.07.03-18.04.03:743][  0]LogShaderLibrary: Display: ShaderCodeLibraryPakFileMountedCallback: pending pak file info (ChunkID:-1 Root:root:/ File:C:/Program Files/Epic Games/UE_4.27/FeaturePacks/TP_VehicleAdv.upack)
[2022.07.03-18.04.03:743][  0]LogPakFile: OnPakFileMounted2Time == 0.000104
[2022.07.03-18.04.03:745][  0]LogPakFile: PakFile PrimaryIndexSize=188
[2022.07.03-18.04.03:746][  0]LogPakFile: PakFile PathHashIndexSize=101
[2022.07.03-18.04.03:746][  0]LogPakFile: PakFile FullDirectoryIndexSize=150
[2022.07.03-18.04.03:746][  0]LogShaderLibrary: Display: ShaderCodeLibraryPakFileMountedCallback: PakFile 'C:/Program Files/Epic Games/UE_4.27/FeaturePacks/TP_VehicleAdvBP.upack' (chunk index -1, root 'root:/') mounted
[2022.07.03-18.04.03:746][  0]LogShaderLibrary: Display: ShaderCodeLibraryPakFileMountedCallback: pending pak file info (ChunkID:-1 Root:root:/ File:C:/Program Files/Epic Games/UE_4.27/FeaturePacks/TP_VehicleAdvBP.upack)
[2022.07.03-18.04.03:746][  0]LogPakFile: OnPakFileMounted2Time == 0.000107
[2022.07.03-18.04.03:747][  0]LogPakFile: PakFile PrimaryIndexSize=185
[2022.07.03-18.04.03:747][  0]LogPakFile: PakFile PathHashIndexSize=101
[2022.07.03-18.04.03:748][  0]LogPakFile: PakFile FullDirectoryIndexSize=144
[2022.07.03-18.04.03:748][  0]LogShaderLibrary: Display: ShaderCodeLibraryPakFileMountedCallback: PakFile 'C:/Program Files/Epic Games/UE_4.27/FeaturePacks/TP_VehicleBP.upack' (chunk index -1, root 'root:/') mounted
[2022.07.03-18.04.03:748][  0]LogShaderLibrary: Display: ShaderCodeLibraryPakFileMountedCallback: pending pak file info (ChunkID:-1 Root:root:/ File:C:/Program Files/Epic Games/UE_4.27/FeaturePacks/TP_VehicleBP.upack)
[2022.07.03-18.04.03:748][  0]LogPakFile: OnPakFileMounted2Time == 0.000103
[2022.07.03-18.04.03:749][  0]LogPakFile: PakFile PrimaryIndexSize=192
[2022.07.03-18.04.03:749][  0]LogPakFile: PakFile PathHashIndexSize=101
[2022.07.03-18.04.03:749][  0]LogPakFile: PakFile FullDirectoryIndexSize=158
[2022.07.03-18.04.03:749][  0]LogShaderLibrary: Display: ShaderCodeLibraryPakFileMountedCallback: PakFile 'C:/Program Files/Epic Games/UE_4.27/FeaturePacks/TP_VirtualRealityBP.upack' (chunk index -1, root 'root:/') mounted
[2022.07.03-18.04.03:749][  0]LogShaderLibrary: Display: ShaderCodeLibraryPakFileMountedCallback: pending pak file info (ChunkID:-1 Root:root:/ File:C:/Program Files/Epic Games/UE_4.27/FeaturePacks/TP_VirtualRealityBP.upack)
[2022.07.03-18.04.03:749][  0]LogPakFile: OnPakFileMounted2Time == 0.000103
[2022.07.03-18.04.03:926][  0]LogNativeClassHierarchy: Verbose: Native class hierarchy updated for 'AddContentDialog' in 0.0006 seconds. Added 0 classes and 0 folders.
[2022.07.03-18.04.03:929][  0]LogNativeClassHierarchy: Verbose: Native class hierarchy updated for 'SceneOutliner' in 0.0006 seconds. Added 2 classes and 0 folders.
[2022.07.03-18.04.04:115][  0]LogSlate: Took 0.000370 seconds to synchronously load lazily loaded font '../../../Engine/Content/Slate/Fonts/Roboto-Regular.ttf' (155K)
[2022.07.03-18.04.04:117][  0]LogSlate: Took 0.000501 seconds to synchronously load lazily loaded font '../../../Engine/Content/Editor/Slate/Fonts/FontAwesome.ttf' (139K)
[2022.07.03-18.04.04:121][  0]LogSlate: Took 0.000586 seconds to synchronously load lazily loaded font '../../../Engine/Content/Slate/Fonts/Roboto-Bold.ttf' (160K)
[2022.07.03-18.04.04:294][  0]LogRenderer: Reallocating scene render targets to support 1020x408 Format 10 NumSamples 1 (Frame:1).
[2022.07.03-18.04.04:642][  0]LogNativeClassHierarchy: Verbose: Native class hierarchy updated for 'HierarchicalLODOutliner' in 0.0005 seconds. Added 0 classes and 0 folders.
[2022.07.03-18.04.04:642][  0]LogLoad: (Engine Initialization) Total time: 16.50 seconds
[2022.07.03-18.04.04:643][  0]LogLoad: (Engine Initialization) Total Blueprint compile time: 0.00 seconds
[2022.07.03-18.04.04:670][  0]LogLinker: Warning: Failed to load '/Engine/BasicShapes/Cube': Can't find file.
[2022.07.03-18.04.04:670][  0]LogLinker: Warning: Failed to load '/Engine/BasicShapes/Cube': Can't find file.
[2022.07.03-18.04.04:670][  0]LogUObjectGlobals: Warning: Failed to find object 'StaticMesh /Engine/BasicShapes/Cube.Cube'
[2022.07.03-18.04.04:721][  0]LogContentStreaming: Texture pool size now 1000 MB
[2022.07.03-18.04.04:752][  1]LogAssetRegistry: Asset discovery search completed in 10.5394 seconds
[2022.07.03-18.04.04:767][  1]LogCollectionManager: Fixed up redirectors for 0 collections in 0.000009 seconds (updated 0 objects)
[2022.07.03-18.04.04:850][  3]LogSlate: Took 0.000338 seconds to synchronously load lazily loaded font '../../../Engine/Content/Slate/Fonts/Roboto-Light.ttf' (167K)
[2022.07.03-18.04.15:458][588]LogSlate: Took 0.000363 seconds to synchronously load lazily loaded font '../../../Engine/Content/Slate/Fonts/Roboto-Light.ttf' (167K)
[2022.07.03-18.04.15:518][588]LogEditorClassViewer: Warning: Class /Engine/Tutorial/InWorldBlueprintEditing/TutorialAssets/IWBE_Blutility.IWBE_Blutility_C has parent /Script/Blutility.PlacedEditorUtilityBase, but this parent is not found. The Class will not be shown in ClassViewer.
[2022.07.03-18.04.17:005][588]LogSlate: Window 'Pick Parent Class' being destroyed
[2022.07.03-18.04.17:015][588]LogContentBrowser: Deferred new asset file creation: NewBlueprint1
[2022.07.03-18.04.17:030][588]LogContentBrowser: Creating deferred item: NewBlueprint1
[2022.07.03-18.04.20:289][783]LogContentBrowser: Attempting asset rename: NewBlueprint1 -> 2
[2022.07.03-18.04.20:438][783]LogContentBrowser: End creating deferred item NewBlueprint1
[2022.07.03-18.04.25:766][ 76]SourceControl: fatal: /Temp: '/Temp' is outside repository at 'C:/Users/Window's-10/Documents/GitHub/gamejam'
[2022.07.03-18.04.27:012][ 76]LogSlate: Window 'Save Level As' being destroyed
[2022.07.03-18.04.27:047][ 76]Cmd: OBJ SAVEPACKAGE PACKAGE="/Game/Maps/NewMap" FILE="../../../../../../Users/Window's-10/Documents/GitHub/gamejam/gamejam 4.27/Content/Maps/NewMap.umap" SILENT=true AUTOSAVING=false KEEPDIRTY=false
[2022.07.03-18.04.27:058][ 76]LogUObjectHash: Compacting FUObjectHashTables data took   1.26ms
[2022.07.03-18.04.27:082][ 76]LogSavePackage: Moving '../../../../../../Users/Window's-10/Documents/GitHub/gamejam/gamejam 4.27/Saved/NewMap65E367C94439F83E82F919A9F1C5E944.tmp' to '../../../../../../Users/Window's-10/Documents/GitHub/gamejam/gamejam 4.27/Content/Maps/NewMap.umap'
[2022.07.03-18.04.27:604][ 76]Cmd: OBJ SAVEPACKAGE PACKAGE="/Game/Maps/NewMap_BuiltData" FILE="../../../../../../Users/Window's-10/Documents/GitHub/gamejam/gamejam 4.27/Content/Maps/NewMap_BuiltData.uasset" SILENT=true
[2022.07.03-18.04.27:649][ 76]LogSavePackage: Moving '../../../../../../Users/Window's-10/Documents/GitHub/gamejam/gamejam 4.27/Saved/NewMap_BuiltDataE6ECBF9F4EDF378A34EAD4B9AFACA198.tmp' to '../../../../../../Users/Window's-10/Documents/GitHub/gamejam/gamejam 4.27/Content/Maps/NewMap_BuiltData.uasset'
[2022.07.03-18.04.28:153][ 76]LogFileHelpers: Saving map 'NewMap' took 1.132
[2022.07.03-18.04.28:159][ 76]AssetCheck: New page: Asset Save: multiple assets
[2022.07.03-18.04.28:159][ 76]LogContentValidation: Display: Validating MapBuildDataRegistry /Game/Maps/NewMap_BuiltData.NewMap_BuiltData
[2022.07.03-18.04.28:159][ 76]LogContentValidation: Display: Validating World /Game/Maps/NewMap.NewMap
[2022.07.03-18.04.28:462][ 90]SourceControl: fatal: /Temp: '/Temp' is outside repository at 'C:/Users/Window's-10/Documents/GitHub/gamejam'
[2022.07.03-18.04.29:006][120]LogUObjectHash: Compacting FUObjectHashTables data took   0.48ms
[2022.07.03-18.04.30:542][120]LogSlate: Window 'Save Content' being destroyed
[2022.07.03-18.04.30:728][120]Cmd: OBJ SAVEPACKAGE PACKAGE="/Game/2" FILE="../../../../../../Users/Window's-10/Documents/GitHub/gamejam/gamejam 4.27/Content/2.uasset" SILENT=true
[2022.07.03-18.04.30:742][120]LogSavePackage: Moving '../../../../../../Users/Window's-10/Documents/GitHub/gamejam/gamejam 4.27/Saved/245F808AE4C11DD6E4A5343B17595CCB0.tmp' to '../../../../../../Users/Window's-10/Documents/GitHub/gamejam/gamejam 4.27/Content/2.uasset'
[2022.07.03-18.04.31:065][120]AssetCheck: New page: Asset Save: 2
[2022.07.03-18.04.31:065][120]LogContentValidation: Display: Validating Blueprint /Game/2.2
[2022.07.03-18.27.51:742][513]LogD3D11RHI: Timed out while waiting for GPU to catch up. (0.5 s) (ErrorCode 00000001) (00000000)
