Log file open, 07/03/22 18:36:05
LogWindows: Failed to load 'aqProf.dll' (GetLastError=126)
LogWindows: File 'aqProf.dll' does not exist
LogWindows: Failed to load 'VtuneApi.dll' (GetLastError=126)
LogWindows: File 'VtuneApi.dll' does not exist
LogWindows: Failed to load 'VtuneApi32e.dll' (GetLastError=126)
LogWindows: File 'VtuneApi32e.dll' does not exist
LogConsoleResponse: Display: Failed to find resolution value strings in scalability ini. Falling back to default.
LogConsoleResponse: Display: Failed to find resolution value strings in scalability ini. Falling back to default.
LogInit: Display: Running engine for game: gamejam
LogPlatformFile: Not using cached read wrapper
LogTaskGraph: Started task graph with 5 named threads and 23 total threads with 3 sets of task threads.
LogStats: Stats thread started at 0.438638
LogICUInternationalization: ICU TimeZone Detection - Raw Offset: +2:00, Platform Override: ''
LogInit: Display: Loading text-based GConfig....
LogPluginManager: Mounting plugin MegascansPlugin
LogPluginManager: Mounting plugin MeshPainting
LogPluginManager: Mounting plugin XGEController
LogPluginManager: Mounting plugin Paper2D
LogPluginManager: Mounting plugin AISupport
LogPluginManager: Mounting plugin EnvironmentQueryEditor
LogPluginManager: Mounting plugin LightPropagationVolume
LogPluginManager: Mounting plugin GameplayCameras
LogPluginManager: Mounting plugin CameraShakePreviewer
LogPluginManager: Mounting plugin OodleData
LogPluginManager: Mounting plugin OodleNetwork
LogPluginManager: Mounting plugin AnimationSharing
LogPluginManager: Mounting plugin CodeLiteSourceCodeAccess
LogPluginManager: Mounting plugin CLionSourceCodeAccess
LogPluginManager: Mounting plugin NullSourceCodeAccess
LogPluginManager: Mounting plugin KDevelopSourceCodeAccess
LogPluginManager: Mounting plugin GitSourceControl
LogPluginManager: Mounting plugin LiveLink
LogPluginManager: Mounting plugin PixWinPlugin
LogPluginManager: Mounting plugin PerforceSourceControl
LogPluginManager: Mounting plugin PlasticSourceControl
LogPluginManager: Mounting plugin PluginUtils
LogPluginManager: Mounting plugin SubversionSourceControl
LogPluginManager: Mounting plugin PropertyAccessNode
LogPluginManager: Mounting plugin RiderSourceCodeAccess
LogPluginManager: Mounting plugin TextureFormatOodle
LogPluginManager: Mounting plugin AssetManagerEditor
LogPluginManager: Mounting plugin UObjectPlugin
LogPluginManager: Mounting plugin XCodeSourceCodeAccess
LogPluginManager: Mounting plugin VisualStudioSourceCodeAccess
LogPluginManager: Mounting plugin VisualStudioCodeSourceCodeAccess
LogPluginManager: Mounting plugin CryptoKeys
LogPluginManager: Mounting plugin CurveEditorTools
LogPluginManager: Mounting plugin FacialAnimation
LogPluginManager: Mounting plugin EditorScriptingUtilities
LogPluginManager: Mounting plugin GeometryMode
LogPluginManager: Mounting plugin GameplayTagsEditor
LogPluginManager: Mounting plugin MaterialAnalyzer
LogPluginManager: Mounting plugin MacGraphicsSwitching
LogPluginManager: Mounting plugin DataValidation
LogPluginManager: Mounting plugin PluginBrowser
LogPluginManager: Mounting plugin MobileLauncherProfileWizard
LogPluginManager: Mounting plugin SpeedTreeImporter
LogPluginManager: Mounting plugin DatasmithContent
LogPluginManager: Mounting plugin VariantManagerContent
LogPluginManager: Mounting plugin AlembicImporter
LogPluginManager: Mounting plugin BackChannel
LogPluginManager: Mounting plugin AutomationUtils
LogPluginManager: Mounting plugin ChaosCloth
LogPluginManager: Mounting plugin ChaosClothEditor
LogPluginManager: Mounting plugin ChaosEditor
LogPluginManager: Mounting plugin ChaosSolverPlugin
LogPluginManager: Mounting plugin ChaosNiagara
LogPluginManager: Mounting plugin CharacterAI
LogPluginManager: Mounting plugin Niagara
LogPluginManager: Mounting plugin GeometryCollectionPlugin
LogPluginManager: Mounting plugin GeometryProcessing
LogPluginManager: Mounting plugin GeometryCache
LogPluginManager: Mounting plugin MotoSynth
LogPluginManager: Mounting plugin OpenImageDenoise
LogPluginManager: Mounting plugin PlanarCut
LogPluginManager: Mounting plugin ProxyLODPlugin
LogPluginManager: Mounting plugin PlatformCrypto
LogPluginManager: Mounting plugin PythonScriptPlugin
LogPluginManager: Mounting plugin SkeletalReduction
LogPluginManager: Mounting plugin LuminPlatformFeatures
LogPluginManager: Mounting plugin MagicLeap
LogPluginManager: Mounting plugin MagicLeapLightEstimation
LogPluginManager: Mounting plugin MagicLeapMedia
LogPluginManager: Mounting plugin MagicLeapPassableWorld
LogPluginManager: Mounting plugin MLSDK
LogPluginManager: Mounting plugin AndroidMedia
LogPluginManager: Mounting plugin AvfMedia
LogPluginManager: Mounting plugin ImgMedia
LogPluginManager: Mounting plugin MediaCompositing
LogPluginManager: Mounting plugin MediaPlayerEditor
LogPluginManager: Mounting plugin WebMMedia
LogPluginManager: Mounting plugin WmfMedia
LogPluginManager: Mounting plugin TcpMessaging
LogPluginManager: Mounting plugin ActorSequence
LogPluginManager: Mounting plugin UdpMessaging
LogPluginManager: Mounting plugin LevelSequenceEditor
LogPluginManager: Mounting plugin MatineeToLevelSequence
LogPluginManager: Mounting plugin TemplateSequence
LogPluginManager: Mounting plugin OnlineSubsystem
LogPluginManager: Mounting plugin OnlineSubsystemNull
LogPluginManager: Mounting plugin OnlineSubsystemUtils
LogPluginManager: Mounting plugin LauncherChunkInstaller
LogPluginManager: Mounting plugin ActorLayerUtilities
LogPluginManager: Mounting plugin ScreenshotTools
LogPluginManager: Mounting plugin Takes
LogPluginManager: Mounting plugin AndroidDeviceProfileSelector
LogPluginManager: Mounting plugin AppleImageUtils
LogPluginManager: Mounting plugin AppleMoviePlayer
LogPluginManager: Mounting plugin AndroidPermission
LogPluginManager: Mounting plugin AssetTags
LogPluginManager: Mounting plugin ArchVisCharacter
LogPluginManager: Mounting plugin AudioCapture
LogPluginManager: Mounting plugin AudioSynesthesia
LogPluginManager: Mounting plugin CableComponent
LogPluginManager: Mounting plugin CustomMeshComponent
LogPluginManager: Mounting plugin ChunkDownloader
LogPluginManager: Mounting plugin AndroidMoviePlayer
LogPluginManager: Mounting plugin EditableMesh
LogPluginManager: Mounting plugin ExampleDeviceProfileSelector
LogPluginManager: Mounting plugin GoogleCloudMessaging
LogPluginManager: Mounting plugin GooglePAD
LogPluginManager: Mounting plugin IOSDeviceProfileSelector
LogPluginManager: Mounting plugin LinuxDeviceProfileSelector
LogPluginManager: Mounting plugin LocationServicesBPLibrary
LogPluginManager: Mounting plugin MobilePatchingUtils
LogPluginManager: Mounting plugin OpenXR
LogPluginManager: Mounting plugin OpenXREyeTracker
LogPluginManager: Mounting plugin OpenXRHandTracking
LogPluginManager: Mounting plugin PhysXVehicles
LogPluginManager: Mounting plugin PostSplashScreen
LogPluginManager: Mounting plugin ProceduralMeshComponent
LogPluginManager: Mounting plugin PropertyAccessEditor
LogPluginManager: Mounting plugin SignificanceManager
LogPluginManager: Mounting plugin RuntimePhysXCooking
LogPluginManager: Mounting plugin SoundFields
LogPluginManager: Mounting plugin Synthesis
LogPluginManager: Mounting plugin WebMMoviePlayer
LogPluginManager: Mounting plugin WindowsMoviePlayer
LogPluginManager: Mounting plugin ContentBrowserClassDataSource
LogPluginManager: Mounting plugin ContentBrowserFileDataSource
LogPluginManager: Mounting plugin ContentBrowserAssetDataSource
LogPluginManager: Mounting plugin OnlineSubsystemGooglePlay
LogPluginManager: Mounting plugin OnlineSubsystemIOS
LogPluginManager: Mounting plugin DatabaseSupport
LogPluginManager: Mounting plugin SQLiteCore
LogPluginManager: Mounting plugin SQLiteSupport
LogPluginManager: Mounting plugin OculusVR
LogPluginManager: Mounting plugin SteamVR
PixWinPlugin: PIX capture plugin failed to initialize! Check that the process is launched from PIX.
LogLuminAPIImpl: Warning: MLSDK not found.  This likely means the MLSDK environment variable is not set.
LogInit: Using libcurl 7.55.1-DEV
LogInit:  - built for x86_64-pc-win32
LogInit:  - supports SSL with OpenSSL/1.1.1
LogInit:  - supports HTTP deflate (compression) using libz 1.2.8
LogInit:  - other features:
LogInit:      CURL_VERSION_SSL
LogInit:      CURL_VERSION_LIBZ
LogInit:      CURL_VERSION_IPV6
LogInit:      CURL_VERSION_ASYNCHDNS
LogInit:      CURL_VERSION_LARGEFILE
LogInit:      CURL_VERSION_IDN
LogInit:  CurlRequestOptions (configurable via config and command line):
LogInit:  - bVerifyPeer = true  - Libcurl will verify peer certificate
LogInit:  - bUseHttpProxy = false  - Libcurl will NOT use HTTP proxy
LogInit:  - bDontReuseConnections = false  - Libcurl will reuse connections
LogInit:  - MaxHostConnections = 16  - Libcurl will limit the number of connections to a host
LogInit:  - LocalHostAddr = Default
LogInit:  - BufferSize = 65536
LogOnline: OSS: Creating online subsystem instance for: NULL
LogInit: WinSock: version 1.1 (2.2), MaxSocks=32767, MaxUdp=65467
LogOnline: OSS: TryLoadSubsystemAndSetDefault: Loaded subsystem for module [NULL]
LogOculusPluginWrapper: OculusPlugin initialized successfully
LogHMD: Failed initializing OVRPlugin 1.59.0
LogInit: Build: ++UE4+Release-4.27-CL-18319896
LogInit: Engine Version: 4.27.2-18319896+++UE4+Release-4.27
LogInit: Compatible Engine Version: 4.27.0-17155196+++UE4+Release-4.27
LogInit: Net CL: 17155196
LogInit: OS: Windows 10 (Release 2009) (), CPU: AMD Ryzen 5 2500U with Radeon Vega Mobile Gfx  , GPU: AMD Radeon(TM) Vega 8 Graphics
LogInit: Compiled (64-bit): Nov 30 2021 07:12:08
LogInit: Compiled with Visual C++: 19.24.28315.00
LogInit: Build Configuration: Development
LogInit: Branch Name: ++UE4+Release-4.27
LogInit: Command Line: 
LogInit: Base Directory: C:/Program Files/Epic Games/UE_4.27/Engine/Binaries/Win64/
LogInit: Allocator: TBB
LogInit: Installed Engine Build: 1
LogDevObjectVersion: Number of dev versions registered: 29
LogDevObjectVersion:   Dev-Blueprints (B0D832E4-1F89-4F0D-ACCF-7EB736FD4AA2): 10
LogDevObjectVersion:   Dev-Build (E1C64328-A22C-4D53-A36C-8E866417BD8C): 0
LogDevObjectVersion:   Dev-Core (375EC13C-06E4-48FB-B500-84F0262A717E): 4
LogDevObjectVersion:   Dev-Editor (E4B068ED-F494-42E9-A231-DA0B2E46BB41): 40
LogDevObjectVersion:   Dev-Framework (CFFC743F-43B0-4480-9391-14DF171D2073): 37
LogDevObjectVersion:   Dev-Mobile (B02B49B5-BB20-44E9-A304-32B752E40360): 3
LogDevObjectVersion:   Dev-Networking (A4E4105C-59A1-49B5-A7C5-40C4547EDFEE): 0
LogDevObjectVersion:   Dev-Online (39C831C9-5AE6-47DC-9A44-9C173E1C8E7C): 0
LogDevObjectVersion:   Dev-Physics (78F01B33-EBEA-4F98-B9B4-84EACCB95AA2): 14
LogDevObjectVersion:   Dev-Platform (6631380F-2D4D-43E0-8009-CF276956A95A): 0
LogDevObjectVersion:   Dev-Rendering (12F88B9F-8875-4AFC-A67C-D90C383ABD29): 45
LogDevObjectVersion:   Dev-Sequencer (7B5AE74C-D270-4C10-A958-57980B212A5A): 13
LogDevObjectVersion:   Dev-VR (D7296918-1DD6-4BDD-9DE2-64A83CC13884): 3
LogDevObjectVersion:   Dev-LoadTimes (C2A15278-BFE7-4AFE-6C17-90FF531DF755): 1
LogDevObjectVersion:   Private-Geometry (6EACA3D4-40EC-4CC1-B786-8BED09428FC5): 3
LogDevObjectVersion:   Dev-AnimPhys (29E575DD-E0A3-4627-9D10-D276232CDCEA): 17
LogDevObjectVersion:   Dev-Anim (AF43A65D-7FD3-4947-9873-3E8ED9C1BB05): 15
LogDevObjectVersion:   Dev-ReflectionCapture (6B266CEC-1EC7-4B8F-A30B-E4D90942FC07): 1
LogDevObjectVersion:   Dev-Automation (0DF73D61-A23F-47EA-B727-89E90C41499A): 1
LogDevObjectVersion:   FortniteMain (601D1886-AC64-4F84-AA16-D3DE0DEAC7D6): 47
LogDevObjectVersion:   FortniteRelease (E7086368-6B23-4C58-8439-1B7016265E91): 1
LogDevObjectVersion:   Dev-Enterprise (9DFFBCD6-494F-0158-E221-12823C92A888): 10
LogDevObjectVersion:   Dev-Niagara (F2AED0AC-9AFE-416F-8664-AA7FFA26D6FC): 1
LogDevObjectVersion:   Dev-Destruction (174F1F0B-B4C6-45A5-B13F-2EE8D0FB917D): 10
LogDevObjectVersion:   Dev-Physics-Ext (35F94A83-E258-406C-A318-09F59610247C): 41
LogDevObjectVersion:   Dev-PhysicsMaterial-Chaos (B68FC16E-8B1B-42E2-B453-215C058844FE): 1
LogDevObjectVersion:   Dev-CineCamera (B2E18506-4273-CFC2-A54E-F4BB758BBA07): 1
LogDevObjectVersion:   Dev-VirtualProduction (64F58936-FD1B-42BA-BA96-7289D5D0FA4E): 1
LogDevObjectVersion:   Dev-MediaFramework (6F0ED827-A609-4895-9C91-998D90180EA4): 2
LogInit: Presizing for max 25165824 objects, including 0 objects not considered by GC, pre-allocating 0 bytes for permanent pool.
LogConfig: Applying CVar settings from Section [/Script/Engine.StreamingSettings] File [C:/Users/Window's-10/Documents/GitHub/gamejam/gamejam/Saved/Config/Windows/Engine.ini]
LogConfig: Setting CVar [[s.MinBulkDataSizeForAsyncLoading:131072]]
LogConfig: Setting CVar [[s.AsyncLoadingThreadEnabled:0]]
LogConfig: Setting CVar [[s.EventDrivenLoaderEnabled:1]]
LogConfig: Setting CVar [[s.WarnIfTimeLimitExceeded:0]]
LogConfig: Setting CVar [[s.TimeLimitExceededMultiplier:1.5]]
LogConfig: Setting CVar [[s.TimeLimitExceededMinTime:0.005]]
LogConfig: Setting CVar [[s.UseBackgroundLevelStreaming:1]]
LogConfig: Setting CVar [[s.PriorityAsyncLoadingExtraTime:15.0]]
LogConfig: Setting CVar [[s.LevelStreamingActorsUpdateTimeLimit:5.0]]
LogConfig: Setting CVar [[s.PriorityLevelStreamingActorsUpdateExtraTime:5.0]]
LogConfig: Setting CVar [[s.LevelStreamingComponentsRegistrationGranularity:10]]
LogConfig: Setting CVar [[s.UnregisterComponentsTimeLimit:1.0]]
LogConfig: Setting CVar [[s.LevelStreamingComponentsUnregistrationGranularity:5]]
LogConfig: Setting CVar [[s.FlushStreamingOnExit:1]]
LogInit: Object subsystem initialized
LogConfig: Setting CVar [[con.DebugEarlyDefault:1]]
LogConfig: Setting CVar [[r.setres:1280x720]]
[2022.07.03-16.36.06:639][  0]LogConfig: Setting CVar [[r.VSync:0]]
[2022.07.03-16.36.06:639][  0]LogConfig: Setting CVar [[r.RHICmdBypass:0]]
[2022.07.03-16.36.06:639][  0]LogConfig: Applying CVar settings from Section [/Script/Engine.RendererSettings] File [C:/Users/Window's-10/Documents/GitHub/gamejam/gamejam/Saved/Config/Windows/Engine.ini]
[2022.07.03-16.36.06:639][  0]LogConfig: Setting CVar [[r.GPUCrashDebugging:0]]
[2022.07.03-16.36.06:639][  0]LogConfig: Applying CVar settings from Section [/Script/Engine.RendererOverrideSettings] File [C:/Users/Window's-10/Documents/GitHub/gamejam/gamejam/Saved/Config/Windows/Engine.ini]
[2022.07.03-16.36.06:639][  0]LogConfig: Applying CVar settings from Section [/Script/Engine.StreamingSettings] File [C:/Users/Window's-10/Documents/GitHub/gamejam/gamejam/Saved/Config/Windows/Engine.ini]
[2022.07.03-16.36.06:639][  0]LogConfig: Setting CVar [[s.MinBulkDataSizeForAsyncLoading:131072]]
[2022.07.03-16.36.06:639][  0]LogConfig: Setting CVar [[s.AsyncLoadingThreadEnabled:0]]
[2022.07.03-16.36.06:639][  0]LogConfig: Setting CVar [[s.EventDrivenLoaderEnabled:1]]
[2022.07.03-16.36.06:639][  0]LogConfig: Setting CVar [[s.WarnIfTimeLimitExceeded:0]]
[2022.07.03-16.36.06:639][  0]LogConfig: Setting CVar [[s.TimeLimitExceededMultiplier:1.5]]
[2022.07.03-16.36.06:639][  0]LogConfig: Setting CVar [[s.TimeLimitExceededMinTime:0.005]]
[2022.07.03-16.36.06:639][  0]LogConfig: Setting CVar [[s.UseBackgroundLevelStreaming:1]]
[2022.07.03-16.36.06:639][  0]LogConfig: Setting CVar [[s.PriorityAsyncLoadingExtraTime:15.0]]
[2022.07.03-16.36.06:639][  0]LogConfig: Setting CVar [[s.LevelStreamingActorsUpdateTimeLimit:5.0]]
[2022.07.03-16.36.06:639][  0]LogConfig: Setting CVar [[s.PriorityLevelStreamingActorsUpdateExtraTime:5.0]]
[2022.07.03-16.36.06:639][  0]LogConfig: Setting CVar [[s.LevelStreamingComponentsRegistrationGranularity:10]]
[2022.07.03-16.36.06:639][  0]LogConfig: Setting CVar [[s.UnregisterComponentsTimeLimit:1.0]]
[2022.07.03-16.36.06:639][  0]LogConfig: Setting CVar [[s.LevelStreamingComponentsUnregistrationGranularity:5]]
[2022.07.03-16.36.06:639][  0]LogConfig: Setting CVar [[s.FlushStreamingOnExit:1]]
[2022.07.03-16.36.06:639][  0]LogConfig: Applying CVar settings from Section [/Script/Engine.GarbageCollectionSettings] File [C:/Users/Window's-10/Documents/GitHub/gamejam/gamejam/Saved/Config/Windows/Engine.ini]
[2022.07.03-16.36.06:639][  0]LogConfig: Setting CVar [[gc.MaxObjectsNotConsideredByGC:1]]
[2022.07.03-16.36.06:639][  0]LogConfig: Setting CVar [[gc.SizeOfPermanentObjectPool:0]]
[2022.07.03-16.36.06:639][  0]LogConfig: Setting CVar [[gc.FlushStreamingOnGC:0]]
[2022.07.03-16.36.06:639][  0]LogConfig: Setting CVar [[gc.NumRetriesBeforeForcingGC:10]]
[2022.07.03-16.36.06:639][  0]LogConfig: Setting CVar [[gc.AllowParallelGC:1]]
[2022.07.03-16.36.06:639][  0]LogConfig: Setting CVar [[gc.TimeBetweenPurgingPendingKillObjects:61.1]]
[2022.07.03-16.36.06:640][  0]LogConfig: Setting CVar [[gc.MaxObjectsInEditor:25165824]]
[2022.07.03-16.36.06:640][  0]LogConfig: Setting CVar [[gc.IncrementalBeginDestroyEnabled:1]]
[2022.07.03-16.36.06:640][  0]LogConfig: Setting CVar [[gc.CreateGCClusters:1]]
[2022.07.03-16.36.06:640][  0]LogConfig: Setting CVar [[gc.MinGCClusterSize:5]]
[2022.07.03-16.36.06:640][  0]LogConfig: Setting CVar [[gc.ActorClusteringEnabled:0]]
[2022.07.03-16.36.06:640][  0]LogConfig: Setting CVar [[gc.BlueprintClusteringEnabled:0]]
[2022.07.03-16.36.06:640][  0]LogConfig: Setting CVar [[gc.UseDisregardForGCOnDedicatedServers:0]]
[2022.07.03-16.36.06:640][  0]LogConfig: Setting CVar [[gc.MultithreadedDestructionEnabled:1]]
[2022.07.03-16.36.06:640][  0]LogConfig: Applying CVar settings from Section [/Script/Engine.NetworkSettings] File [C:/Users/Window's-10/Documents/GitHub/gamejam/gamejam/Saved/Config/Windows/Engine.ini]
[2022.07.03-16.36.06:640][  0]LogConfig: Applying CVar settings from Section [/Script/UnrealEd.CookerSettings] File [C:/Users/Window's-10/Documents/GitHub/gamejam/gamejam/Saved/Config/Windows/Engine.ini]
[2022.07.03-16.36.06:651][  0]LogConfig: Applying CVar settings from Section [ViewDistanceQuality@3] File [C:/Users/Window's-10/Documents/GitHub/gamejam/gamejam/Saved/Config/Windows/Scalability.ini]
[2022.07.03-16.36.06:651][  0]LogConfig: Setting CVar [[r.SkeletalMeshLODBias:0]]
[2022.07.03-16.36.06:651][  0]LogConfig: Setting CVar [[r.ViewDistanceScale:1.0]]
[2022.07.03-16.36.06:651][  0]LogConfig: Applying CVar settings from Section [AntiAliasingQuality@3] File [C:/Users/Window's-10/Documents/GitHub/gamejam/gamejam/Saved/Config/Windows/Scalability.ini]
[2022.07.03-16.36.06:651][  0]LogConfig: Setting CVar [[r.PostProcessAAQuality:4]]
[2022.07.03-16.36.06:651][  0]LogConfig: Applying CVar settings from Section [ShadowQuality@3] File [C:/Users/Window's-10/Documents/GitHub/gamejam/gamejam/Saved/Config/Windows/Scalability.ini]
[2022.07.03-16.36.06:651][  0]LogConfig: Setting CVar [[r.LightFunctionQuality:1]]
[2022.07.03-16.36.06:651][  0]LogConfig: Setting CVar [[r.ShadowQuality:5]]
[2022.07.03-16.36.06:651][  0]LogConfig: Setting CVar [[r.Shadow.CSM.MaxCascades:10]]
[2022.07.03-16.36.06:651][  0]LogConfig: Setting CVar [[r.Shadow.MaxResolution:2048]]
[2022.07.03-16.36.06:651][  0]LogConfig: Setting CVar [[r.Shadow.MaxCSMResolution:2048]]
[2022.07.03-16.36.06:651][  0]LogConfig: Setting CVar [[r.Shadow.RadiusThreshold:0.01]]
[2022.07.03-16.36.06:651][  0]LogConfig: Setting CVar [[r.Shadow.DistanceScale:1.0]]
[2022.07.03-16.36.06:651][  0]LogConfig: Setting CVar [[r.Shadow.CSM.TransitionScale:1.0]]
[2022.07.03-16.36.06:651][  0]LogConfig: Setting CVar [[r.Shadow.PreShadowResolutionFactor:1.0]]
[2022.07.03-16.36.06:651][  0]LogConfig: Setting CVar [[r.DistanceFieldShadowing:1]]
[2022.07.03-16.36.06:651][  0]LogConfig: Setting CVar [[r.DistanceFieldAO:1]]
[2022.07.03-16.36.06:651][  0]LogConfig: Setting CVar [[r.AOQuality:2]]
[2022.07.03-16.36.06:651][  0]LogConfig: Setting CVar [[r.VolumetricFog:1]]
[2022.07.03-16.36.06:651][  0]LogConfig: Setting CVar [[r.VolumetricFog.GridPixelSize:8]]
[2022.07.03-16.36.06:651][  0]LogConfig: Setting CVar [[r.VolumetricFog.GridSizeZ:128]]
[2022.07.03-16.36.06:651][  0]LogConfig: Setting CVar [[r.VolumetricFog.HistoryMissSupersampleCount:4]]
[2022.07.03-16.36.06:651][  0]LogConfig: Setting CVar [[r.LightMaxDrawDistanceScale:1]]
[2022.07.03-16.36.06:652][  0]LogConfig: Setting CVar [[r.CapsuleShadows:1]]
[2022.07.03-16.36.06:652][  0]LogConfig: Applying CVar settings from Section [PostProcessQuality@3] File [C:/Users/Window's-10/Documents/GitHub/gamejam/gamejam/Saved/Config/Windows/Scalability.ini]
[2022.07.03-16.36.06:652][  0]LogConfig: Setting CVar [[r.MotionBlurQuality:4]]
[2022.07.03-16.36.06:652][  0]LogConfig: Setting CVar [[r.AmbientOcclusionMipLevelFactor:0.4]]
[2022.07.03-16.36.06:652][  0]LogConfig: Setting CVar [[r.AmbientOcclusionMaxQuality:100]]
[2022.07.03-16.36.06:652][  0]LogConfig: Setting CVar [[r.AmbientOcclusionLevels:-1]]
[2022.07.03-16.36.06:652][  0]LogConfig: Setting CVar [[r.AmbientOcclusionRadiusScale:1.0]]
[2022.07.03-16.36.06:652][  0]LogConfig: Setting CVar [[r.DepthOfFieldQuality:2]]
[2022.07.03-16.36.06:652][  0]LogConfig: Setting CVar [[r.RenderTargetPoolMin:400]]
[2022.07.03-16.36.06:652][  0]LogConfig: Setting CVar [[r.LensFlareQuality:2]]
[2022.07.03-16.36.06:652][  0]LogConfig: Setting CVar [[r.SceneColorFringeQuality:1]]
[2022.07.03-16.36.06:652][  0]LogConfig: Setting CVar [[r.EyeAdaptationQuality:2]]
[2022.07.03-16.36.06:652][  0]LogConfig: Setting CVar [[r.BloomQuality:5]]
[2022.07.03-16.36.06:652][  0]LogConfig: Setting CVar [[r.FastBlurThreshold:100]]
[2022.07.03-16.36.06:652][  0]LogConfig: Setting CVar [[r.Upscale.Quality:3]]
[2022.07.03-16.36.06:652][  0]LogConfig: Setting CVar [[r.Tonemapper.GrainQuantization:1]]
[2022.07.03-16.36.06:652][  0]LogConfig: Setting CVar [[r.LightShaftQuality:1]]
[2022.07.03-16.36.06:652][  0]LogConfig: Setting CVar [[r.Filter.SizeScale:1]]
[2022.07.03-16.36.06:652][  0]LogConfig: Setting CVar [[r.Tonemapper.Quality:5]]
[2022.07.03-16.36.06:652][  0]LogConfig: Setting CVar [[r.DOF.Gather.AccumulatorQuality:1        ; higher gathering accumulator quality]]
[2022.07.03-16.36.06:652][  0]LogConfig: Setting CVar [[r.DOF.Gather.PostfilterMethod:1          ; Median3x3 postfilering method]]
[2022.07.03-16.36.06:652][  0]LogConfig: Setting CVar [[r.DOF.Gather.EnableBokehSettings:0       ; no bokeh simulation when gathering]]
[2022.07.03-16.36.06:652][  0]LogConfig: Setting CVar [[r.DOF.Gather.RingCount:4                 ; medium number of samples when gathering]]
[2022.07.03-16.36.06:652][  0]LogConfig: Setting CVar [[r.DOF.Scatter.ForegroundCompositing:1    ; additive foreground scattering]]
[2022.07.03-16.36.06:652][  0]LogConfig: Setting CVar [[r.DOF.Scatter.BackgroundCompositing:2    ; additive background scattering]]
[2022.07.03-16.36.06:652][  0]LogConfig: Setting CVar [[r.DOF.Scatter.EnableBokehSettings:1      ; bokeh simulation when scattering]]
[2022.07.03-16.36.06:652][  0]LogConfig: Setting CVar [[r.DOF.Scatter.MaxSpriteRatio:0.1         ; only a maximum of 10% of scattered bokeh]]
[2022.07.03-16.36.06:652][  0]LogConfig: Setting CVar [[r.DOF.Recombine.Quality:1                ; cheap slight out of focus]]
[2022.07.03-16.36.06:652][  0]LogConfig: Setting CVar [[r.DOF.Recombine.EnableBokehSettings:0    ; no bokeh simulation on slight out of focus]]
[2022.07.03-16.36.06:652][  0]LogConfig: Setting CVar [[r.DOF.TemporalAAQuality:1                ; more stable temporal accumulation]]
[2022.07.03-16.36.06:652][  0]LogConfig: Setting CVar [[r.DOF.Kernel.MaxForegroundRadius:0.025]]
[2022.07.03-16.36.06:652][  0]LogConfig: Setting CVar [[r.DOF.Kernel.MaxBackgroundRadius:0.025]]
[2022.07.03-16.36.06:653][  0]LogConfig: Applying CVar settings from Section [TextureQuality@3] File [C:/Users/Window's-10/Documents/GitHub/gamejam/gamejam/Saved/Config/Windows/Scalability.ini]
[2022.07.03-16.36.06:653][  0]LogConfig: Setting CVar [[r.Streaming.MipBias:0]]
[2022.07.03-16.36.06:653][  0]LogConfig: Setting CVar [[r.Streaming.AmortizeCPUToGPUCopy:0]]
[2022.07.03-16.36.06:653][  0]LogConfig: Setting CVar [[r.Streaming.MaxNumTexturesToStreamPerFrame:0]]
[2022.07.03-16.36.06:653][  0]LogConfig: Setting CVar [[r.Streaming.Boost:1]]
[2022.07.03-16.36.06:653][  0]LogConfig: Setting CVar [[r.MaxAnisotropy:8]]
[2022.07.03-16.36.06:653][  0]LogConfig: Setting CVar [[r.VT.MaxAnisotropy:8]]
[2022.07.03-16.36.06:653][  0]LogConfig: Setting CVar [[r.Streaming.LimitPoolSizeToVRAM:0]]
[2022.07.03-16.36.06:653][  0]LogConfig: Setting CVar [[r.Streaming.PoolSize:1000]]
[2022.07.03-16.36.06:653][  0]LogConfig: Setting CVar [[r.Streaming.MaxEffectiveScreenSize:0]]
[2022.07.03-16.36.06:653][  0]LogConfig: Applying CVar settings from Section [EffectsQuality@3] File [C:/Users/Window's-10/Documents/GitHub/gamejam/gamejam/Saved/Config/Windows/Scalability.ini]
[2022.07.03-16.36.06:653][  0]LogConfig: Setting CVar [[r.TranslucencyLightingVolumeDim:64]]
[2022.07.03-16.36.06:653][  0]LogConfig: Setting CVar [[r.RefractionQuality:2]]
[2022.07.03-16.36.06:653][  0]LogConfig: Setting CVar [[r.SSR.Quality:3]]
[2022.07.03-16.36.06:653][  0]LogConfig: Setting CVar [[r.SSR.HalfResSceneColor:0]]
[2022.07.03-16.36.06:653][  0]LogConfig: Setting CVar [[r.SceneColorFormat:4]]
[2022.07.03-16.36.06:653][  0]LogConfig: Setting CVar [[r.DetailMode:2]]
[2022.07.03-16.36.06:653][  0]LogConfig: Setting CVar [[r.TranslucencyVolumeBlur:1]]
[2022.07.03-16.36.06:653][  0]LogConfig: Setting CVar [[r.MaterialQualityLevel:1 ; High quality]]
[2022.07.03-16.36.06:653][  0]LogConfig: Setting CVar [[r.AnisotropicMaterials:1]]
[2022.07.03-16.36.06:653][  0]LogConfig: Setting CVar [[r.SSS.Scale:1]]
[2022.07.03-16.36.06:653][  0]LogConfig: Setting CVar [[r.SSS.SampleSet:2]]
[2022.07.03-16.36.06:653][  0]LogConfig: Setting CVar [[r.SSS.Quality:1]]
[2022.07.03-16.36.06:653][  0]LogConfig: Setting CVar [[r.SSS.HalfRes:0]]
[2022.07.03-16.36.06:653][  0]LogConfig: Setting CVar [[r.SSGI.Quality:3]]
[2022.07.03-16.36.06:653][  0]LogConfig: Setting CVar [[r.EmitterSpawnRateScale:1.0]]
[2022.07.03-16.36.06:653][  0]LogConfig: Setting CVar [[r.ParticleLightQuality:2]]
[2022.07.03-16.36.06:653][  0]LogConfig: Setting CVar [[r.SkyAtmosphere.AerialPerspectiveLUT.FastApplyOnOpaque:1 ; Always have FastSkyLUT 1 in this case to avoid wrong sky]]
[2022.07.03-16.36.06:653][  0]LogConfig: Setting CVar [[r.SkyAtmosphere.AerialPerspectiveLUT.SampleCountMaxPerSlice:4]]
[2022.07.03-16.36.06:653][  0]LogConfig: Setting CVar [[r.SkyAtmosphere.AerialPerspectiveLUT.DepthResolution:16.0]]
[2022.07.03-16.36.06:653][  0]LogConfig: Setting CVar [[r.SkyAtmosphere.FastSkyLUT:1]]
[2022.07.03-16.36.06:653][  0]LogConfig: Setting CVar [[r.SkyAtmosphere.FastSkyLUT.SampleCountMin:4.0]]
[2022.07.03-16.36.06:653][  0]LogConfig: Setting CVar [[r.SkyAtmosphere.FastSkyLUT.SampleCountMax:128.0]]
[2022.07.03-16.36.06:654][  0]LogConfig: Setting CVar [[r.SkyAtmosphere.SampleCountMin:4.0]]
[2022.07.03-16.36.06:654][  0]LogConfig: Setting CVar [[r.SkyAtmosphere.SampleCountMax:128.0]]
[2022.07.03-16.36.06:654][  0]LogConfig: Setting CVar [[r.SkyAtmosphere.TransmittanceLUT.UseSmallFormat:0]]
[2022.07.03-16.36.06:654][  0]LogConfig: Setting CVar [[r.SkyAtmosphere.TransmittanceLUT.SampleCount:10.0]]
[2022.07.03-16.36.06:654][  0]LogConfig: Setting CVar [[r.SkyAtmosphere.MultiScatteringLUT.SampleCount:15.0]]
[2022.07.03-16.36.06:654][  0]LogConfig: Setting CVar [[r.SkyLight.RealTimeReflectionCapture:1]]
[2022.07.03-16.36.06:654][  0]LogConfig: Applying CVar settings from Section [FoliageQuality@3] File [C:/Users/Window's-10/Documents/GitHub/gamejam/gamejam/Saved/Config/Windows/Scalability.ini]
[2022.07.03-16.36.06:654][  0]LogConfig: Setting CVar [[foliage.DensityScale:1.0]]
[2022.07.03-16.36.06:654][  0]LogConfig: Setting CVar [[grass.DensityScale:1.0]]
[2022.07.03-16.36.06:654][  0]LogConfig: Applying CVar settings from Section [ShadingQuality@3] File [C:/Users/Window's-10/Documents/GitHub/gamejam/gamejam/Saved/Config/Windows/Scalability.ini]
[2022.07.03-16.36.06:654][  0]LogConfig: Setting CVar [[r.HairStrands.SkyLighting.IntegrationType:2]]
[2022.07.03-16.36.06:654][  0]LogConfig: Setting CVar [[r.HairStrands.SkyAO.SampleCount:4]]
[2022.07.03-16.36.06:654][  0]LogConfig: Setting CVar [[r.HairStrands.Visibility.MSAA.SamplePerPixel:4]]
[2022.07.03-16.36.06:654][  0]LogInit: Selected Device Profile: [Windows]
[2022.07.03-16.36.06:654][  0]LogInit: Applying CVar settings loaded from the selected device profile: [Windows]
[2022.07.03-16.36.06:654][  0]LogHAL: Display: Platform has ~ 8 GB [8224260096 / 8589934592 / 8], which maps to Default [LargestMinGB=32, LargerMinGB=12, DefaultMinGB=8, SmallerMinGB=6, SmallestMinGB=0)
[2022.07.03-16.36.06:654][  0]LogInit: Going up to parent DeviceProfile []
[2022.07.03-16.36.06:654][  0]LogConfig: Applying CVar settings from Section [ViewDistanceQuality@3] File [C:/Users/Window's-10/Documents/GitHub/gamejam/gamejam/Saved/Config/Windows/Scalability.ini]
[2022.07.03-16.36.06:654][  0]LogConfig: Setting CVar [[r.SkeletalMeshLODBias:0]]
[2022.07.03-16.36.06:654][  0]LogConfig: Setting CVar [[r.ViewDistanceScale:1.0]]
[2022.07.03-16.36.06:654][  0]LogConfig: Applying CVar settings from Section [AntiAliasingQuality@3] File [C:/Users/Window's-10/Documents/GitHub/gamejam/gamejam/Saved/Config/Windows/Scalability.ini]
[2022.07.03-16.36.06:654][  0]LogConfig: Setting CVar [[r.PostProcessAAQuality:4]]
[2022.07.03-16.36.06:654][  0]LogConfig: Applying CVar settings from Section [ShadowQuality@3] File [C:/Users/Window's-10/Documents/GitHub/gamejam/gamejam/Saved/Config/Windows/Scalability.ini]
[2022.07.03-16.36.06:654][  0]LogConfig: Setting CVar [[r.LightFunctionQuality:1]]
[2022.07.03-16.36.06:654][  0]LogConfig: Setting CVar [[r.ShadowQuality:5]]
[2022.07.03-16.36.06:654][  0]LogConfig: Setting CVar [[r.Shadow.CSM.MaxCascades:10]]
[2022.07.03-16.36.06:655][  0]LogConfig: Setting CVar [[r.Shadow.MaxResolution:2048]]
[2022.07.03-16.36.06:655][  0]LogConfig: Setting CVar [[r.Shadow.MaxCSMResolution:2048]]
[2022.07.03-16.36.06:655][  0]LogConfig: Setting CVar [[r.Shadow.RadiusThreshold:0.01]]
[2022.07.03-16.36.06:655][  0]LogConfig: Setting CVar [[r.Shadow.DistanceScale:1.0]]
[2022.07.03-16.36.06:655][  0]LogConfig: Setting CVar [[r.Shadow.CSM.TransitionScale:1.0]]
[2022.07.03-16.36.06:655][  0]LogConfig: Setting CVar [[r.Shadow.PreShadowResolutionFactor:1.0]]
[2022.07.03-16.36.06:655][  0]LogConfig: Setting CVar [[r.DistanceFieldShadowing:1]]
[2022.07.03-16.36.06:655][  0]LogConfig: Setting CVar [[r.DistanceFieldAO:1]]
[2022.07.03-16.36.06:655][  0]LogConfig: Setting CVar [[r.AOQuality:2]]
[2022.07.03-16.36.06:655][  0]LogConfig: Setting CVar [[r.VolumetricFog:1]]
[2022.07.03-16.36.06:655][  0]LogConfig: Setting CVar [[r.VolumetricFog.GridPixelSize:8]]
[2022.07.03-16.36.06:655][  0]LogConfig: Setting CVar [[r.VolumetricFog.GridSizeZ:128]]
[2022.07.03-16.36.06:655][  0]LogConfig: Setting CVar [[r.VolumetricFog.HistoryMissSupersampleCount:4]]
[2022.07.03-16.36.06:655][  0]LogConfig: Setting CVar [[r.LightMaxDrawDistanceScale:1]]
[2022.07.03-16.36.06:655][  0]LogConfig: Setting CVar [[r.CapsuleShadows:1]]
[2022.07.03-16.36.06:655][  0]LogConfig: Applying CVar settings from Section [PostProcessQuality@3] File [C:/Users/Window's-10/Documents/GitHub/gamejam/gamejam/Saved/Config/Windows/Scalability.ini]
[2022.07.03-16.36.06:655][  0]LogConfig: Setting CVar [[r.MotionBlurQuality:4]]
[2022.07.03-16.36.06:655][  0]LogConfig: Setting CVar [[r.AmbientOcclusionMipLevelFactor:0.4]]
[2022.07.03-16.36.06:655][  0]LogConfig: Setting CVar [[r.AmbientOcclusionMaxQuality:100]]
[2022.07.03-16.36.06:655][  0]LogConfig: Setting CVar [[r.AmbientOcclusionLevels:-1]]
[2022.07.03-16.36.06:655][  0]LogConfig: Setting CVar [[r.AmbientOcclusionRadiusScale:1.0]]
[2022.07.03-16.36.06:655][  0]LogConfig: Setting CVar [[r.DepthOfFieldQuality:2]]
[2022.07.03-16.36.06:655][  0]LogConfig: Setting CVar [[r.RenderTargetPoolMin:400]]
[2022.07.03-16.36.06:655][  0]LogConfig: Setting CVar [[r.LensFlareQuality:2]]
[2022.07.03-16.36.06:655][  0]LogConfig: Setting CVar [[r.SceneColorFringeQuality:1]]
[2022.07.03-16.36.06:655][  0]LogConfig: Setting CVar [[r.EyeAdaptationQuality:2]]
[2022.07.03-16.36.06:655][  0]LogConfig: Setting CVar [[r.BloomQuality:5]]
[2022.07.03-16.36.06:655][  0]LogConfig: Setting CVar [[r.FastBlurThreshold:100]]
[2022.07.03-16.36.06:655][  0]LogConfig: Setting CVar [[r.Upscale.Quality:3]]
[2022.07.03-16.36.06:655][  0]LogConfig: Setting CVar [[r.Tonemapper.GrainQuantization:1]]
[2022.07.03-16.36.06:655][  0]LogConfig: Setting CVar [[r.LightShaftQuality:1]]
[2022.07.03-16.36.06:655][  0]LogConfig: Setting CVar [[r.Filter.SizeScale:1]]
[2022.07.03-16.36.06:655][  0]LogConfig: Setting CVar [[r.Tonemapper.Quality:5]]
[2022.07.03-16.36.06:656][  0]LogConfig: Setting CVar [[r.DOF.Gather.AccumulatorQuality:1        ; higher gathering accumulator quality]]
[2022.07.03-16.36.06:656][  0]LogConfig: Setting CVar [[r.DOF.Gather.PostfilterMethod:1          ; Median3x3 postfilering method]]
[2022.07.03-16.36.06:656][  0]LogConfig: Setting CVar [[r.DOF.Gather.EnableBokehSettings:0       ; no bokeh simulation when gathering]]
[2022.07.03-16.36.06:656][  0]LogConfig: Setting CVar [[r.DOF.Gather.RingCount:4                 ; medium number of samples when gathering]]
[2022.07.03-16.36.06:656][  0]LogConfig: Setting CVar [[r.DOF.Scatter.ForegroundCompositing:1    ; additive foreground scattering]]
[2022.07.03-16.36.06:656][  0]LogConfig: Setting CVar [[r.DOF.Scatter.BackgroundCompositing:2    ; additive background scattering]]
[2022.07.03-16.36.06:656][  0]LogConfig: Setting CVar [[r.DOF.Scatter.EnableBokehSettings:1      ; bokeh simulation when scattering]]
[2022.07.03-16.36.06:656][  0]LogConfig: Setting CVar [[r.DOF.Scatter.MaxSpriteRatio:0.1         ; only a maximum of 10% of scattered bokeh]]
[2022.07.03-16.36.06:656][  0]LogConfig: Setting CVar [[r.DOF.Recombine.Quality:1                ; cheap slight out of focus]]
[2022.07.03-16.36.06:656][  0]LogConfig: Setting CVar [[r.DOF.Recombine.EnableBokehSettings:0    ; no bokeh simulation on slight out of focus]]
[2022.07.03-16.36.06:656][  0]LogConfig: Setting CVar [[r.DOF.TemporalAAQuality:1                ; more stable temporal accumulation]]
[2022.07.03-16.36.06:656][  0]LogConfig: Setting CVar [[r.DOF.Kernel.MaxForegroundRadius:0.025]]
[2022.07.03-16.36.06:656][  0]LogConfig: Setting CVar [[r.DOF.Kernel.MaxBackgroundRadius:0.025]]
[2022.07.03-16.36.06:656][  0]LogConfig: Applying CVar settings from Section [TextureQuality@3] File [C:/Users/Window's-10/Documents/GitHub/gamejam/gamejam/Saved/Config/Windows/Scalability.ini]
[2022.07.03-16.36.06:656][  0]LogConfig: Setting CVar [[r.Streaming.MipBias:0]]
[2022.07.03-16.36.06:656][  0]LogConfig: Setting CVar [[r.Streaming.AmortizeCPUToGPUCopy:0]]
[2022.07.03-16.36.06:656][  0]LogConfig: Setting CVar [[r.Streaming.MaxNumTexturesToStreamPerFrame:0]]
[2022.07.03-16.36.06:656][  0]LogConfig: Setting CVar [[r.Streaming.Boost:1]]
[2022.07.03-16.36.06:656][  0]LogConfig: Setting CVar [[r.MaxAnisotropy:8]]
[2022.07.03-16.36.06:656][  0]LogConfig: Setting CVar [[r.VT.MaxAnisotropy:8]]
[2022.07.03-16.36.06:656][  0]LogConfig: Setting CVar [[r.Streaming.LimitPoolSizeToVRAM:0]]
[2022.07.03-16.36.06:656][  0]LogConfig: Setting CVar [[r.Streaming.PoolSize:1000]]
[2022.07.03-16.36.06:656][  0]LogConfig: Setting CVar [[r.Streaming.MaxEffectiveScreenSize:0]]
[2022.07.03-16.36.06:656][  0]LogConfig: Applying CVar settings from Section [EffectsQuality@3] File [C:/Users/Window's-10/Documents/GitHub/gamejam/gamejam/Saved/Config/Windows/Scalability.ini]
[2022.07.03-16.36.06:656][  0]LogConfig: Setting CVar [[r.TranslucencyLightingVolumeDim:64]]
[2022.07.03-16.36.06:656][  0]LogConfig: Setting CVar [[r.RefractionQuality:2]]
[2022.07.03-16.36.06:656][  0]LogConfig: Setting CVar [[r.SSR.Quality:3]]
[2022.07.03-16.36.06:656][  0]LogConfig: Setting CVar [[r.SSR.HalfResSceneColor:0]]
[2022.07.03-16.36.06:656][  0]LogConfig: Setting CVar [[r.SceneColorFormat:4]]
[2022.07.03-16.36.06:656][  0]LogConfig: Setting CVar [[r.DetailMode:2]]
[2022.07.03-16.36.06:656][  0]LogConfig: Setting CVar [[r.TranslucencyVolumeBlur:1]]
[2022.07.03-16.36.06:656][  0]LogConfig: Setting CVar [[r.MaterialQualityLevel:1 ; High quality]]
[2022.07.03-16.36.06:656][  0]LogConfig: Setting CVar [[r.AnisotropicMaterials:1]]
[2022.07.03-16.36.06:657][  0]LogConfig: Setting CVar [[r.SSS.Scale:1]]
[2022.07.03-16.36.06:657][  0]LogConfig: Setting CVar [[r.SSS.SampleSet:2]]
[2022.07.03-16.36.06:657][  0]LogConfig: Setting CVar [[r.SSS.Quality:1]]
[2022.07.03-16.36.06:657][  0]LogConfig: Setting CVar [[r.SSS.HalfRes:0]]
[2022.07.03-16.36.06:657][  0]LogConfig: Setting CVar [[r.SSGI.Quality:3]]
[2022.07.03-16.36.06:657][  0]LogConfig: Setting CVar [[r.EmitterSpawnRateScale:1.0]]
[2022.07.03-16.36.06:657][  0]LogConfig: Setting CVar [[r.ParticleLightQuality:2]]
[2022.07.03-16.36.06:657][  0]LogConfig: Setting CVar [[r.SkyAtmosphere.AerialPerspectiveLUT.FastApplyOnOpaque:1 ; Always have FastSkyLUT 1 in this case to avoid wrong sky]]
[2022.07.03-16.36.06:657][  0]LogConfig: Setting CVar [[r.SkyAtmosphere.AerialPerspectiveLUT.SampleCountMaxPerSlice:4]]
[2022.07.03-16.36.06:657][  0]LogConfig: Setting CVar [[r.SkyAtmosphere.AerialPerspectiveLUT.DepthResolution:16.0]]
[2022.07.03-16.36.06:657][  0]LogConfig: Setting CVar [[r.SkyAtmosphere.FastSkyLUT:1]]
[2022.07.03-16.36.06:657][  0]LogConfig: Setting CVar [[r.SkyAtmosphere.FastSkyLUT.SampleCountMin:4.0]]
[2022.07.03-16.36.06:657][  0]LogConfig: Setting CVar [[r.SkyAtmosphere.FastSkyLUT.SampleCountMax:128.0]]
[2022.07.03-16.36.06:657][  0]LogConfig: Setting CVar [[r.SkyAtmosphere.SampleCountMin:4.0]]
[2022.07.03-16.36.06:657][  0]LogConfig: Setting CVar [[r.SkyAtmosphere.SampleCountMax:128.0]]
[2022.07.03-16.36.06:657][  0]LogConfig: Setting CVar [[r.SkyAtmosphere.TransmittanceLUT.UseSmallFormat:0]]
[2022.07.03-16.36.06:657][  0]LogConfig: Setting CVar [[r.SkyAtmosphere.TransmittanceLUT.SampleCount:10.0]]
[2022.07.03-16.36.06:657][  0]LogConfig: Setting CVar [[r.SkyAtmosphere.MultiScatteringLUT.SampleCount:15.0]]
[2022.07.03-16.36.06:657][  0]LogConfig: Setting CVar [[r.SkyLight.RealTimeReflectionCapture:1]]
[2022.07.03-16.36.06:657][  0]LogConfig: Applying CVar settings from Section [FoliageQuality@3] File [C:/Users/Window's-10/Documents/GitHub/gamejam/gamejam/Saved/Config/Windows/Scalability.ini]
[2022.07.03-16.36.06:657][  0]LogConfig: Setting CVar [[foliage.DensityScale:1.0]]
[2022.07.03-16.36.06:657][  0]LogConfig: Setting CVar [[grass.DensityScale:1.0]]
[2022.07.03-16.36.06:657][  0]LogConfig: Applying CVar settings from Section [ShadingQuality@3] File [C:/Users/Window's-10/Documents/GitHub/gamejam/gamejam/Saved/Config/Windows/Scalability.ini]
[2022.07.03-16.36.06:657][  0]LogConfig: Setting CVar [[r.HairStrands.SkyLighting.IntegrationType:2]]
[2022.07.03-16.36.06:657][  0]LogConfig: Setting CVar [[r.HairStrands.SkyAO.SampleCount:4]]
[2022.07.03-16.36.06:657][  0]LogConfig: Setting CVar [[r.HairStrands.Visibility.MSAA.SamplePerPixel:4]]
[2022.07.03-16.36.06:657][  0]LogConfig: Applying CVar settings from Section [Startup] File [../../../Engine/Config/ConsoleVariables.ini]
[2022.07.03-16.36.06:658][  0]LogConfig: Setting CVar [[net.UseAdaptiveNetUpdateFrequency:0]]
[2022.07.03-16.36.06:658][  0]LogConfig: Setting CVar [[p.chaos.AllowCreatePhysxBodies:1]]
[2022.07.03-16.36.06:658][  0]LogConfig: Setting CVar [[fx.SkipVectorVMBackendOptimizations:1]]
[2022.07.03-16.36.06:658][  0]LogConfig: Applying CVar settings from Section [ConsoleVariables] File [C:/Users/Window's-10/Documents/GitHub/gamejam/gamejam/Saved/Config/Windows/Engine.ini]
[2022.07.03-16.36.06:658][  0]LogConfig: Applying CVar settings from Section [ConsoleVariables] File [C:/Users/Window's-10/Documents/GitHub/gamejam/gamejam/Saved/Config/Windows/Editor.ini]
[2022.07.03-16.36.06:658][  0]LogInit: Computer: AGAMYPC
[2022.07.03-16.36.06:658][  0]LogInit: User: Windows10
[2022.07.03-16.36.06:658][  0]LogInit: CPU Page size=4096, Cores=4
[2022.07.03-16.36.06:658][  0]LogInit: High frequency timer resolution =10.000000 MHz
[2022.07.03-16.36.06:658][  0]LogMemory: Memory total: Physical=7.7GB (8GB approx)
[2022.07.03-16.36.06:658][  0]LogMemory: Platform Memory Stats for Windows
[2022.07.03-16.36.06:658][  0]LogMemory: Process Physical Memory: 142.93 MB used, 142.94 MB peak
[2022.07.03-16.36.06:658][  0]LogMemory: Process Virtual Memory: 126.52 MB used, 126.52 MB peak
[2022.07.03-16.36.06:658][  0]LogMemory: Physical Memory: 4324.43 MB used,  3518.84 MB free, 7843.27 MB total
[2022.07.03-16.36.06:658][  0]LogMemory: Virtual Memory: 134209512.00 MB used,  8217.63 MB free, 134217728.00 MB total
[2022.07.03-16.36.06:669][  0]LogWindows: WindowsPlatformFeatures enabled
[2022.07.03-16.36.06:722][  0]LogInit: Physics initialised using underlying interface: PhysX
[2022.07.03-16.36.06:723][  0]LogInit: Using OS detected language (en-US).
[2022.07.03-16.36.06:723][  0]LogInit: Using OS detected locale (en-US).
[2022.07.03-16.36.06:738][  0]LogTextLocalizationManager: No specific localization for 'en-US' exists, so the 'en' localization will be used.
[2022.07.03-16.36.07:116][  0]LogInit: Setting process to per monitor DPI aware
[2022.07.03-16.36.07:141][  0]LogWindowsTextInputMethodSystem: Display: IME system deactivated.
[2022.07.03-16.36.07:168][  0]LogSlate: New Slate User Created.  User Index 0, Is Virtual User: 0
[2022.07.03-16.36.07:168][  0]LogSlate: Slate User Registered.  User Index 0, Is Virtual User: 0
[2022.07.03-16.36.07:497][  0]LogD3D11RHI: Loaded GFSDK_Aftermath_Lib.x64.dll
[2022.07.03-16.36.07:502][  0]LogHMD: Failed to initialize OpenVR with code 110
[2022.07.03-16.36.07:502][  0]LogD3D11RHI: D3D11 min allowed feature level: 11_0
[2022.07.03-16.36.07:502][  0]LogD3D11RHI: D3D11 max allowed feature level: 11_0
[2022.07.03-16.36.07:502][  0]LogD3D11RHI: D3D11 adapters:
[2022.07.03-16.36.07:622][  0]LogD3D11RHI:    0. 'AMD Radeon(TM) Vega 8 Graphics' (Feature Level 11_0)
[2022.07.03-16.36.07:622][  0]LogD3D11RHI:       241/0/3921 MB DedicatedVideo/DedicatedSystem/SharedSystem, Outputs:1, VendorId:0x1002
[2022.07.03-16.36.07:627][  0]LogD3D11RHI:    1. 'Microsoft Basic Render Driver' (Feature Level 11_0)
[2022.07.03-16.36.07:627][  0]LogD3D11RHI:       0/0/3921 MB DedicatedVideo/DedicatedSystem/SharedSystem, Outputs:0, VendorId:0x1414
[2022.07.03-16.36.07:627][  0]LogD3D11RHI: Chosen D3D11 Adapter:
[2022.07.03-16.36.07:627][  0]LogD3D11RHI:     Description : AMD Radeon(TM) Vega 8 Graphics
[2022.07.03-16.36.07:627][  0]LogD3D11RHI:     VendorId    : 1002
[2022.07.03-16.36.07:627][  0]LogD3D11RHI:     DeviceId    : 15dd
[2022.07.03-16.36.07:627][  0]LogD3D11RHI:     SubSysId    : 84ae103c
[2022.07.03-16.36.07:627][  0]LogD3D11RHI:     Revision    : 00c4
[2022.07.03-16.36.07:627][  0]LogD3D11RHI:     DedicatedVideoMemory : 252882944 bytes
[2022.07.03-16.36.07:627][  0]LogD3D11RHI:     DedicatedSystemMemory : 0 bytes
[2022.07.03-16.36.07:627][  0]LogD3D11RHI:     SharedSystemMemory : 4112130048 bytes
[2022.07.03-16.36.07:627][  0]LogD3D11RHI:     AdapterLuid : 0 88276
[2022.07.03-16.36.07:638][  0]LogD3D11RHI: Creating new Direct3DDevice
[2022.07.03-16.36.07:638][  0]LogD3D11RHI:     GPU DeviceId: 0x15dd (for the marketing name, search the web for "GPU Device Id")
[2022.07.03-16.36.07:638][  0]LogWindows: EnumDisplayDevices:
[2022.07.03-16.36.07:638][  0]LogWindows:    0. 'AMD Radeon(TM) Vega 8 Graphics' (P:1 D:1)
[2022.07.03-16.36.07:639][  0]LogWindows:    1. 'AMD Radeon(TM) Vega 8 Graphics' (P:0 D:0)
[2022.07.03-16.36.07:640][  0]LogWindows:    2. 'AMD Radeon(TM) Vega 8 Graphics' (P:0 D:0)
[2022.07.03-16.36.07:640][  0]LogWindows: DebugString: FoundDriverCount:3 
[2022.07.03-16.36.07:640][  0]LogD3D11RHI:     Adapter Name: AMD Radeon(TM) Vega 8 Graphics
[2022.07.03-16.36.07:640][  0]LogD3D11RHI:   Driver Version: Adrenalin 21.30.23.04 (internal:30.0.13023.4001, unified:30.0.13023.4001)
[2022.07.03-16.36.07:640][  0]LogD3D11RHI:      Driver Date: 12-16-2021
[2022.07.03-16.36.07:640][  0]LogRHI: Texture pool is 2622 MB (70% of 3746 MB)
[2022.07.03-16.36.07:666][  0]LogD3D11RHI: Creating D3DDevice with AMD AGS, using adapter:
[2022.07.03-16.36.07:666][  0]LogD3D11RHI:     Description : AMD Radeon(TM) Vega 8 Graphics
[2022.07.03-16.36.07:666][  0]LogD3D11RHI:     VendorId    : 1002
[2022.07.03-16.36.07:666][  0]LogD3D11RHI:     DeviceId    : 15dd
[2022.07.03-16.36.07:667][  0]LogD3D11RHI:     SubSysId    : 84ae103c
[2022.07.03-16.36.07:667][  0]LogD3D11RHI:     Revision    : 00c4
[2022.07.03-16.36.07:667][  0]LogD3D11RHI:     DedicatedVideoMemory : 252882944 bytes
[2022.07.03-16.36.07:667][  0]LogD3D11RHI:     DedicatedSystemMemory : 0 bytes
[2022.07.03-16.36.07:667][  0]LogD3D11RHI:     SharedSystemMemory : 4112130048 bytes
[2022.07.03-16.36.07:667][  0]LogD3D11RHI:     AdapterLuid : 0 88276
[2022.07.03-16.36.07:772][  0]LogD3D11RHI: Created device via AGS, feature level 11_0, supported extensions 1fffffbf.
[2022.07.03-16.36.07:772][  0]LogD3D11RHI: RHI has support for 64 bit atomics
[2022.07.03-16.36.07:772][  0]LogD3D11RHI: Async texture creation enabled
[2022.07.03-16.36.07:772][  0]LogD3D11RHI: Array index from any shader is supported
[2022.07.03-16.36.07:793][  0]LogD3D11RHI: GPU Timing Frequency: 25.000000 (Debug: 2 1)
[2022.07.03-16.36.08:399][  0]LogTargetPlatformManager: Display: Loaded TargetPlatform 'AllDesktop'
[2022.07.03-16.36.08:443][  0]LogTargetPlatformManager: Display: Loaded TargetPlatform 'Android'
[2022.07.03-16.36.08:443][  0]LogTargetPlatformManager: Display: Loaded TargetPlatform 'Android_ASTC'
[2022.07.03-16.36.08:443][  0]LogTargetPlatformManager: Display: Loaded TargetPlatform 'Android_DXT'
[2022.07.03-16.36.08:443][  0]LogTargetPlatformManager: Display: Loaded TargetPlatform 'Android_ETC2'
[2022.07.03-16.36.08:443][  0]LogTargetPlatformManager: Display: Loaded TargetPlatform 'AndroidClient'
[2022.07.03-16.36.08:443][  0]LogTargetPlatformManager: Display: Loaded TargetPlatform 'Android_ASTCClient'
[2022.07.03-16.36.08:443][  0]LogTargetPlatformManager: Display: Loaded TargetPlatform 'Android_DXTClient'
[2022.07.03-16.36.08:443][  0]LogTargetPlatformManager: Display: Loaded TargetPlatform 'Android_ETC2Client'
[2022.07.03-16.36.08:443][  0]LogTargetPlatformManager: Display: Loaded TargetPlatform 'Android_Multi'
[2022.07.03-16.36.08:443][  0]LogTargetPlatformManager: Display: Loaded TargetPlatform 'Android_MultiClient'
[2022.07.03-16.36.08:479][  0]LogTargetPlatformManager: Display: Loaded TargetPlatform 'IOSClient'
[2022.07.03-16.36.08:480][  0]LogTargetPlatformManager: Display: Loaded TargetPlatform 'IOS'
[2022.07.03-16.36.08:499][  0]LogTargetPlatformManager: Display: Loaded TargetPlatform 'Linux'
[2022.07.03-16.36.08:508][  0]LogTargetPlatformManager: Display: Loaded TargetPlatform 'LinuxNoEditor'
[2022.07.03-16.36.08:517][  0]LogTargetPlatformManager: Display: Loaded TargetPlatform 'LinuxClient'
[2022.07.03-16.36.08:526][  0]LogTargetPlatformManager: Display: Loaded TargetPlatform 'LinuxServer'
[2022.07.03-16.36.08:546][  0]LogTargetPlatformManager: Display: Loaded TargetPlatform 'LinuxAArch64NoEditor'
[2022.07.03-16.36.08:555][  0]LogTargetPlatformManager: Display: Loaded TargetPlatform 'LinuxAArch64Client'
[2022.07.03-16.36.08:564][  0]LogTargetPlatformManager: Display: Loaded TargetPlatform 'LinuxAArch64Server'
[2022.07.03-16.36.08:615][  0]LogTargetPlatformManager: Display: Loaded TargetPlatform 'Lumin'
[2022.07.03-16.36.08:615][  0]LogTargetPlatformManager: Display: Loaded TargetPlatform 'LuminClient'
[2022.07.03-16.36.08:636][  0]LogTargetPlatformManager: Display: Loaded TargetPlatform 'MacNoEditor'
[2022.07.03-16.36.08:645][  0]LogTargetPlatformManager: Display: Loaded TargetPlatform 'Mac'
[2022.07.03-16.36.08:655][  0]LogTargetPlatformManager: Display: Loaded TargetPlatform 'MacClient'
[2022.07.03-16.36.08:664][  0]LogTargetPlatformManager: Display: Loaded TargetPlatform 'MacServer'
[2022.07.03-16.36.08:686][  0]LogTargetPlatformManager: Display: Loaded TargetPlatform 'TVOSClient'
[2022.07.03-16.36.08:686][  0]LogTargetPlatformManager: Display: Loaded TargetPlatform 'TVOS'
[2022.07.03-16.36.08:705][  0]LogTargetPlatformManager: Display: Loaded TargetPlatform 'WindowsNoEditor'
[2022.07.03-16.36.08:714][  0]LogTargetPlatformManager: Display: Loaded TargetPlatform 'Windows'
[2022.07.03-16.36.08:724][  0]LogTargetPlatformManager: Display: Loaded TargetPlatform 'WindowsClient'
[2022.07.03-16.36.08:734][  0]LogTargetPlatformManager: Display: Loaded TargetPlatform 'WindowsServer'
[2022.07.03-16.36.08:734][  0]LogTargetPlatformManager: Display: Building Assets For Windows
[2022.07.03-16.36.08:751][  0]LogAudioDebug: Display: Lib vorbis DLL was dynamically loaded.
[2022.07.03-16.36.08:818][  0]LogTextureFormatOodle: Display: Oodle Texture 2.9.0 init RDO Off
[2022.07.03-16.36.08:886][  0]LogRendererCore: Ray tracing is disabled. Reason: r.RayTracing=0.
[2022.07.03-16.36.08:887][  0]LogShaderCompilers: Guid format shader working directory is -16 characters bigger than the processId version (../../../../../../Users/Window's-10/Documents/GitHub/gamejam/gamejam/Intermediate/Shaders/WorkingDirectory/2776/).
[2022.07.03-16.36.08:887][  0]LogShaderCompilers: Cleaned the shader compiler working directory 'C:/Users/Window's-10/AppData/Local/Temp/UnrealShaderWorkingDir/069E2FBE4D43D284F3E3A3BC8CD0386A/'.
[2022.07.03-16.36.08:887][  0]LogXGEController: Cannot use XGE Controller as Incredibuild is not installed on this machine.
[2022.07.03-16.36.08:887][  0]LogShaderCompilers: Cannot use XGE Shader Compiler as Incredibuild is not installed on this machine.
[2022.07.03-16.36.08:887][  0]LogShaderCompilers: Display: Using Local Shader Compiler.
[2022.07.03-16.36.10:424][  0]LogDerivedDataCache: Display: Max Cache Size: 512 MB
[2022.07.03-16.36.10:527][  0]LogDerivedDataCache: Loaded boot cache 0.10s 94MB C:/Users/Window's-10/AppData/Local/UnrealEngine/4.27/DerivedDataCache/Boot.ddc.
[2022.07.03-16.36.10:527][  0]LogDerivedDataCache: Display: Loaded Boot cache: C:/Users/Window's-10/AppData/Local/UnrealEngine/4.27/DerivedDataCache/Boot.ddc
[2022.07.03-16.36.10:528][  0]LogDerivedDataCache: FDerivedDataBackendGraph:  Pak pak cache file ../../../../../../Users/Window's-10/Documents/GitHub/gamejam/gamejam/DerivedDataCache/DDC.ddp not found, will not use a pak cache.
[2022.07.03-16.36.10:528][  0]LogDerivedDataCache: Unable to find inner node Pak for hierarchical cache Hierarchy.
[2022.07.03-16.36.10:528][  0]LogDerivedDataCache: FDerivedDataBackendGraph:  CompressedPak pak cache file ../../../../../../Users/Window's-10/Documents/GitHub/gamejam/gamejam/DerivedDataCache/Compressed.ddp not found, will not use a pak cache.
[2022.07.03-16.36.10:528][  0]LogDerivedDataCache: Unable to find inner node CompressedPak for hierarchical cache Hierarchy.
[2022.07.03-16.36.10:563][  0]LogDerivedDataCache: Display: Pak cache opened for reading ../../../Engine/DerivedDataCache/Compressed.ddp.
[2022.07.03-16.36.10:563][  0]LogDerivedDataCache: FDerivedDataBackendGraph:  EnterprisePak pak cache file ../../../Enterprise/DerivedDataCache/Compressed.ddp not found, will not use a pak cache.
[2022.07.03-16.36.10:563][  0]LogDerivedDataCache: Unable to find inner node EnterprisePak for hierarchical cache Hierarchy.
[2022.07.03-16.36.10:579][  0]LogDerivedDataCache: Speed tests for C:/Users/Window's-10/AppData/Local/UnrealEngine/Common/DerivedDataCache took 0.02 seconds
[2022.07.03-16.36.10:579][  0]LogDerivedDataCache: Display: Performance to C:/Users/Window's-10/AppData/Local/UnrealEngine/Common/DerivedDataCache: Latency=0.07ms. RandomReadSpeed=365.03MBs, RandomWriteSpeed=77.21MBs. Assigned SpeedClass 'Local'
[2022.07.03-16.36.10:580][  0]LogDerivedDataCache: Using Local data cache path C:/Users/Window's-10/AppData/Local/UnrealEngine/Common/DerivedDataCache: Writable
[2022.07.03-16.36.10:580][  0]LogDerivedDataCache: Shared data cache path not found in *engine.ini, will not use an Shared cache.
[2022.07.03-16.36.10:580][  0]LogDerivedDataCache: Unable to find inner node Shared for hierarchical cache Hierarchy.
[2022.07.03-16.36.10:675][  0]LogSlate: Using FreeType 2.10.0
[2022.07.03-16.36.10:676][  0]LogSlate: SlateFontServices - WITH_FREETYPE: 1, WITH_HARFBUZZ: 1
[2022.07.03-16.36.10:715][  0]LogAssetRegistry: FAssetRegistry took 0.0053 seconds to start up
[2022.07.03-16.36.11:300][  0]LogInit: Selected Device Profile: [Windows]
[2022.07.03-16.36.11:300][  0]LogInit: Active device profile: [000002877E208F00][000002877ED880C0 49] Windows
[2022.07.03-16.36.11:301][  0]LogInit: Profiles: [000002877E208F00][000002877ED880C0 49] Windows, [000002877E1C6400][000002877ED90240 49] WindowsNoEditor, [000002877E209F00][000002877ED943C0 49] WindowsServer, [000002877E1C5600][000002877ED98540 49] WindowsClient, [000002877E209000][000002877EE1C6C0 49] IOS, [000002877E1C7A00][000002877EE20840 49] iPadAir, [000002877E20B300][000002877ED8C980 49] iPadAir2, [000002877E0E9300][000002877EE28BC0 49] IPadPro, [000002877E0E9400][000002877EE24C00 49] iPadAir3, [000002877E1C4B00][000002877EE2CD40 49] iPadAir4, [000002877E0EA100][000002877EE44EC0 49] iPadMini2, [000002877E1C7400][000002877EE49040 49] iPadMini3, [000002877E0EAC00][000002877EE4D1C0 49] iPadMini4, [000002877E1C6700][000002877EE51340 49] iPadMini5, [000002877E0FCE00][000002877EE59600 49] iPhone6, [000002877E0FCF00][000002877EE55640 49] iPodTouch6, [000002877E20A800][000002877EE61900 49] iPhone7, [000002877E20A900][000002877EE5D940 49] iPodTouch7, [000002877E0E8C00][000002877EE65AC0 49] iPhone5S, [000002877E209300][000002877EE680C0 49] iPhone6Plus, [000002877E0EAA00][000002877EE6C240 49] iPhone6S, [000002877E20AD00][000002877EE703C0 49] iPhone6SPlus, [000002877E0FC100][000002877EE74540 49] iPhone7Plus, [000002877E0E9D00][000002877EE786C0 49] iPhoneSE, [000002877E0FCC00][000002877EE7C840 49] iPhone8, [000002877E0E8400][000002877EE809C0 49] iPhone8Plus, [000002877E0FEA00][000002877EE84B40 49] iPhoneX, [000002877E0EBC00][000002877EE40C80 49] iPhoneXS, [000002877E0FE900][000002877EE88DC0 49] iPhoneXSMax, [000002877E0E8B00][000002877EE8CF00 49] iPhoneXR, [000002877E20B800][000002877EE95080 49] iPhone11, [000002877E0EBD00][000002877EE99200 49] iPhone11Pro, [000002877E209C00][000002877EE9D380 49] iPhone11ProMax, [000002877E0E9100][000002877EEA1500 49] iPhoneSE2, [000002877E209200][000002877EEA5680 49] iPhone12Mini, [000002877E0EB100][000002877EEA9800 49] iPhone12, [000002877E208900][000002877EEAD980 49] iPhone12Pro, [000002877E0E8D00][000002877EEB1B00 49] iPhone12ProMax, [000002877E20BC00][000002877EEB4100 49] iPadPro105, [000002877E0EB700][000002877EEE6280 49] iPadPro129, [000002877E20B000][000002877EF32400 49] iPadPro97, [000002877E0E8F00][000002877EF36580 49] iPadPro2_129, [000002877E208C00][000002877EFBC700 49] iPad5, [000002877E0EBB00][000002877EFC0880 49] iPad6, [000002877E208400][000002877EFC4A00 49] iPad7, [000002877E0EBE00][000002877EFC8B80 49] iPad8, [000002877E209B00][000002877EFCCD00 49] iPadPro11, [000002877E0EA400][000002877EE90E40 49] iPadPro2_11, [000002877E208800][000002877EFD0F80 49] iPadPro3_129, [000002877E0EA800][000002877EFD50C0 49] iPadPro4_129, [000002877E20AF00][000002877EFDD240 49] AppleTV, [000002877E0E9200][000002877EFE13C0 49] AppleTV4K, [000002877E209700][000002877EFE5540 49] TVOS, [000002877E0EB600][000002877F0016C0 49] Mac, [000002877E20BA00][000002877F005840 49] MacClient, [000002877E0EA500][000002877F0099C0 49] MacNoEditor, [000002877E208500][000002877F00DB40 49] MacServer, [000002877E0EA000][000002877F010140 49] Linux, [000002877E20BB00][000002877F0142C0 49] LinuxAArch64, [000002877E0E8300][000002877F018440 49] LinuxNoEditor, [000002877E20B700][000002877F01C5C0 49] LinuxAArch64NoEditor, [000002877E0EA600][000002877F020740 49] LinuxClient, [000002877E20A600][000002877F02E8C0 49] LinuxAArch64Client, [000002877E0E9A00][000002877F032A40 49] LinuxServer, [000002877E208200][000002877F036BC0 49] LinuxAArch64Server, [000002877E0E9600][000002877F03ED40 49] Android, [000002877E20A100][000002877F04AEC0 49] Android_Low, [000002877E0EB800][000002877EFD9000 49] Android_Mid, [000002877E208600][000002877F067140 49] Android_High, [000002877E0EA300][000002877F0B5280 49] Android_Default, [000002877E20A300][000002877F0D13C0 49] Android_Adreno4xx, [000002877E0EB000][000002877F0E5540 49] Android_Adreno5xx_Low, [000002877E20AA00][000002877F0F56C0 49] Android_Adreno5xx, [000002877E0E8100][000002877F0FD840 49] Android_Adreno6xx, [000002877E208B00][000002877F1159C0 49] Android_Adreno6xx_Vulkan, [000002877E0E8A00][000002877F11DB40 49] Android_Mali_T6xx, [000002877E208700][000002877F120140 49] Android_Mali_T7xx, [000002877E1C5A00][000002877F1242C0 49] Android_Mali_T8xx, [000002877E0FC300][000002877F128440 49] Android_Mali_G71, [000002877E1C4600][000002877F12C5C0 49] Android_Mali_G72, [000002877E0FD200][000002877F130740 49] Android_Mali_G72_Vulkan, [000002877E1C7E00][000002877F1348C0 49] Android_Mali_G76, [000002877E0FC700][000002877F138A40 49] Android_Mali_G76_Vulkan, [000002877E1C7D00][000002877F194BC0 49] Android_Mali_G77, [000002877E0FFB00][000002877F226D40 49] Android_Mali_G77_Vulkan, [000002877E1C5B00][000002877F22AEC0 49] Android_Mali_G78, [000002877E0FF100][000002877F22F040 49] Android_Mali_G78_Vulkan, [000002877E1C7900][000002877F0E1180 49] Android_Mali_G710, [000002877E0FEC00][000002877F2332C0 49] Android_Mali_G710_Vulkan, [000002877E1C7600][000002877F237400 49] Android_Vulkan_SM5, [000002877E0FF800][000002877F23B540 49] Android_PowerVR_G6xxx, [000002877E1C5900][000002877FA756C0 49] Android_PowerVR_GT7xxx, [000002877E0FDD00][000002877FA79840 49] Android_PowerVR_GE8xxx, [000002877E1C6D00][000002877FA7D9C0 49] Android_PowerVR_GM9xxx, [000002877E0FC800][000002877FA81B40 49] Android_PowerVR_GM9xxx_Vulkan, [000002877E1C5C00][000002877FA84140 49] Android_TegraK1, [000002877E0FD000][000002877FA882C0 49] Android_Unknown_Vulkan, [000002877E1C6300][000002877FA8C440 49] Lumin, [000002877E0FFE00][000002877FA905C0 49] Lumin_Desktop, [000002877E1C6B00][000002877FA94740 49] HoloLens, 
[2022.07.03-16.36.11:579][  0]LogMeshReduction: Using QuadricMeshReduction for automatic static mesh reduction
[2022.07.03-16.36.11:579][  0]LogMeshReduction: Using SimplygonMeshReduction for automatic skeletal mesh reduction
[2022.07.03-16.36.11:579][  0]LogMeshReduction: Using ProxyLODMeshReduction for automatic mesh merging
[2022.07.03-16.36.11:579][  0]LogMeshReduction: No distributed automatic mesh merging module available
[2022.07.03-16.36.11:579][  0]LogMeshMerging: No distributed automatic mesh merging module available
[2022.07.03-16.36.11:609][  0]LogNetVersion: gamejam 1.0.0, NetCL: 17155196, EngineNetVer: 17, GameNetVer: 0 (Checksum: 483881507)
[2022.07.03-16.36.12:381][  0]LogTexture: Default maximum texture size for cubemaps generated from long-lat sources has been changed from 512 to unlimited. In order to preserve old behaiour for '/Engine/MapTemplates/Sky/DaylightAmbientCubemap.DaylightAmbientCubemap', its maximum texture size has been explicitly set to 512.
[2022.07.03-16.36.12:477][  0]LogHMD: PokeAHoleMaterial loaded successfully
[2022.07.03-16.36.12:490][  0]LogUObjectArray: 17178 objects as part of root set at end of initial load.
[2022.07.03-16.36.12:490][  0]LogUObjectAllocator: 4302048 out of 0 bytes used by permanent object pool.
[2022.07.03-16.36.12:490][  0]LogUObjectArray: CloseDisregardForGC: 0/0 objects in disregard for GC pool
[2022.07.03-16.36.13:066][  0]LogNiagaraDebuggerClient: Niagara Debugger Client Initialized | Session: 43187D4041168A3C8C2EC5B44DE5AC08 | Instance: 1DB0D6104F83301D131F559A647FEF92 (AGAMYPC-2776).
[2022.07.03-16.36.13:134][  0]LogPython: Using Python 3.7.7
[2022.07.03-16.36.14:376][  0]LogTcpMessaging: Initializing TcpMessaging bridge
[2022.07.03-16.36.14:419][  0]LogUdpMessaging: Initializing bridge on interface 0.0.0.0:0 to multicast group 230.0.0.1:6666.
[2022.07.03-16.36.14:621][  0]SourceControl: Source control is disabled
[2022.07.03-16.36.14:621][  0]SourceControl: Source control is disabled
[2022.07.03-16.36.14:743][  0]SourceControl: Source control is disabled
[2022.07.03-16.36.14:750][  0]SourceControl: Source control is disabled
[2022.07.03-16.36.14:761][  0]SourceControl: Source control is disabled
[2022.07.03-16.36.14:785][  0]LogUProjectInfo: Found projects:
[2022.07.03-16.36.15:241][  0]LogOpenImageDenoise: OIDN starting up
[2022.07.03-16.36.15:365][  0]LogAndroidPermission: UAndroidPermissionCallbackProxy::GetInstance
[2022.07.03-16.36.15:396][  0]LogAudioCaptureCore: Display: No Audio Capture implementations found. Audio input will be silent.
[2022.07.03-16.36.15:396][  0]LogAudioCaptureCore: Display: No Audio Capture implementations found. Audio input will be silent.
[2022.07.03-16.36.15:663][  0]LogCollectionManager: Loaded 0 collections in 0.004014 seconds
[2022.07.03-16.36.15:727][  0]LogFileCache: Scanning file cache for directory 'C:/Users/Window's-10/Documents/GitHub/gamejam/gamejam/Saved/Collections/' took 0.00s
[2022.07.03-16.36.15:727][  0]LogFileCache: Scanning file cache for directory 'C:/Users/Window's-10/Documents/GitHub/gamejam/gamejam/Content/Developers/Windows10/Collections/' took 0.00s
[2022.07.03-16.36.15:728][  0]LogFileCache: Scanning file cache for directory 'C:/Users/Window's-10/Documents/GitHub/gamejam/gamejam/Content/Collections/' took 0.00s
[2022.07.03-16.36.15:728][  0]LogOcInput: OculusInput pre-init called
[2022.07.03-16.36.16:700][  0]LogClass: Display: Int8Property FMTSJson::version is not initialized properly. Module:MegascansPlugin File:Private/Utilities/MTSReader.h
[2022.07.03-16.36.16:700][  0]LogClass: Display: Int16Property FMTSJson::resolutionValue is not initialized properly. Module:MegascansPlugin File:Private/Utilities/MTSReader.h
[2022.07.03-16.36.16:700][  0]LogClass: Display: BoolProperty FMTSJson::isExternal is not initialized properly. Module:MegascansPlugin File:Private/Utilities/MTSReader.h
[2022.07.03-16.36.16:700][  0]LogClass: Display: Int8Property FMTSJson::meshVersion is not initialized properly. Module:MegascansPlugin File:Private/Utilities/MTSReader.h
[2022.07.03-16.36.16:700][  0]LogClass: Display: BoolProperty FMTSJson::isCustom is not initialized properly. Module:MegascansPlugin File:Private/Utilities/MTSReader.h
[2022.07.03-16.36.16:701][  0]LogClass: Display: BoolProperty FMTSJson::isModularAsset is not initialized properly. Module:MegascansPlugin File:Private/Utilities/MTSReader.h
[2022.07.03-16.36.16:701][  0]LogClass: Display: Int8Property FLodList::variation is not initialized properly. Module:MegascansPlugin File:Private/Utilities/MTSReader.h
[2022.07.03-16.36.16:701][  0]LogClass: Display: Int16Property FMeshList::resolution is not initialized properly. Module:MegascansPlugin File:Private/Utilities/MTSReader.h
[2022.07.03-16.36.16:701][  0]LogClass: Display: Int16Property FComponents::resolution is not initialized properly. Module:MegascansPlugin File:Private/Utilities/MTSReader.h
[2022.07.03-16.36.16:701][  0]LogClass: Display: BoolProperty FTextureSets::isUdim is not initialized properly. Module:MegascansPlugin File:Private/Utilities/MTSReader.h
[2022.07.03-16.36.16:701][  0]LogClass: Display: BoolProperty FMeta::value is not initialized properly. Module:MegascansPlugin File:Private/Utilities/MTSReader.h
[2022.07.03-16.36.16:701][  0]LogClass: Display: 11 Uninitialized script struct members found including 0 object properties
[2022.07.03-16.36.16:703][  0]LogEngine: Initializing Engine...
[2022.07.03-16.36.16:710][  0]LogHMD: Failed to enumerate extensions. Please check that you have a valid OpenXR runtime installed.
[2022.07.03-16.36.16:710][  0]LogHMD: Failed to initialize OpenVR with code 110
[2022.07.03-16.36.16:710][  0]LogMagicLeap: Warning: VR disabled because ZI is not enabled.  To enable, in the editor, Edit -> Project Settings -> Plugins -> Magic Leap Plugin -> Enable Zero Iteration
[2022.07.03-16.36.16:712][  0]LogStats: UGameplayTagsManager::InitializeManager -  0.000 s
[2022.07.03-16.36.16:952][  0]LogInit: Initializing FReadOnlyCVARCache
[2022.07.03-16.36.16:968][  0]LogAIModule: Creating AISystem for world Untitled
[2022.07.03-16.36.16:994][  0]LogAudio: Display: Initializing Audio Device Manager...
[2022.07.03-16.36.17:001][  0]LogAudio: Display: Loading Default Audio Settings Objects...
[2022.07.03-16.36.17:002][  0]LogAudio: Display: No default SoundConcurrencyObject specified (or failed to load).
[2022.07.03-16.36.17:003][  0]LogAudio: Display: Audio Device Manager Initialized
[2022.07.03-16.36.17:003][  0]LogAudio: Display: Creating Audio Device:                 Id: 1, Scope: Shared, Realtime: True
[2022.07.03-16.36.17:003][  0]LogAudioMixer: Display: Audio Mixer Platform Settings:
[2022.07.03-16.36.17:003][  0]LogAudioMixer: Display: 	Sample Rate:						  48000
[2022.07.03-16.36.17:003][  0]LogAudioMixer: Display: 	Callback Buffer Frame Size Requested: 1024
[2022.07.03-16.36.17:003][  0]LogAudioMixer: Display: 	Callback Buffer Frame Size To Use:	  1024
[2022.07.03-16.36.17:003][  0]LogAudioMixer: Display: 	Number of buffers to queue:			  2
[2022.07.03-16.36.17:003][  0]LogAudioMixer: Display: 	Max Channels (voices):				  32
[2022.07.03-16.36.17:003][  0]LogAudioMixer: Display: 	Number of Async Source Workers:		  0
[2022.07.03-16.36.17:004][  0]LogAudio: Display: AudioDevice MaxSources: 32
[2022.07.03-16.36.17:004][  0]LogAudio: Display: Audio Spatialization Plugin: None (built-in).
[2022.07.03-16.36.17:004][  0]LogAudio: Display: Audio Reverb Plugin: None (built-in).
[2022.07.03-16.36.17:004][  0]LogAudio: Display: Audio Occlusion Plugin: None (built-in).
[2022.07.03-16.36.17:004][  0]LogAudioMixer: Display: Initializing audio mixer.
[2022.07.03-16.36.17:032][  0]LogAudioMixer: Display: 0: FrontLeft
[2022.07.03-16.36.17:032][  0]LogAudioMixer: Display: 1: FrontRight
[2022.07.03-16.36.17:505][  0]LogAudioMixer: Display: Using Audio Device Speaker/Headphone (Realtek High Definition Audio)
[2022.07.03-16.36.17:510][  0]LogAudioMixer: Display: Initializing Sound Submixes...
[2022.07.03-16.36.17:515][  0]LogAudioMixer: Display: Creating Master Submix 'MasterSubmixDefault'
[2022.07.03-16.36.17:515][  0]LogAudioMixer: Display: Creating Master Submix 'MasterReverbSubmixDefault'
[2022.07.03-16.36.17:518][  0]LogAudioMixer: Display: Creating Master Submix 'MasterEQSubmixDefault'
[2022.07.03-16.36.17:518][  0]LogAudioMixer: FMixerPlatformXAudio2::StartAudioStream() called
[2022.07.03-16.36.17:518][  0]LogAudioMixer: Display: Output buffers initialized: Frames=1024, Channels=2, Samples=2048
[2022.07.03-16.36.17:520][  0]LogAudioMixer: Display: Starting AudioMixerPlatformInterface::RunInternal()
[2022.07.03-16.36.17:520][  0]LogAudioMixer: Display: FMixerPlatformXAudio2::SubmitBuffer() called for the first time
[2022.07.03-16.36.17:520][  0]LogInit: FAudioDevice initialized.
[2022.07.03-16.36.17:523][  0]LogAudio: Display: Audio Device (ID: 1) registered with world 'Untitled'.
[2022.07.03-16.36.17:523][  0]LogNetVersion: Set ProjectVersion to 1.0.0.0. Version Checksum will be recalculated on next use.
[2022.07.03-16.36.17:639][  0]LogDerivedDataCache: Saved boot cache 0.12s 94MB C:/Users/Window's-10/AppData/Local/UnrealEngine/4.27/DerivedDataCache/Boot.ddc.
[2022.07.03-16.36.17:640][  0]LogInit: Texture streaming: Enabled
[2022.07.03-16.36.17:666][  0]LogAnalytics: Display: [UEEditor.Rocket.Release] APIServer = https://datarouter.ol.epicgames.com/. AppVersion = 4.27.2-18319896+++UE4+Release-4.27
[2022.07.03-16.36.17:676][  0]LogEngineSessionManager: EngineSessionManager initialized
[2022.07.03-16.36.17:676][  0]LogEditorSessionSummary: Verbose: Initializing EditorSessionSummaryWriter for editor session tracking
[2022.07.03-16.36.17:688][  0]LogEditorSessionSummary: EditorSessionSummaryWriter initialized
[2022.07.03-16.36.17:719][  0]LogInit: Transaction tracking system initialized
[2022.07.03-16.36.17:762][  0]BlueprintLog: New page: Editor Load
[2022.07.03-16.36.17:912][  0]LocalizationService: Localization service is disabled
[2022.07.03-16.36.17:957][  0]TimingProfiler: Initialize
[2022.07.03-16.36.17:958][  0]TimingProfiler: OnSessionChanged
[2022.07.03-16.36.17:958][  0]LoadingProfiler: Initialize
[2022.07.03-16.36.17:958][  0]LoadingProfiler: OnSessionChanged
[2022.07.03-16.36.17:958][  0]NetworkingProfiler: Initialize
[2022.07.03-16.36.17:958][  0]NetworkingProfiler: OnSessionChanged
[2022.07.03-16.36.17:958][  0]MemoryProfiler: Initialize
[2022.07.03-16.36.17:958][  0]MemoryProfiler: OnSessionChanged
[2022.07.03-16.36.18:305][  0]LogCook: Display: CookSettings for Memory: MemoryMaxUsedVirtual 0MiB, MemoryMaxUsedPhysical 16384MiB, MemoryMinFreeVirtual 0MiB, MemoryMinFreePhysical 1024MiB
[2022.07.03-16.36.18:305][  0]LogCook: Display: Mobile HDR setting 1
[2022.07.03-16.36.18:314][  0]LogFileCache: Scanning file cache for directory 'C:/Users/Window's-10/Documents/GitHub/gamejam/gamejam/Content/' took 0.00s
[2022.07.03-16.36.18:314][  0]LogLinker: Warning: Failed to load '/Engine/BasicShapes/Cube': Can't find file.
[2022.07.03-16.36.18:315][  0]LogLinker: Warning: Failed to load '/Engine/BasicShapes/Cube': Can't find file.
[2022.07.03-16.36.18:315][  0]LogUObjectGlobals: Warning: Failed to find object 'StaticMesh /Engine/BasicShapes/Cube.Cube'
[2022.07.03-16.36.19:004][  0]LogInit: Display: Engine is initialized. Leaving FEngineLoop::Init()
[2022.07.03-16.36.19:018][  0]SourceControl: Source control is disabled
[2022.07.03-16.36.19:018][  0]LogUnrealEdMisc: Loading editor; pre map load, took 14.648
[2022.07.03-16.36.19:018][  0]Cmd: MAP LOAD FILE="../../../Engine/Content/Maps/Templates/Template_Default.umap" TEMPLATE=1 SHOWPROGRESS=1 FEATURELEVEL=3
[2022.07.03-16.36.19:019][  0]LightingResults: New page: Lighting Build
[2022.07.03-16.36.19:021][  0]LogWorld: UWorld::CleanupWorld for Untitled, bSessionEnded=true, bCleanupResources=true
[2022.07.03-16.36.19:021][  0]LogSlate: InvalidateAllWidgets triggered.  All widgets were invalidated
[2022.07.03-16.36.19:022][  0]MapCheck: New page: Map Check
[2022.07.03-16.36.19:022][  0]LightingResults: New page: Lighting Build
[2022.07.03-16.36.19:029][  0]LogAudio: Display: Audio Device unregistered from world 'None'.
[2022.07.03-16.36.19:034][  0]LogUObjectHash: Compacting FUObjectHashTables data took   1.65ms
[2022.07.03-16.36.19:152][  0]LogAudio: Display: Audio Device (ID: 1) registered with world 'Untitled_1'.
[2022.07.03-16.36.19:155][  0]LogAIModule: Creating AISystem for world Untitled_1
[2022.07.03-16.36.19:162][  0]LogEditorServer: Finished looking for orphan Actors (0.000 secs)
[2022.07.03-16.36.19:181][  0]LogUObjectHash: Compacting FUObjectHashTables data took   1.65ms
[2022.07.03-16.36.19:181][  0]Cmd: MAP CHECKDEP NOCLEARLOG
[2022.07.03-16.36.19:182][  0]MapCheck: Map check complete: 0 Error(s), 0 Warning(s), took 0.305ms to complete.
[2022.07.03-16.36.19:182][  0]LogFileHelpers: Loading map 'Template_Default' took 0.164
[2022.07.03-16.36.19:185][  0]LogUnrealEdMisc: Total Editor Startup Time, took 14.815
[2022.07.03-16.36.19:352][  0]LogSlate: Updating window title bar state: overlay mode, drag disabled, window buttons hidden, title bar hidden
[2022.07.03-16.36.19:364][  0]LogSlate: Updating window title bar state: overlay mode, drag disabled, window buttons hidden, title bar hidden
[2022.07.03-16.36.19:375][  0]LogSlate: Updating window title bar state: overlay mode, drag disabled, window buttons hidden, title bar hidden
[2022.07.03-16.36.19:387][  0]LogSlate: Updating window title bar state: overlay mode, drag disabled, window buttons hidden, title bar hidden
[2022.07.03-16.36.19:421][  0]LogNativeClassHierarchy: Verbose: Native class hierarchy populated in 0.0208 seconds. Added 3833 classes and 935 folders.
[2022.07.03-16.36.19:425][  0]LogNativeClassHierarchy: Verbose: Native class hierarchy updated for 'WidgetCarousel' in 0.0006 seconds. Added 0 classes and 0 folders.
[2022.07.03-16.36.19:428][  0]LogPakFile: PakFile PrimaryIndexSize=187
[2022.07.03-16.36.19:428][  0]LogPakFile: PakFile PathHashIndexSize=101
[2022.07.03-16.36.19:428][  0]LogPakFile: PakFile FullDirectoryIndexSize=148
[2022.07.03-16.36.19:428][  0]LogShaderLibrary: Display: ShaderCodeLibraryPakFileMountedCallback: PakFile 'C:/Program Files/Epic Games/UE_4.27/FeaturePacks/FP_FirstPerson.upack' (chunk index -1, root 'root:/') mounted
[2022.07.03-16.36.19:428][  0]LogShaderLibrary: Display: ShaderCodeLibraryPakFileMountedCallback: pending pak file info (ChunkID:-1 Root:root:/ File:C:/Program Files/Epic Games/UE_4.27/FeaturePacks/FP_FirstPerson.upack)
[2022.07.03-16.36.19:428][  0]LogPakFile: OnPakFileMounted2Time == 0.000124
[2022.07.03-16.36.19:429][  0]LogPakFile: PakFile PrimaryIndexSize=189
[2022.07.03-16.36.19:429][  0]LogPakFile: PakFile PathHashIndexSize=101
[2022.07.03-16.36.19:430][  0]LogPakFile: PakFile FullDirectoryIndexSize=152
[2022.07.03-16.36.19:430][  0]LogShaderLibrary: Display: ShaderCodeLibraryPakFileMountedCallback: PakFile 'C:/Program Files/Epic Games/UE_4.27/FeaturePacks/FP_FirstPersonBP.upack' (chunk index -1, root 'root:/') mounted
[2022.07.03-16.36.19:430][  0]LogShaderLibrary: Display: ShaderCodeLibraryPakFileMountedCallback: pending pak file info (ChunkID:-1 Root:root:/ File:C:/Program Files/Epic Games/UE_4.27/FeaturePacks/FP_FirstPersonBP.upack)
[2022.07.03-16.36.19:430][  0]LogPakFile: OnPakFileMounted2Time == 0.000108
[2022.07.03-16.36.19:431][  0]LogPakFile: PakFile PrimaryIndexSize=191
[2022.07.03-16.36.19:431][  0]LogPakFile: PakFile PathHashIndexSize=101
[2022.07.03-16.36.19:431][  0]LogPakFile: PakFile FullDirectoryIndexSize=160
[2022.07.03-16.36.19:431][  0]LogShaderLibrary: Display: ShaderCodeLibraryPakFileMountedCallback: PakFile 'C:/Program Files/Epic Games/UE_4.27/FeaturePacks/MobileStarterContent.upack' (chunk index -1, root 'root:/') mounted
[2022.07.03-16.36.19:431][  0]LogShaderLibrary: Display: ShaderCodeLibraryPakFileMountedCallback: pending pak file info (ChunkID:-1 Root:root:/ File:C:/Program Files/Epic Games/UE_4.27/FeaturePacks/MobileStarterContent.upack)
[2022.07.03-16.36.19:431][  0]LogPakFile: OnPakFileMounted2Time == 0.000083
[2022.07.03-16.36.19:432][  0]LogPakFile: PakFile PrimaryIndexSize=185
[2022.07.03-16.36.19:432][  0]LogPakFile: PakFile PathHashIndexSize=101
[2022.07.03-16.36.19:432][  0]LogPakFile: PakFile FullDirectoryIndexSize=148
[2022.07.03-16.36.19:432][  0]LogShaderLibrary: Display: ShaderCodeLibraryPakFileMountedCallback: PakFile 'C:/Program Files/Epic Games/UE_4.27/FeaturePacks/StarterContent.upack' (chunk index -1, root 'root:/') mounted
[2022.07.03-16.36.19:432][  0]LogShaderLibrary: Display: ShaderCodeLibraryPakFileMountedCallback: pending pak file info (ChunkID:-1 Root:root:/ File:C:/Program Files/Epic Games/UE_4.27/FeaturePacks/StarterContent.upack)
[2022.07.03-16.36.19:432][  0]LogPakFile: OnPakFileMounted2Time == 0.000090
[2022.07.03-16.36.19:433][  0]LogPakFile: PakFile PrimaryIndexSize=190
[2022.07.03-16.36.19:433][  0]LogPakFile: PakFile PathHashIndexSize=101
[2022.07.03-16.36.19:433][  0]LogPakFile: PakFile FullDirectoryIndexSize=154
[2022.07.03-16.36.19:433][  0]LogShaderLibrary: Display: ShaderCodeLibraryPakFileMountedCallback: PakFile 'C:/Program Files/Epic Games/UE_4.27/FeaturePacks/TP_2DSideScroller.upack' (chunk index -1, root 'root:/') mounted
[2022.07.03-16.36.19:433][  0]LogShaderLibrary: Display: ShaderCodeLibraryPakFileMountedCallback: pending pak file info (ChunkID:-1 Root:root:/ File:C:/Program Files/Epic Games/UE_4.27/FeaturePacks/TP_2DSideScroller.upack)
[2022.07.03-16.36.19:433][  0]LogPakFile: OnPakFileMounted2Time == 0.000089
[2022.07.03-16.36.19:435][  0]LogPakFile: PakFile PrimaryIndexSize=192
[2022.07.03-16.36.19:435][  0]LogPakFile: PakFile PathHashIndexSize=101
[2022.07.03-16.36.19:435][  0]LogPakFile: PakFile FullDirectoryIndexSize=158
[2022.07.03-16.36.19:435][  0]LogShaderLibrary: Display: ShaderCodeLibraryPakFileMountedCallback: PakFile 'C:/Program Files/Epic Games/UE_4.27/FeaturePacks/TP_2DSideScrollerBP.upack' (chunk index -1, root 'root:/') mounted
[2022.07.03-16.36.19:435][  0]LogShaderLibrary: Display: ShaderCodeLibraryPakFileMountedCallback: pending pak file info (ChunkID:-1 Root:root:/ File:C:/Program Files/Epic Games/UE_4.27/FeaturePacks/TP_2DSideScrollerBP.upack)
[2022.07.03-16.36.19:435][  0]LogPakFile: OnPakFileMounted2Time == 0.000086
[2022.07.03-16.36.19:436][  0]LogPakFile: PakFile PrimaryIndexSize=182
[2022.07.03-16.36.19:436][  0]LogPakFile: PakFile PathHashIndexSize=101
[2022.07.03-16.36.19:436][  0]LogPakFile: PakFile FullDirectoryIndexSize=138
[2022.07.03-16.36.19:436][  0]LogShaderLibrary: Display: ShaderCodeLibraryPakFileMountedCallback: PakFile 'C:/Program Files/Epic Games/UE_4.27/FeaturePacks/TP_Flying.upack' (chunk index -1, root 'root:/') mounted
[2022.07.03-16.36.19:436][  0]LogShaderLibrary: Display: ShaderCodeLibraryPakFileMountedCallback: pending pak file info (ChunkID:-1 Root:root:/ File:C:/Program Files/Epic Games/UE_4.27/FeaturePacks/TP_Flying.upack)
[2022.07.03-16.36.19:436][  0]LogPakFile: OnPakFileMounted2Time == 0.000079
[2022.07.03-16.36.19:437][  0]LogPakFile: PakFile PrimaryIndexSize=184
[2022.07.03-16.36.19:438][  0]LogPakFile: PakFile PathHashIndexSize=101
[2022.07.03-16.36.19:438][  0]LogPakFile: PakFile FullDirectoryIndexSize=142
[2022.07.03-16.36.19:438][  0]LogShaderLibrary: Display: ShaderCodeLibraryPakFileMountedCallback: PakFile 'C:/Program Files/Epic Games/UE_4.27/FeaturePacks/TP_FlyingBP.upack' (chunk index -1, root 'root:/') mounted
[2022.07.03-16.36.19:438][  0]LogShaderLibrary: Display: ShaderCodeLibraryPakFileMountedCallback: pending pak file info (ChunkID:-1 Root:root:/ File:C:/Program Files/Epic Games/UE_4.27/FeaturePacks/TP_FlyingBP.upack)
[2022.07.03-16.36.19:438][  0]LogPakFile: OnPakFileMounted2Time == 0.000079
[2022.07.03-16.36.19:439][  0]LogPakFile: PakFile PrimaryIndexSize=188
[2022.07.03-16.36.19:439][  0]LogPakFile: PakFile PathHashIndexSize=101
[2022.07.03-16.36.19:439][  0]LogPakFile: PakFile FullDirectoryIndexSize=150
[2022.07.03-16.36.19:439][  0]LogShaderLibrary: Display: ShaderCodeLibraryPakFileMountedCallback: PakFile 'C:/Program Files/Epic Games/UE_4.27/FeaturePacks/TP_HandheldARBP.upack' (chunk index -1, root 'root:/') mounted
[2022.07.03-16.36.19:439][  0]LogShaderLibrary: Display: ShaderCodeLibraryPakFileMountedCallback: pending pak file info (ChunkID:-1 Root:root:/ File:C:/Program Files/Epic Games/UE_4.27/FeaturePacks/TP_HandheldARBP.upack)
[2022.07.03-16.36.19:439][  0]LogPakFile: OnPakFileMounted2Time == 0.000079
[2022.07.03-16.36.19:440][  0]LogPakFile: PakFile PrimaryIndexSize=182
[2022.07.03-16.36.19:440][  0]LogPakFile: PakFile PathHashIndexSize=101
[2022.07.03-16.36.19:441][  0]LogPakFile: PakFile FullDirectoryIndexSize=138
[2022.07.03-16.36.19:441][  0]LogShaderLibrary: Display: ShaderCodeLibraryPakFileMountedCallback: PakFile 'C:/Program Files/Epic Games/UE_4.27/FeaturePacks/TP_Puzzle.upack' (chunk index -1, root 'root:/') mounted
[2022.07.03-16.36.19:441][  0]LogShaderLibrary: Display: ShaderCodeLibraryPakFileMountedCallback: pending pak file info (ChunkID:-1 Root:root:/ File:C:/Program Files/Epic Games/UE_4.27/FeaturePacks/TP_Puzzle.upack)
[2022.07.03-16.36.19:441][  0]LogPakFile: OnPakFileMounted2Time == 0.000087
[2022.07.03-16.36.19:442][  0]LogPakFile: PakFile PrimaryIndexSize=184
[2022.07.03-16.36.19:442][  0]LogPakFile: PakFile PathHashIndexSize=101
[2022.07.03-16.36.19:442][  0]LogPakFile: PakFile FullDirectoryIndexSize=142
[2022.07.03-16.36.19:442][  0]LogShaderLibrary: Display: ShaderCodeLibraryPakFileMountedCallback: PakFile 'C:/Program Files/Epic Games/UE_4.27/FeaturePacks/TP_PuzzleBP.upack' (chunk index -1, root 'root:/') mounted
[2022.07.03-16.36.19:442][  0]LogShaderLibrary: Display: ShaderCodeLibraryPakFileMountedCallback: pending pak file info (ChunkID:-1 Root:root:/ File:C:/Program Files/Epic Games/UE_4.27/FeaturePacks/TP_PuzzleBP.upack)
[2022.07.03-16.36.19:442][  0]LogPakFile: OnPakFileMounted2Time == 0.000088
[2022.07.03-16.36.19:443][  0]LogPakFile: PakFile PrimaryIndexSize=183
[2022.07.03-16.36.19:443][  0]LogPakFile: PakFile PathHashIndexSize=101
[2022.07.03-16.36.19:443][  0]LogPakFile: PakFile FullDirectoryIndexSize=140
[2022.07.03-16.36.19:443][  0]LogShaderLibrary: Display: ShaderCodeLibraryPakFileMountedCallback: PakFile 'C:/Program Files/Epic Games/UE_4.27/FeaturePacks/TP_Rolling.upack' (chunk index -1, root 'root:/') mounted
[2022.07.03-16.36.19:443][  0]LogShaderLibrary: Display: ShaderCodeLibraryPakFileMountedCallback: pending pak file info (ChunkID:-1 Root:root:/ File:C:/Program Files/Epic Games/UE_4.27/FeaturePacks/TP_Rolling.upack)
[2022.07.03-16.36.19:444][  0]LogPakFile: OnPakFileMounted2Time == 0.000094
[2022.07.03-16.36.19:445][  0]LogPakFile: PakFile PrimaryIndexSize=185
[2022.07.03-16.36.19:445][  0]LogPakFile: PakFile PathHashIndexSize=101
[2022.07.03-16.36.19:445][  0]LogPakFile: PakFile FullDirectoryIndexSize=144
[2022.07.03-16.36.19:445][  0]LogShaderLibrary: Display: ShaderCodeLibraryPakFileMountedCallback: PakFile 'C:/Program Files/Epic Games/UE_4.27/FeaturePacks/TP_RollingBP.upack' (chunk index -1, root 'root:/') mounted
[2022.07.03-16.36.19:445][  0]LogShaderLibrary: Display: ShaderCodeLibraryPakFileMountedCallback: pending pak file info (ChunkID:-1 Root:root:/ File:C:/Program Files/Epic Games/UE_4.27/FeaturePacks/TP_RollingBP.upack)
[2022.07.03-16.36.19:445][  0]LogPakFile: OnPakFileMounted2Time == 0.000086
[2022.07.03-16.36.19:446][  0]LogPakFile: PakFile PrimaryIndexSize=188
[2022.07.03-16.36.19:446][  0]LogPakFile: PakFile PathHashIndexSize=101
[2022.07.03-16.36.19:446][  0]LogPakFile: PakFile FullDirectoryIndexSize=150
[2022.07.03-16.36.19:446][  0]LogShaderLibrary: Display: ShaderCodeLibraryPakFileMountedCallback: PakFile 'C:/Program Files/Epic Games/UE_4.27/FeaturePacks/TP_SideScroller.upack' (chunk index -1, root 'root:/') mounted
[2022.07.03-16.36.19:446][  0]LogShaderLibrary: Display: ShaderCodeLibraryPakFileMountedCallback: pending pak file info (ChunkID:-1 Root:root:/ File:C:/Program Files/Epic Games/UE_4.27/FeaturePacks/TP_SideScroller.upack)
[2022.07.03-16.36.19:446][  0]LogPakFile: OnPakFileMounted2Time == 0.000085
[2022.07.03-16.36.19:448][  0]LogPakFile: PakFile PrimaryIndexSize=190
[2022.07.03-16.36.19:448][  0]LogPakFile: PakFile PathHashIndexSize=101
[2022.07.03-16.36.19:448][  0]LogPakFile: PakFile FullDirectoryIndexSize=154
[2022.07.03-16.36.19:448][  0]LogShaderLibrary: Display: ShaderCodeLibraryPakFileMountedCallback: PakFile 'C:/Program Files/Epic Games/UE_4.27/FeaturePacks/TP_SideScrollerBP.upack' (chunk index -1, root 'root:/') mounted
[2022.07.03-16.36.19:448][  0]LogShaderLibrary: Display: ShaderCodeLibraryPakFileMountedCallback: pending pak file info (ChunkID:-1 Root:root:/ File:C:/Program Files/Epic Games/UE_4.27/FeaturePacks/TP_SideScrollerBP.upack)
[2022.07.03-16.36.19:448][  0]LogPakFile: OnPakFileMounted2Time == 0.000084
[2022.07.03-16.36.19:449][  0]LogPakFile: PakFile PrimaryIndexSize=187
[2022.07.03-16.36.19:449][  0]LogPakFile: PakFile PathHashIndexSize=101
[2022.07.03-16.36.19:449][  0]LogPakFile: PakFile FullDirectoryIndexSize=148
[2022.07.03-16.36.19:449][  0]LogShaderLibrary: Display: ShaderCodeLibraryPakFileMountedCallback: PakFile 'C:/Program Files/Epic Games/UE_4.27/FeaturePacks/TP_ThirdPerson.upack' (chunk index -1, root 'root:/') mounted
[2022.07.03-16.36.19:449][  0]LogShaderLibrary: Display: ShaderCodeLibraryPakFileMountedCallback: pending pak file info (ChunkID:-1 Root:root:/ File:C:/Program Files/Epic Games/UE_4.27/FeaturePacks/TP_ThirdPerson.upack)
[2022.07.03-16.36.19:449][  0]LogPakFile: OnPakFileMounted2Time == 0.000079
[2022.07.03-16.36.19:450][  0]LogPakFile: PakFile PrimaryIndexSize=189
[2022.07.03-16.36.19:450][  0]LogPakFile: PakFile PathHashIndexSize=101
[2022.07.03-16.36.19:450][  0]LogPakFile: PakFile FullDirectoryIndexSize=152
[2022.07.03-16.36.19:450][  0]LogShaderLibrary: Display: ShaderCodeLibraryPakFileMountedCallback: PakFile 'C:/Program Files/Epic Games/UE_4.27/FeaturePacks/TP_ThirdPersonBP.upack' (chunk index -1, root 'root:/') mounted
[2022.07.03-16.36.19:450][  0]LogShaderLibrary: Display: ShaderCodeLibraryPakFileMountedCallback: pending pak file info (ChunkID:-1 Root:root:/ File:C:/Program Files/Epic Games/UE_4.27/FeaturePacks/TP_ThirdPersonBP.upack)
[2022.07.03-16.36.19:450][  0]LogPakFile: OnPakFileMounted2Time == 0.000079
[2022.07.03-16.36.19:451][  0]LogPakFile: PakFile PrimaryIndexSize=183
[2022.07.03-16.36.19:452][  0]LogPakFile: PakFile PathHashIndexSize=101
[2022.07.03-16.36.19:452][  0]LogPakFile: PakFile FullDirectoryIndexSize=140
[2022.07.03-16.36.19:452][  0]LogShaderLibrary: Display: ShaderCodeLibraryPakFileMountedCallback: PakFile 'C:/Program Files/Epic Games/UE_4.27/FeaturePacks/TP_TopDown.upack' (chunk index -1, root 'root:/') mounted
[2022.07.03-16.36.19:452][  0]LogShaderLibrary: Display: ShaderCodeLibraryPakFileMountedCallback: pending pak file info (ChunkID:-1 Root:root:/ File:C:/Program Files/Epic Games/UE_4.27/FeaturePacks/TP_TopDown.upack)
[2022.07.03-16.36.19:452][  0]LogPakFile: OnPakFileMounted2Time == 0.000100
[2022.07.03-16.36.19:453][  0]LogPakFile: PakFile PrimaryIndexSize=185
[2022.07.03-16.36.19:453][  0]LogPakFile: PakFile PathHashIndexSize=101
[2022.07.03-16.36.19:453][  0]LogPakFile: PakFile FullDirectoryIndexSize=144
[2022.07.03-16.36.19:453][  0]LogShaderLibrary: Display: ShaderCodeLibraryPakFileMountedCallback: PakFile 'C:/Program Files/Epic Games/UE_4.27/FeaturePacks/TP_TopDownBP.upack' (chunk index -1, root 'root:/') mounted
[2022.07.03-16.36.19:453][  0]LogShaderLibrary: Display: ShaderCodeLibraryPakFileMountedCallback: pending pak file info (ChunkID:-1 Root:root:/ File:C:/Program Files/Epic Games/UE_4.27/FeaturePacks/TP_TopDownBP.upack)
[2022.07.03-16.36.19:453][  0]LogPakFile: OnPakFileMounted2Time == 0.000079
[2022.07.03-16.36.19:454][  0]LogPakFile: PakFile PrimaryIndexSize=185
[2022.07.03-16.36.19:454][  0]LogPakFile: PakFile PathHashIndexSize=101
[2022.07.03-16.36.19:454][  0]LogPakFile: PakFile FullDirectoryIndexSize=144
[2022.07.03-16.36.19:454][  0]LogShaderLibrary: Display: ShaderCodeLibraryPakFileMountedCallback: PakFile 'C:/Program Files/Epic Games/UE_4.27/FeaturePacks/TP_TwinStick.upack' (chunk index -1, root 'root:/') mounted
[2022.07.03-16.36.19:454][  0]LogShaderLibrary: Display: ShaderCodeLibraryPakFileMountedCallback: pending pak file info (ChunkID:-1 Root:root:/ File:C:/Program Files/Epic Games/UE_4.27/FeaturePacks/TP_TwinStick.upack)
[2022.07.03-16.36.19:454][  0]LogPakFile: OnPakFileMounted2Time == 0.000093
[2022.07.03-16.36.19:455][  0]LogPakFile: PakFile PrimaryIndexSize=187
[2022.07.03-16.36.19:455][  0]LogPakFile: PakFile PathHashIndexSize=101
[2022.07.03-16.36.19:455][  0]LogPakFile: PakFile FullDirectoryIndexSize=148
[2022.07.03-16.36.19:456][  0]LogShaderLibrary: Display: ShaderCodeLibraryPakFileMountedCallback: PakFile 'C:/Program Files/Epic Games/UE_4.27/FeaturePacks/TP_TwinStickBP.upack' (chunk index -1, root 'root:/') mounted
[2022.07.03-16.36.19:456][  0]LogShaderLibrary: Display: ShaderCodeLibraryPakFileMountedCallback: pending pak file info (ChunkID:-1 Root:root:/ File:C:/Program Files/Epic Games/UE_4.27/FeaturePacks/TP_TwinStickBP.upack)
[2022.07.03-16.36.19:456][  0]LogPakFile: OnPakFileMounted2Time == 0.000097
[2022.07.03-16.36.19:457][  0]LogPakFile: PakFile PrimaryIndexSize=183
[2022.07.03-16.36.19:457][  0]LogPakFile: PakFile PathHashIndexSize=101
[2022.07.03-16.36.19:457][  0]LogPakFile: PakFile FullDirectoryIndexSize=140
[2022.07.03-16.36.19:457][  0]LogShaderLibrary: Display: ShaderCodeLibraryPakFileMountedCallback: PakFile 'C:/Program Files/Epic Games/UE_4.27/FeaturePacks/TP_Vehicle.upack' (chunk index -1, root 'root:/') mounted
[2022.07.03-16.36.19:457][  0]LogShaderLibrary: Display: ShaderCodeLibraryPakFileMountedCallback: pending pak file info (ChunkID:-1 Root:root:/ File:C:/Program Files/Epic Games/UE_4.27/FeaturePacks/TP_Vehicle.upack)
[2022.07.03-16.36.19:457][  0]LogPakFile: OnPakFileMounted2Time == 0.000080
[2022.07.03-16.36.19:459][  0]LogPakFile: PakFile PrimaryIndexSize=186
[2022.07.03-16.36.19:459][  0]LogPakFile: PakFile PathHashIndexSize=101
[2022.07.03-16.36.19:459][  0]LogPakFile: PakFile FullDirectoryIndexSize=146
[2022.07.03-16.36.19:459][  0]LogShaderLibrary: Display: ShaderCodeLibraryPakFileMountedCallback: PakFile 'C:/Program Files/Epic Games/UE_4.27/FeaturePacks/TP_VehicleAdv.upack' (chunk index -1, root 'root:/') mounted
[2022.07.03-16.36.19:459][  0]LogShaderLibrary: Display: ShaderCodeLibraryPakFileMountedCallback: pending pak file info (ChunkID:-1 Root:root:/ File:C:/Program Files/Epic Games/UE_4.27/FeaturePacks/TP_VehicleAdv.upack)
[2022.07.03-16.36.19:459][  0]LogPakFile: OnPakFileMounted2Time == 0.000091
[2022.07.03-16.36.19:460][  0]LogPakFile: PakFile PrimaryIndexSize=188
[2022.07.03-16.36.19:460][  0]LogPakFile: PakFile PathHashIndexSize=101
[2022.07.03-16.36.19:460][  0]LogPakFile: PakFile FullDirectoryIndexSize=150
[2022.07.03-16.36.19:460][  0]LogShaderLibrary: Display: ShaderCodeLibraryPakFileMountedCallback: PakFile 'C:/Program Files/Epic Games/UE_4.27/FeaturePacks/TP_VehicleAdvBP.upack' (chunk index -1, root 'root:/') mounted
[2022.07.03-16.36.19:460][  0]LogShaderLibrary: Display: ShaderCodeLibraryPakFileMountedCallback: pending pak file info (ChunkID:-1 Root:root:/ File:C:/Program Files/Epic Games/UE_4.27/FeaturePacks/TP_VehicleAdvBP.upack)
[2022.07.03-16.36.19:460][  0]LogPakFile: OnPakFileMounted2Time == 0.000085
[2022.07.03-16.36.19:461][  0]LogPakFile: PakFile PrimaryIndexSize=185
[2022.07.03-16.36.19:461][  0]LogPakFile: PakFile PathHashIndexSize=101
[2022.07.03-16.36.19:461][  0]LogPakFile: PakFile FullDirectoryIndexSize=144
[2022.07.03-16.36.19:461][  0]LogShaderLibrary: Display: ShaderCodeLibraryPakFileMountedCallback: PakFile 'C:/Program Files/Epic Games/UE_4.27/FeaturePacks/TP_VehicleBP.upack' (chunk index -1, root 'root:/') mounted
[2022.07.03-16.36.19:461][  0]LogShaderLibrary: Display: ShaderCodeLibraryPakFileMountedCallback: pending pak file info (ChunkID:-1 Root:root:/ File:C:/Program Files/Epic Games/UE_4.27/FeaturePacks/TP_VehicleBP.upack)
[2022.07.03-16.36.19:461][  0]LogPakFile: OnPakFileMounted2Time == 0.000088
[2022.07.03-16.36.19:462][  0]LogPakFile: PakFile PrimaryIndexSize=192
[2022.07.03-16.36.19:462][  0]LogPakFile: PakFile PathHashIndexSize=101
[2022.07.03-16.36.19:462][  0]LogPakFile: PakFile FullDirectoryIndexSize=158
[2022.07.03-16.36.19:462][  0]LogShaderLibrary: Display: ShaderCodeLibraryPakFileMountedCallback: PakFile 'C:/Program Files/Epic Games/UE_4.27/FeaturePacks/TP_VirtualRealityBP.upack' (chunk index -1, root 'root:/') mounted
[2022.07.03-16.36.19:462][  0]LogShaderLibrary: Display: ShaderCodeLibraryPakFileMountedCallback: pending pak file info (ChunkID:-1 Root:root:/ File:C:/Program Files/Epic Games/UE_4.27/FeaturePacks/TP_VirtualRealityBP.upack)
[2022.07.03-16.36.19:463][  0]LogPakFile: OnPakFileMounted2Time == 0.000082
[2022.07.03-16.36.19:580][  0]LogNativeClassHierarchy: Verbose: Native class hierarchy updated for 'AddContentDialog' in 0.0007 seconds. Added 0 classes and 0 folders.
[2022.07.03-16.36.19:583][  0]LogNativeClassHierarchy: Verbose: Native class hierarchy updated for 'SceneOutliner' in 0.0007 seconds. Added 2 classes and 0 folders.
[2022.07.03-16.36.19:759][  0]LogSlate: Took 0.000445 seconds to synchronously load lazily loaded font '../../../Engine/Content/Slate/Fonts/Roboto-Regular.ttf' (155K)
[2022.07.03-16.36.19:762][  0]LogSlate: Took 0.001086 seconds to synchronously load lazily loaded font '../../../Engine/Content/Editor/Slate/Fonts/FontAwesome.ttf' (139K)
[2022.07.03-16.36.19:765][  0]LogSlate: Took 0.000429 seconds to synchronously load lazily loaded font '../../../Engine/Content/Slate/Fonts/Roboto-Bold.ttf' (160K)
[2022.07.03-16.36.19:942][  0]LogRenderer: Reallocating scene render targets to support 1020x364 Format 10 NumSamples 1 (Frame:1).
[2022.07.03-16.36.20:264][  0]LogNativeClassHierarchy: Verbose: Native class hierarchy updated for 'HierarchicalLODOutliner' in 0.0005 seconds. Added 0 classes and 0 folders.
[2022.07.03-16.36.20:264][  0]LogLoad: (Engine Initialization) Total time: 15.89 seconds
[2022.07.03-16.36.20:265][  0]LogLoad: (Engine Initialization) Total Blueprint compile time: 0.00 seconds
[2022.07.03-16.36.20:290][  0]LogLinker: Warning: Failed to load '/Engine/BasicShapes/Cube': Can't find file.
[2022.07.03-16.36.20:290][  0]LogLinker: Warning: Failed to load '/Engine/BasicShapes/Cube': Can't find file.
[2022.07.03-16.36.20:291][  0]LogUObjectGlobals: Warning: Failed to find object 'StaticMesh /Engine/BasicShapes/Cube.Cube'
[2022.07.03-16.36.20:340][  0]LogContentStreaming: Texture pool size now 1000 MB
[2022.07.03-16.36.20:407][  1]LogAssetRegistry: Asset discovery search completed in 9.6940 seconds
[2022.07.03-16.36.20:419][  1]LogCollectionManager: Fixed up redirectors for 0 collections in 0.000006 seconds (updated 0 objects)
